#
# There is insufficient memory for the Java Runtime Environment to continue.
# Native memory allocation (malloc) failed to allocate 96336 bytes. Error detail: Chunk::new
# Possible reasons:
#   The system is out of physical RAM or swap space
#   This process is running with CompressedOops enabled, and the Java Heap may be blocking the growth of the native heap
# Possible solutions:
#   Reduce memory load on the system
#   Increase physical memory or swap space
#   Check if swap backing store is full
#   Decrease Java heap size (-Xmx/-Xms)
#   Decrease number of Java threads
#   Decrease Java thread stack sizes (-Xss)
#   Set larger code cache with -XX:ReservedCodeCacheSize=
#   JVM is running with Unscaled Compressed Oops mode in which the Java heap is
#     placed in the first 4GB address space. The Java Heap base address is the
#     maximum limit for the native heap growth. Please use -XX:HeapBaseMinAddress
#     to set the Java Heap base and to place the Java Heap above 4GB virtual address.
# This output file may be truncated or incomplete.
#
#  Out of Memory Error (arena.cpp:191), pid=14664, tid=20028
#
# JRE version: OpenJDK Runtime Environment Temurin-17.0.13+11 (17.0.13+11) (build 17.0.13+11)
# Java VM: OpenJDK 64-Bit Server VM Temurin-17.0.13+11 (17.0.13+11, mixed mode, tiered, compressed oops, compressed class ptrs, parallel gc, windows-amd64)
# No core dump will be written. Minidumps are not enabled by default on client versions of Windows
#

---------------  S U M M A R Y ------------

Command Line: --add-modules=ALL-SYSTEM --add-opens=java.base/java.util=ALL-UNNAMED --add-opens=java.base/java.lang=ALL-UNNAMED --add-opens=java.base/sun.nio.fs=ALL-UNNAMED -Declipse.application=org.eclipse.jdt.ls.core.id1 -Dosgi.bundles.defaultStartLevel=4 -Declipse.product=org.eclipse.jdt.ls.core.product -Djava.import.generatesMetadataFilesAtProjectRoot=false -DDetectVMInstallationsJob.disabled=true -Dfile.encoding=utf8 -XX:+UseParallelGC -XX:GCTimeRatio=4 -XX:AdaptiveSizePolicyWeight=90 -Dsun.zip.disableMemoryMapping=true -Xmx1G -Xms100m -Xlog:disable -javaagent:c:\Users\denis\.vscode\extensions\redhat.java-1.37.0-win32-x64\lombok\lombok-1.18.34.jar -XX:+HeapDumpOnOutOfMemoryError -XX:HeapDumpPath=c:\Users\denis\AppData\Roaming\Code\User\workspaceStorage\be03f7eedefe8e7533f769af1510a591\redhat.java -Daether.dependencyCollector.impl=bf c:\Users\denis\.vscode\extensions\redhat.java-1.37.0-win32-x64\server\plugins\org.eclipse.equinox.launcher_1.6.900.v20240613-2009.jar -configuration c:\Users\denis\AppData\Roaming\Code\User\globalStorage\redhat.java\1.37.0\config_win -data c:\Users\denis\AppData\Roaming\Code\User\workspaceStorage\be03f7eedefe8e7533f769af1510a591\redhat.java\jdt_ws --pipe=\\.\pipe\lsp-7ba971c7dcb79be169cd88b19075178e-sock

Host: AMD Ryzen 5 5600X 6-Core Processor             , 12 cores, 15G,  Windows 11 , 64 bit Build 22621 (10.0.22621.4391)
Time: Tue Dec 17 20:59:39 2024 RTZ 2 (s 11 , 64 bit Build 22621 (10.0.22621.4391) elapsed time: 31.055058 seconds (0d 0h 0m 31s)

---------------  T H R E A D  ---------------

Current thread (0x000001dd78d8df70):  JavaThread "C2 CompilerThread0" daemon [_thread_in_native, id=20028, stack(0x000000acbef00000,0x000000acbf000000)]


Current CompileTask:
C2:  31055 8026       4       java.util.ArrayList::hashCodeRange (68 bytes)

Stack: [0x000000acbef00000,0x000000acbf000000]
Native frames: (J=compiled Java code, j=interpreted, Vv=VM code, C=native code)
V  [jvm.dll+0x682a19]
V  [jvm.dll+0x839538]
V  [jvm.dll+0x83afe3]
V  [jvm.dll+0x83b653]
V  [jvm.dll+0x24704f]
V  [jvm.dll+0xace34]
V  [jvm.dll+0xad4cc]
V  [jvm.dll+0x36592f]
V  [jvm.dll+0x32fbd8]
V  [jvm.dll+0x32f05a]
V  [jvm.dll+0x21804f]
V  [jvm.dll+0x21748f]
V  [jvm.dll+0x1a3070]
V  [jvm.dll+0x22788c]
V  [jvm.dll+0x2259eb]
V  [jvm.dll+0x7eec98]
V  [jvm.dll+0x7e8ffc]
V  [jvm.dll+0x6818f7]
C  [ucrtbase.dll+0x29333]
C  [KERNEL32.DLL+0x1259d]
C  [ntdll.dll+0x5af38]


---------------  P R O C E S S  ---------------

Threads class SMR info:
_java_thread_list=0x000001dd7e15eed0, length=52, elements={
0x000001dd5fbf19f0, 0x000001dd78d46020, 0x000001dd78d47290, 0x000001dd78d857a0,
0x000001dd78d86170, 0x000001dd78d874d0, 0x000001dd78d88830, 0x000001dd78d8df70,
0x000001dd78d95150, 0x000001dd78d96240, 0x000001dd5fc55b50, 0x000001dd7a414ad0,
0x000001dd7adcacd0, 0x000001dd7acdf290, 0x000001dd7ad50320, 0x000001dd7b0413a0,
0x000001dd7b39f7c0, 0x000001dd7ad469d0, 0x000001dd7ad45590, 0x000001dd7ad45aa0,
0x000001dd7ad464c0, 0x000001dd7ad48830, 0x000001dd7ad47e10, 0x000001dd7ad45080,
0x000001dd7ad48320, 0x000001dd7ad46ee0, 0x000001dd7ad473f0, 0x000001dd7c42a800,
0x000001dd7c4289a0, 0x000001dd7c428490, 0x000001dd7c42bc40, 0x000001dd7c427560,
0x000001dd7c42ad10, 0x000001dd7c427a70, 0x000001dd7c42c150, 0x000001dd7c42b220,
0x000001dd7c428eb0, 0x000001dd7c426120, 0x000001dd7c42b730, 0x000001dd7c429de0,
0x000001dd7c426630, 0x000001dd7c426b40, 0x000001dd7c4293c0, 0x000001dd7c4298d0,
0x000001dd7c42d590, 0x000001dd7ad45fb0, 0x000001dd7df3b670, 0x000001dd7df36060,
0x000001dd7df3d9e0, 0x000001dd7df38df0, 0x000001dd7c71e420, 0x000001dd7c71f410
}

Java Threads: ( => current thread )
  0x000001dd5fbf19f0 JavaThread "main" [_thread_blocked, id=7868, stack(0x000000acbe600000,0x000000acbe700000)]
  0x000001dd78d46020 JavaThread "Reference Handler" daemon [_thread_blocked, id=13812, stack(0x000000acbe900000,0x000000acbea00000)]
  0x000001dd78d47290 JavaThread "Finalizer" daemon [_thread_blocked, id=7184, stack(0x000000acbea00000,0x000000acbeb00000)]
  0x000001dd78d857a0 JavaThread "Signal Dispatcher" daemon [_thread_blocked, id=17708, stack(0x000000acbeb00000,0x000000acbec00000)]
  0x000001dd78d86170 JavaThread "Attach Listener" daemon [_thread_blocked, id=18532, stack(0x000000acbec00000,0x000000acbed00000)]
  0x000001dd78d874d0 JavaThread "Service Thread" daemon [_thread_blocked, id=1876, stack(0x000000acbed00000,0x000000acbee00000)]
  0x000001dd78d88830 JavaThread "Monitor Deflation Thread" daemon [_thread_blocked, id=8116, stack(0x000000acbee00000,0x000000acbef00000)]
=>0x000001dd78d8df70 JavaThread "C2 CompilerThread0" daemon [_thread_in_native, id=20028, stack(0x000000acbef00000,0x000000acbf000000)]
  0x000001dd78d95150 JavaThread "C1 CompilerThread0" daemon [_thread_in_vm, id=6812, stack(0x000000acbf000000,0x000000acbf100000)]
  0x000001dd78d96240 JavaThread "Sweeper thread" daemon [_thread_blocked, id=2596, stack(0x000000acbf100000,0x000000acbf200000)]
  0x000001dd5fc55b50 JavaThread "Common-Cleaner" daemon [_thread_blocked, id=21204, stack(0x000000acbf200000,0x000000acbf300000)]
  0x000001dd7a414ad0 JavaThread "Notification Thread" daemon [_thread_blocked, id=7540, stack(0x000000acbf400000,0x000000acbf500000)]
  0x000001dd7adcacd0 JavaThread "Active Thread: Equinox Container: 03d7058a-4c6d-414b-8dfd-18a4f5db2fc5" [_thread_in_Java, id=19560, stack(0x000000acbfd00000,0x000000acbfe00000)]
  0x000001dd7acdf290 JavaThread "Refresh Thread: Equinox Container: 03d7058a-4c6d-414b-8dfd-18a4f5db2fc5" daemon [_thread_blocked, id=10512, stack(0x000000acbfe00000,0x000000acbff00000)]
  0x000001dd7ad50320 JavaThread "Framework Event Dispatcher: Equinox Container: 03d7058a-4c6d-414b-8dfd-18a4f5db2fc5" daemon [_thread_blocked, id=17216, stack(0x000000acbff00000,0x000000acc0000000)]
  0x000001dd7b0413a0 JavaThread "Start Level: Equinox Container: 03d7058a-4c6d-414b-8dfd-18a4f5db2fc5" daemon [_thread_blocked, id=16300, stack(0x000000acc0000000,0x000000acc0100000)]
  0x000001dd7b39f7c0 JavaThread "Bundle File Closer" daemon [_thread_blocked, id=10228, stack(0x000000acc0200000,0x000000acc0300000)]
  0x000001dd7ad469d0 JavaThread "SCR Component Actor" daemon [_thread_blocked, id=3236, stack(0x000000acc0500000,0x000000acc0600000)]
  0x000001dd7ad45590 JavaThread "Worker-JM" [_thread_blocked, id=17696, stack(0x000000acc0700000,0x000000acc0800000)]
  0x000001dd7ad45aa0 JavaThread "JNA Cleaner" daemon [_thread_blocked, id=2528, stack(0x000000acbf300000,0x000000acbf400000)]
  0x000001dd7ad464c0 JavaThread "Worker-0" [_thread_blocked, id=19876, stack(0x000000acbf600000,0x000000acbf700000)]
  0x000001dd7ad48830 JavaThread "Worker-1: Initialize workspace" [_thread_blocked, id=4320, stack(0x000000acc0800000,0x000000acc0900000)]
  0x000001dd7ad47e10 JavaThread "Java indexing" daemon [_thread_in_Java, id=14260, stack(0x000000acc0b00000,0x000000acc0c00000)]
  0x000001dd7ad45080 JavaThread "Worker-2" [_thread_blocked, id=13424, stack(0x000000acc0e00000,0x000000acc0f00000)]
  0x000001dd7ad48320 JavaThread "Worker-3: Initialize Workspace" [_thread_blocked, id=20704, stack(0x000000acc0f00000,0x000000acc1000000)]
  0x000001dd7ad46ee0 JavaThread "Thread-2" daemon [_thread_in_native, id=10488, stack(0x000000acc1000000,0x000000acc1100000)]
  0x000001dd7ad473f0 JavaThread "Thread-3" daemon [_thread_in_native, id=8072, stack(0x000000acc1100000,0x000000acc1200000)]
  0x000001dd7c42a800 JavaThread "Thread-4" daemon [_thread_in_native, id=17716, stack(0x000000acc1200000,0x000000acc1300000)]
  0x000001dd7c4289a0 JavaThread "Thread-5" daemon [_thread_in_native, id=8820, stack(0x000000acc1300000,0x000000acc1400000)]
  0x000001dd7c428490 JavaThread "Thread-6" daemon [_thread_in_native, id=21500, stack(0x000000acc1400000,0x000000acc1500000)]
  0x000001dd7c42bc40 JavaThread "Thread-7" daemon [_thread_in_native, id=13596, stack(0x000000acc1500000,0x000000acc1600000)]
  0x000001dd7c427560 JavaThread "Thread-8" daemon [_thread_in_native, id=16952, stack(0x000000acc1600000,0x000000acc1700000)]
  0x000001dd7c42ad10 JavaThread "Thread-9" daemon [_thread_in_native, id=13172, stack(0x000000acc1700000,0x000000acc1800000)]
  0x000001dd7c427a70 JavaThread "Thread-10" daemon [_thread_in_native, id=9000, stack(0x000000acc1800000,0x000000acc1900000)]
  0x000001dd7c42c150 JavaThread "Thread-11" daemon [_thread_in_native, id=20416, stack(0x000000acc1900000,0x000000acc1a00000)]
  0x000001dd7c42b220 JavaThread "Thread-12" daemon [_thread_in_native, id=5212, stack(0x000000acc1a00000,0x000000acc1b00000)]
  0x000001dd7c428eb0 JavaThread "Thread-13" daemon [_thread_in_native, id=17560, stack(0x000000acc1b00000,0x000000acc1c00000)]
  0x000001dd7c426120 JavaThread "Thread-14" daemon [_thread_in_native, id=5344, stack(0x000000acc1c00000,0x000000acc1d00000)]
  0x000001dd7c42b730 JavaThread "pool-2-thread-1" [_thread_blocked, id=16768, stack(0x000000acc1d00000,0x000000acc1e00000)]
  0x000001dd7c429de0 JavaThread "WorkspaceEventsHandler" [_thread_blocked, id=11224, stack(0x000000acc1e00000,0x000000acc1f00000)]
  0x000001dd7c426630 JavaThread "pool-1-thread-1" [_thread_in_vm, id=14204, stack(0x000000acc1f00000,0x000000acc2000000)]
  0x000001dd7c426b40 JavaThread "Worker-4: Java indexing... " [_thread_blocked, id=8456, stack(0x000000acc2000000,0x000000acc2100000)]
  0x000001dd7c4293c0 JavaThread "Worker-5" [_thread_blocked, id=5452, stack(0x000000acc2100000,0x000000acc2200000)]
  0x000001dd7c4298d0 JavaThread "Timer-0" [_thread_blocked, id=20920, stack(0x000000acc2200000,0x000000acc2300000)]
  0x000001dd7c42d590 JavaThread "Exec process" [_thread_blocked, id=18144, stack(0x000000acc2400000,0x000000acc2500000)]
  0x000001dd7ad45fb0 JavaThread "Exec process Thread 2" [_thread_blocked, id=3680, stack(0x000000acc2500000,0x000000acc2600000)]
  0x000001dd7df3b670 JavaThread "Exec process Thread 3" [_thread_blocked, id=17412, stack(0x000000acc2600000,0x000000acc2700000)]
  0x000001dd7df36060 JavaThread "Timer-1" [_thread_blocked, id=18924, stack(0x000000acc2300000,0x000000acc2400000)]
  0x000001dd7df3d9e0 JavaThread "Timer-2" [_thread_blocked, id=21236, stack(0x000000acc2700000,0x000000acc2800000)]
  0x000001dd7df38df0 JavaThread "Timer-3" [_thread_blocked, id=7844, stack(0x000000acc2800000,0x000000acc2900000)]
  0x000001dd7c71e420 JavaThread "C2 CompilerThread1" daemon [_thread_in_native, id=17492, stack(0x000000acc0600000,0x000000acc0700000)]
  0x000001dd7c71f410 JavaThread "C2 CompilerThread2" daemon [_thread_in_native, id=14492, stack(0x000000acc0900000,0x000000acc0a00000)]

Other Threads:
  0x000001dd78d31fd0 VMThread "VM Thread" [stack: 0x000000acbe800000,0x000000acbe900000] [id=19716]
  0x000001dd79089e80 WatcherThread [stack: 0x000000acbf500000,0x000000acbf600000] [id=18416]
  0x000001dd5fc06ee0 GCTaskThread "GC Thread#0" [stack: 0x000000acbe700000,0x000000acbe800000] [id=6820]
  0x000001dd7a73a880 GCTaskThread "GC Thread#1" [stack: 0x000000acbf700000,0x000000acbf800000] [id=13276]
  0x000001dd7a73ab40 GCTaskThread "GC Thread#2" [stack: 0x000000acbf800000,0x000000acbf900000] [id=6496]
  0x000001dd7aa570a0 GCTaskThread "GC Thread#3" [stack: 0x000000acbf900000,0x000000acbfa00000] [id=2924]
  0x000001dd7a652770 GCTaskThread "GC Thread#4" [stack: 0x000000acbfa00000,0x000000acbfb00000] [id=18744]
  0x000001dd7a652a30 GCTaskThread "GC Thread#5" [stack: 0x000000acbfb00000,0x000000acbfc00000] [id=4016]
  0x000001dd7a653100 GCTaskThread "GC Thread#6" [stack: 0x000000acbfc00000,0x000000acbfd00000] [id=18396]
  0x000001dd7b0f17f0 GCTaskThread "GC Thread#7" [stack: 0x000000acc0100000,0x000000acc0200000] [id=3748]
  0x000001dd7b0f01f0 GCTaskThread "GC Thread#8" [stack: 0x000000acc0300000,0x000000acc0400000] [id=8948]
  0x000001dd7b0f04b0 GCTaskThread "GC Thread#9" [stack: 0x000000acc0400000,0x000000acc0500000] [id=18712]

Threads with active compile tasks:
C2 CompilerThread0    31069 8026       4       java.util.ArrayList::hashCodeRange (68 bytes)
C2 CompilerThread1    31069 8039       4       java.util.HashMap::getNode (150 bytes)
C2 CompilerThread2    31069 7991       4       org.eclipse.jdt.internal.core.search.indexing.AbstractIndexer::addTypeDeclaration (109 bytes)

VM state: not at safepoint (normal execution)

VM Mutex/Monitor currently owned by a thread: None

Heap address: 0x00000000c0000000, size: 1024 MB, Compressed Oops mode: 32-bit

CDS archive(s) not mapped
Compressed class space mapped at: 0x0000000100000000-0x0000000140000000, reserved size: 1073741824
Narrow klass base: 0x0000000000000000, Narrow klass shift: 3, Narrow klass range: 0x140000000

GC Precious Log:
 CPUs: 12 total, 12 available
 Memory: 16307M
 Large Page Support: Disabled
 NUMA Support: Disabled
 Compressed Oops: Enabled (32-bit)
 Alignments: Space 512K, Generation 512K, Heap 2M
 Heap Min Capacity: 100M
 Heap Initial Capacity: 100M
 Heap Max Capacity: 1G
 Pre-touch: Disabled
 Parallel Workers: 10

Heap:
 PSYoungGen      total 44032K, used 36276K [0x00000000eab00000, 0x00000000ee080000, 0x0000000100000000)
  eden space 37376K, 79% used [0x00000000eab00000,0x00000000ec7f07f0,0x00000000ecf80000)
  from space 6656K, 99% used [0x00000000ed780000,0x00000000eddfe190,0x00000000ede00000)
  to   space 8192K, 0% used [0x00000000ecf80000,0x00000000ecf80000,0x00000000ed780000)
 ParOldGen       total 699392K, used 230603K [0x00000000c0000000, 0x00000000eab00000, 0x00000000eab00000)
  object space 699392K, 32% used [0x00000000c0000000,0x00000000ce132d20,0x00000000eab00000)
 Metaspace       used 67321K, committed 68544K, reserved 1114112K
  class space    used 7734K, committed 8256K, reserved 1048576K

Card table byte_map: [0x000001dd5f580000,0x000001dd5f790000] _byte_map_base: 0x000001dd5ef80000

Marking Bits: (ParMarkBitMap*) 0x00007ff8dd336940
 Begin Bits: [0x000001dd71880000, 0x000001dd72880000)
 End Bits:   [0x000001dd72880000, 0x000001dd73880000)

Polling page: 0x000001dd5db70000

Metaspace:

Usage:
  Non-class:     58.19 MB used.
      Class:      7.55 MB used.
       Both:     65.74 MB used.

Virtual space:
  Non-class space:       64.00 MB reserved,      58.88 MB ( 92%) committed,  1 nodes.
      Class space:        1.00 GB reserved,       8.06 MB ( <1%) committed,  1 nodes.
             Both:        1.06 GB reserved,      66.94 MB (  6%) committed. 

Chunk freelists:
   Non-Class:  4.41 MB
       Class:  7.93 MB
        Both:  12.34 MB

MaxMetaspaceSize: unlimited
CompressedClassSpaceSize: 1.00 GB
Initial GC threshold: 21.00 MB
Current GC threshold: 110.62 MB
CDS: off
MetaspaceReclaimPolicy: balanced
 - commit_granule_bytes: 65536.
 - commit_granule_words: 8192.
 - virtual_space_node_default_size: 8388608.
 - enlarge_chunks_in_place: 1.
 - new_chunks_are_fully_committed: 0.
 - uncommit_free_chunks: 1.
 - use_allocation_guard: 0.
 - handle_deallocations: 1.


Internal statistics:

num_allocs_failed_limit: 6.
num_arena_births: 662.
num_arena_deaths: 14.
num_vsnodes_births: 2.
num_vsnodes_deaths: 0.
num_space_committed: 1071.
num_space_uncommitted: 0.
num_chunks_returned_to_freelist: 20.
num_chunks_taken_from_freelist: 3256.
num_chunk_merges: 10.
num_chunk_splits: 2095.
num_chunks_enlarged: 1345.
num_inconsistent_stats: 0.

CodeHeap 'non-profiled nmethods': size=120000Kb used=4537Kb max_used=4537Kb free=115462Kb
 bounds [0x000001dd6a350000, 0x000001dd6a7c0000, 0x000001dd71880000]
CodeHeap 'profiled nmethods': size=120000Kb used=11610Kb max_used=13343Kb free=108389Kb
 bounds [0x000001dd62880000, 0x000001dd635d0000, 0x000001dd69db0000]
CodeHeap 'non-nmethods': size=5760Kb used=1338Kb max_used=1430Kb free=4421Kb
 bounds [0x000001dd69db0000, 0x000001dd6a020000, 0x000001dd6a350000]
 total_blobs=7059 nmethods=6381 adapters=592
 compilation: enabled
              stopped_count=0, restarted_count=0
 full_count=0

Compilation events (20 events):
Event: 31.039 Thread 0x000001dd78d95150 nmethod 7994 0x000001dd62aaef10 code [0x000001dd62aaf0c0, 0x000001dd62aaf268]
Event: 31.039 Thread 0x000001dd78d95150 8011       3       org.eclipse.jdt.internal.compiler.parser.Parser::consumeRule (7871 bytes)
Event: 31.040 Thread 0x000001dd7c71e420 nmethod 7995% 0x000001dd6a7b7090 code [0x000001dd6a7b7240, 0x000001dd6a7b7678]
Event: 31.040 Thread 0x000001dd7c71e420 7977       4       java.io.DataOutputStream::writeUTF (411 bytes)
Event: 31.041 Thread 0x000001dd7c71f410 nmethod 7986 0x000001dd6a7b7990 code [0x000001dd6a7b7b20, 0x000001dd6a7b8038]
Event: 31.041 Thread 0x000001dd7c71f410 7987       4       java.util.Objects::hashCode (13 bytes)
Event: 31.041 Thread 0x000001dd7c71f410 nmethod 7987 0x000001dd6a7b8310 code [0x000001dd6a7b8480, 0x000001dd6a7b8558]
Event: 31.041 Thread 0x000001dd7c71f410 7991       4       org.eclipse.jdt.internal.core.search.indexing.AbstractIndexer::addTypeDeclaration (109 bytes)
Event: 31.043 Thread 0x000001dd78d8df70 nmethod 7968 0x000001dd6a7b8610 code [0x000001dd6a7b8800, 0x000001dd6a7b9698]
Event: 31.043 Thread 0x000001dd78d8df70 7999       4       java.util.Collections$UnmodifiableCollection::<init> (22 bytes)
Event: 31.043 Thread 0x000001dd78d8df70 nmethod 7999 0x000001dd6a7b9d90 code [0x000001dd6a7b9f00, 0x000001dd6a7b9fb8]
Event: 31.043 Thread 0x000001dd78d8df70 8012       4       java.util.Collections$UnmodifiableMap$UnmodifiableEntrySet$1::hasNext (10 bytes)
Event: 31.044 Thread 0x000001dd78d8df70 nmethod 8012 0x000001dd6a7ba090 code [0x000001dd6a7ba220, 0x000001dd6a7ba318]
Event: 31.044 Thread 0x000001dd78d8df70 8021       4       java.io.DataOutputStream::incCount (20 bytes)
Event: 31.044 Thread 0x000001dd78d8df70 nmethod 8021 0x000001dd6a7ba410 code [0x000001dd6a7ba580, 0x000001dd6a7ba618]
Event: 31.045 Thread 0x000001dd78d8df70 7971       4       java.lang.invoke.Invokers$Holder::linkToTargetMethod (10 bytes)
Event: 31.045 Thread 0x000001dd78d8df70 nmethod 7971 0x000001dd6a7ba710 code [0x000001dd6a7ba8a0, 0x000001dd6a7ba978]
Event: 31.045 Thread 0x000001dd78d8df70 8022  s    4       java.io.BufferedOutputStream::write (67 bytes)
Event: 31.047 Thread 0x000001dd78d8df70 nmethod 8022 0x000001dd6a7baa90 code [0x000001dd6a7bac20, 0x000001dd6a7bb038]
Event: 31.047 Thread 0x000001dd78d8df70 8026       4       java.util.ArrayList::hashCodeRange (68 bytes)

GC Heap History (20 events):
Event: 30.613 GC heap before
{Heap before GC invocations=630 (full 544):
 PSYoungGen      total 44032K, used 37375K [0x00000000eab00000, 0x00000000ee080000, 0x0000000100000000)
  eden space 37376K, 99% used [0x00000000eab00000,0x00000000ecf7fff0,0x00000000ecf80000)
  from space 6656K, 0% used [0x00000000ed780000,0x00000000ed780000,0x00000000ede00000)
  to   space 8192K, 0% used [0x00000000ecf80000,0x00000000ecf80000,0x00000000ed780000)
 ParOldGen       total 198656K, used 198562K [0x00000000c0000000, 0x00000000cc200000, 0x00000000eab00000)
  object space 198656K, 99% used [0x00000000c0000000,0x00000000cc1e8af0,0x00000000cc200000)
 Metaspace       used 66790K, committed 67968K, reserved 1114112K
  class space    used 7706K, committed 8192K, reserved 1048576K
}
Event: 30.652 GC heap after
{Heap after GC invocations=630 (full 544):
 PSYoungGen      total 45568K, used 37375K [0x00000000eab00000, 0x00000000ee080000, 0x0000000100000000)
  eden space 37376K, 99% used [0x00000000eab00000,0x00000000ecf7fe28,0x00000000ecf80000)
  from space 8192K, 0% used [0x00000000ecf80000,0x00000000ecf80000,0x00000000ed780000)
  to   space 6656K, 0% used [0x00000000ed780000,0x00000000ed780000,0x00000000ede00000)
 ParOldGen       total 198656K, used 198562K [0x00000000c0000000, 0x00000000cc200000, 0x00000000eab00000)
  object space 198656K, 99% used [0x00000000c0000000,0x00000000cc1e8ac8,0x00000000cc200000)
 Metaspace       used 66790K, committed 67968K, reserved 1114112K
  class space    used 7706K, committed 8192K, reserved 1048576K
}
Event: 30.652 GC heap before
{Heap before GC invocations=631 (full 545):
 PSYoungGen      total 45568K, used 37375K [0x00000000eab00000, 0x00000000ee080000, 0x0000000100000000)
  eden space 37376K, 99% used [0x00000000eab00000,0x00000000ecf7ffe8,0x00000000ecf80000)
  from space 8192K, 0% used [0x00000000ecf80000,0x00000000ecf80000,0x00000000ed780000)
  to   space 6656K, 0% used [0x00000000ed780000,0x00000000ed780000,0x00000000ede00000)
 ParOldGen       total 198656K, used 198562K [0x00000000c0000000, 0x00000000cc200000, 0x00000000eab00000)
  object space 198656K, 99% used [0x00000000c0000000,0x00000000cc1e8ac8,0x00000000cc200000)
 Metaspace       used 66790K, committed 67968K, reserved 1114112K
  class space    used 7706K, committed 8192K, reserved 1048576K
}
Event: 30.692 GC heap after
{Heap after GC invocations=631 (full 545):
 PSYoungGen      total 44032K, used 37375K [0x00000000eab00000, 0x00000000ee080000, 0x0000000100000000)
  eden space 37376K, 99% used [0x00000000eab00000,0x00000000ecf7feb8,0x00000000ecf80000)
  from space 6656K, 0% used [0x00000000ed780000,0x00000000ed780000,0x00000000ede00000)
  to   space 8192K, 0% used [0x00000000ecf80000,0x00000000ecf80000,0x00000000ed780000)
 ParOldGen       total 198656K, used 198562K [0x00000000c0000000, 0x00000000cc200000, 0x00000000eab00000)
  object space 198656K, 99% used [0x00000000c0000000,0x00000000cc1e8ac8,0x00000000cc200000)
 Metaspace       used 66790K, committed 67968K, reserved 1114112K
  class space    used 7706K, committed 8192K, reserved 1048576K
}
Event: 30.692 GC heap before
{Heap before GC invocations=632 (full 546):
 PSYoungGen      total 44032K, used 37376K [0x00000000eab00000, 0x00000000ee080000, 0x0000000100000000)
  eden space 37376K, 100% used [0x00000000eab00000,0x00000000ecf80000,0x00000000ecf80000)
  from space 6656K, 0% used [0x00000000ed780000,0x00000000ed780000,0x00000000ede00000)
  to   space 8192K, 0% used [0x00000000ecf80000,0x00000000ecf80000,0x00000000ed780000)
 ParOldGen       total 198656K, used 198562K [0x00000000c0000000, 0x00000000cc200000, 0x00000000eab00000)
  object space 198656K, 99% used [0x00000000c0000000,0x00000000cc1e8ac8,0x00000000cc200000)
 Metaspace       used 66790K, committed 67968K, reserved 1114112K
  class space    used 7706K, committed 8192K, reserved 1048576K
}
Event: 30.731 GC heap after
{Heap after GC invocations=632 (full 546):
 PSYoungGen      total 45568K, used 37375K [0x00000000eab00000, 0x00000000ee080000, 0x0000000100000000)
  eden space 37376K, 99% used [0x00000000eab00000,0x00000000ecf7ff00,0x00000000ecf80000)
  from space 8192K, 0% used [0x00000000ecf80000,0x00000000ecf80000,0x00000000ed780000)
  to   space 6656K, 0% used [0x00000000ed780000,0x00000000ed780000,0x00000000ede00000)
 ParOldGen       total 198656K, used 198562K [0x00000000c0000000, 0x00000000cc200000, 0x00000000eab00000)
  object space 198656K, 99% used [0x00000000c0000000,0x00000000cc1e8a38,0x00000000cc200000)
 Metaspace       used 66790K, committed 67968K, reserved 1114112K
  class space    used 7706K, committed 8192K, reserved 1048576K
}
Event: 30.731 GC heap before
{Heap before GC invocations=633 (full 547):
 PSYoungGen      total 45568K, used 37376K [0x00000000eab00000, 0x00000000ee080000, 0x0000000100000000)
  eden space 37376K, 100% used [0x00000000eab00000,0x00000000ecf80000,0x00000000ecf80000)
  from space 8192K, 0% used [0x00000000ecf80000,0x00000000ecf80000,0x00000000ed780000)
  to   space 6656K, 0% used [0x00000000ed780000,0x00000000ed780000,0x00000000ede00000)
 ParOldGen       total 198656K, used 198562K [0x00000000c0000000, 0x00000000cc200000, 0x00000000eab00000)
  object space 198656K, 99% used [0x00000000c0000000,0x00000000cc1e8a38,0x00000000cc200000)
 Metaspace       used 66790K, committed 67968K, reserved 1114112K
  class space    used 7706K, committed 8192K, reserved 1048576K
}
Event: 30.770 GC heap after
{Heap after GC invocations=633 (full 547):
 PSYoungGen      total 44032K, used 37375K [0x00000000eab00000, 0x00000000ee080000, 0x0000000100000000)
  eden space 37376K, 99% used [0x00000000eab00000,0x00000000ecf7ff00,0x00000000ecf80000)
  from space 6656K, 0% used [0x00000000ed780000,0x00000000ed780000,0x00000000ede00000)
  to   space 8192K, 0% used [0x00000000ecf80000,0x00000000ecf80000,0x00000000ed780000)
 ParOldGen       total 198656K, used 198562K [0x00000000c0000000, 0x00000000cc200000, 0x00000000eab00000)
  object space 198656K, 99% used [0x00000000c0000000,0x00000000cc1e8a38,0x00000000cc200000)
 Metaspace       used 66790K, committed 67968K, reserved 1114112K
  class space    used 7706K, committed 8192K, reserved 1048576K
}
Event: 30.770 GC heap before
{Heap before GC invocations=634 (full 548):
 PSYoungGen      total 44032K, used 37375K [0x00000000eab00000, 0x00000000ee080000, 0x0000000100000000)
  eden space 37376K, 99% used [0x00000000eab00000,0x00000000ecf7fff0,0x00000000ecf80000)
  from space 6656K, 0% used [0x00000000ed780000,0x00000000ed780000,0x00000000ede00000)
  to   space 8192K, 0% used [0x00000000ecf80000,0x00000000ecf80000,0x00000000ed780000)
 ParOldGen       total 198656K, used 198562K [0x00000000c0000000, 0x00000000cc200000, 0x00000000eab00000)
  object space 198656K, 99% used [0x00000000c0000000,0x00000000cc1e8a38,0x00000000cc200000)
 Metaspace       used 66790K, committed 67968K, reserved 1114112K
  class space    used 7706K, committed 8192K, reserved 1048576K
}
Event: 30.834 GC heap after
{Heap after GC invocations=634 (full 548):
 PSYoungGen      total 45568K, used 37375K [0x00000000eab00000, 0x00000000ee080000, 0x0000000100000000)
  eden space 37376K, 99% used [0x00000000eab00000,0x00000000ecf7ff58,0x00000000ecf80000)
  from space 8192K, 0% used [0x00000000ecf80000,0x00000000ecf80000,0x00000000ed780000)
  to   space 6656K, 0% used [0x00000000ed780000,0x00000000ed780000,0x00000000ede00000)
 ParOldGen       total 198656K, used 198562K [0x00000000c0000000, 0x00000000cc200000, 0x00000000eab00000)
  object space 198656K, 99% used [0x00000000c0000000,0x00000000cc1e8a18,0x00000000cc200000)
 Metaspace       used 66790K, committed 67968K, reserved 1114112K
  class space    used 7706K, committed 8192K, reserved 1048576K
}
Event: 30.834 GC heap before
{Heap before GC invocations=635 (full 549):
 PSYoungGen      total 45568K, used 37375K [0x00000000eab00000, 0x00000000ee080000, 0x0000000100000000)
  eden space 37376K, 99% used [0x00000000eab00000,0x00000000ecf7ffe0,0x00000000ecf80000)
  from space 8192K, 0% used [0x00000000ecf80000,0x00000000ecf80000,0x00000000ed780000)
  to   space 6656K, 0% used [0x00000000ed780000,0x00000000ed780000,0x00000000ede00000)
 ParOldGen       total 198656K, used 198562K [0x00000000c0000000, 0x00000000cc200000, 0x00000000eab00000)
  object space 198656K, 99% used [0x00000000c0000000,0x00000000cc1e8a18,0x00000000cc200000)
 Metaspace       used 66790K, committed 67968K, reserved 1114112K
  class space    used 7706K, committed 8192K, reserved 1048576K
}
Event: 30.875 GC heap after
{Heap after GC invocations=635 (full 549):
 PSYoungGen      total 44032K, used 37375K [0x00000000eab00000, 0x00000000ee080000, 0x0000000100000000)
  eden space 37376K, 99% used [0x00000000eab00000,0x00000000ecf7ff48,0x00000000ecf80000)
  from space 6656K, 0% used [0x00000000ed780000,0x00000000ed780000,0x00000000ede00000)
  to   space 8192K, 0% used [0x00000000ecf80000,0x00000000ecf80000,0x00000000ed780000)
 ParOldGen       total 198656K, used 198562K [0x00000000c0000000, 0x00000000cc200000, 0x00000000eab00000)
  object space 198656K, 99% used [0x00000000c0000000,0x00000000cc1e8a18,0x00000000cc200000)
 Metaspace       used 66790K, committed 67968K, reserved 1114112K
  class space    used 7706K, committed 8192K, reserved 1048576K
}
Event: 30.875 GC heap before
{Heap before GC invocations=636 (full 550):
 PSYoungGen      total 44032K, used 37375K [0x00000000eab00000, 0x00000000ee080000, 0x0000000100000000)
  eden space 37376K, 99% used [0x00000000eab00000,0x00000000ecf7fff8,0x00000000ecf80000)
  from space 6656K, 0% used [0x00000000ed780000,0x00000000ed780000,0x00000000ede00000)
  to   space 8192K, 0% used [0x00000000ecf80000,0x00000000ecf80000,0x00000000ed780000)
 ParOldGen       total 198656K, used 198562K [0x00000000c0000000, 0x00000000cc200000, 0x00000000eab00000)
  object space 198656K, 99% used [0x00000000c0000000,0x00000000cc1e8a18,0x00000000cc200000)
 Metaspace       used 66790K, committed 67968K, reserved 1114112K
  class space    used 7706K, committed 8192K, reserved 1048576K
}
Event: 30.914 GC heap after
{Heap after GC invocations=636 (full 550):
 PSYoungGen      total 45568K, used 37375K [0x00000000eab00000, 0x00000000ee080000, 0x0000000100000000)
  eden space 37376K, 99% used [0x00000000eab00000,0x00000000ecf7ff88,0x00000000ecf80000)
  from space 8192K, 0% used [0x00000000ecf80000,0x00000000ecf80000,0x00000000ed780000)
  to   space 6656K, 0% used [0x00000000ed780000,0x00000000ed780000,0x00000000ede00000)
 ParOldGen       total 198656K, used 198562K [0x00000000c0000000, 0x00000000cc200000, 0x00000000eab00000)
  object space 198656K, 99% used [0x00000000c0000000,0x00000000cc1e8a18,0x00000000cc200000)
 Metaspace       used 66790K, committed 67968K, reserved 1114112K
  class space    used 7706K, committed 8192K, reserved 1048576K
}
Event: 30.914 GC heap before
{Heap before GC invocations=637 (full 551):
 PSYoungGen      total 45568K, used 37375K [0x00000000eab00000, 0x00000000ee080000, 0x0000000100000000)
  eden space 37376K, 99% used [0x00000000eab00000,0x00000000ecf7ffd8,0x00000000ecf80000)
  from space 8192K, 0% used [0x00000000ecf80000,0x00000000ecf80000,0x00000000ed780000)
  to   space 6656K, 0% used [0x00000000ed780000,0x00000000ed780000,0x00000000ede00000)
 ParOldGen       total 198656K, used 198562K [0x00000000c0000000, 0x00000000cc200000, 0x00000000eab00000)
  object space 198656K, 99% used [0x00000000c0000000,0x00000000cc1e8a18,0x00000000cc200000)
 Metaspace       used 66790K, committed 67968K, reserved 1114112K
  class space    used 7706K, committed 8192K, reserved 1048576K
}
Event: 30.961 GC heap after
{Heap after GC invocations=637 (full 551):
 PSYoungGen      total 44032K, used 37375K [0x00000000eab00000, 0x00000000ee080000, 0x0000000100000000)
  eden space 37376K, 99% used [0x00000000eab00000,0x00000000ecf7ffb0,0x00000000ecf80000)
  from space 6656K, 0% used [0x00000000ed780000,0x00000000ed780000,0x00000000ede00000)
  to   space 8192K, 0% used [0x00000000ecf80000,0x00000000ecf80000,0x00000000ed780000)
 ParOldGen       total 198656K, used 198562K [0x00000000c0000000, 0x00000000cc200000, 0x00000000eab00000)
  object space 198656K, 99% used [0x00000000c0000000,0x00000000cc1e8a18,0x00000000cc200000)
 Metaspace       used 66790K, committed 67968K, reserved 1114112K
  class space    used 7706K, committed 8192K, reserved 1048576K
}
Event: 30.961 GC heap before
{Heap before GC invocations=638 (full 552):
 PSYoungGen      total 44032K, used 37375K [0x00000000eab00000, 0x00000000ee080000, 0x0000000100000000)
  eden space 37376K, 99% used [0x00000000eab00000,0x00000000ecf7fff0,0x00000000ecf80000)
  from space 6656K, 0% used [0x00000000ed780000,0x00000000ed780000,0x00000000ede00000)
  to   space 8192K, 0% used [0x00000000ecf80000,0x00000000ecf80000,0x00000000ed780000)
 ParOldGen       total 198656K, used 198565K [0x00000000c0000000, 0x00000000cc200000, 0x00000000eab00000)
  object space 198656K, 99% used [0x00000000c0000000,0x00000000cc1e96e0,0x00000000cc200000)
 Metaspace       used 66790K, committed 67968K, reserved 1114112K
  class space    used 7706K, committed 8192K, reserved 1048576K
}
Event: 31.006 GC heap after
{Heap after GC invocations=638 (full 552):
 PSYoungGen      total 45568K, used 37375K [0x00000000eab00000, 0x00000000ee080000, 0x0000000100000000)
  eden space 37376K, 99% used [0x00000000eab00000,0x00000000ecf7fe00,0x00000000ecf80000)
  from space 8192K, 0% used [0x00000000ecf80000,0x00000000ecf80000,0x00000000ed780000)
  to   space 6656K, 0% used [0x00000000ed780000,0x00000000ed780000,0x00000000ede00000)
 ParOldGen       total 699392K, used 198562K [0x00000000c0000000, 0x00000000eab00000, 0x00000000eab00000)
  object space 699392K, 28% used [0x00000000c0000000,0x00000000cc1e8b10,0x00000000eab00000)
 Metaspace       used 66790K, committed 67968K, reserved 1114112K
  class space    used 7706K, committed 8192K, reserved 1048576K
}
Event: 31.006 GC heap before
{Heap before GC invocations=639 (full 552):
 PSYoungGen      total 45568K, used 37375K [0x00000000eab00000, 0x00000000ee080000, 0x0000000100000000)
  eden space 37376K, 99% used [0x00000000eab00000,0x00000000ecf7fff0,0x00000000ecf80000)
  from space 8192K, 0% used [0x00000000ecf80000,0x00000000ecf80000,0x00000000ed780000)
  to   space 6656K, 0% used [0x00000000ed780000,0x00000000ed780000,0x00000000ede00000)
 ParOldGen       total 699392K, used 198562K [0x00000000c0000000, 0x00000000eab00000, 0x00000000eab00000)
  object space 699392K, 28% used [0x00000000c0000000,0x00000000cc1e8b10,0x00000000eab00000)
 Metaspace       used 66790K, committed 67968K, reserved 1114112K
  class space    used 7706K, committed 8192K, reserved 1048576K
}
Event: 31.024 GC heap after
{Heap after GC invocations=639 (full 552):
 PSYoungGen      total 44032K, used 6648K [0x00000000eab00000, 0x00000000ee080000, 0x0000000100000000)
  eden space 37376K, 0% used [0x00000000eab00000,0x00000000eab00000,0x00000000ecf80000)
  from space 6656K, 99% used [0x00000000ed780000,0x00000000eddfe190,0x00000000ede00000)
  to   space 8192K, 0% used [0x00000000ecf80000,0x00000000ecf80000,0x00000000ed780000)
 ParOldGen       total 699392K, used 230603K [0x00000000c0000000, 0x00000000eab00000, 0x00000000eab00000)
  object space 699392K, 32% used [0x00000000c0000000,0x00000000ce132d20,0x00000000eab00000)
 Metaspace       used 66790K, committed 67968K, reserved 1114112K
  class space    used 7706K, committed 8192K, reserved 1048576K
}

Dll operation events (13 events):
Event: 0.006 Loaded shared library c:\Users\denis\.vscode\extensions\redhat.java-1.37.0-win32-x64\jre\17.0.13-win32-x86_64\bin\java.dll
Event: 0.103 Loaded shared library c:\Users\denis\.vscode\extensions\redhat.java-1.37.0-win32-x64\jre\17.0.13-win32-x86_64\bin\zip.dll
Event: 0.105 Loaded shared library C:\Users\denis\.vscode\extensions\redhat.java-1.37.0-win32-x64\jre\17.0.13-win32-x86_64\bin\instrument.dll
Event: 0.113 Loaded shared library C:\Users\denis\.vscode\extensions\redhat.java-1.37.0-win32-x64\jre\17.0.13-win32-x86_64\bin\net.dll
Event: 0.114 Loaded shared library C:\Users\denis\.vscode\extensions\redhat.java-1.37.0-win32-x64\jre\17.0.13-win32-x86_64\bin\nio.dll
Event: 0.119 Loaded shared library C:\Users\denis\.vscode\extensions\redhat.java-1.37.0-win32-x64\jre\17.0.13-win32-x86_64\bin\zip.dll
Event: 0.129 Loaded shared library C:\Users\denis\.vscode\extensions\redhat.java-1.37.0-win32-x64\jre\17.0.13-win32-x86_64\bin\jimage.dll
Event: 0.172 Loaded shared library c:\Users\denis\.vscode\extensions\redhat.java-1.37.0-win32-x64\jre\17.0.13-win32-x86_64\bin\verify.dll
Event: 0.849 Loaded shared library C:\Users\denis\AppData\Roaming\Code\User\globalStorage\redhat.java\1.37.0\config_win\org.eclipse.equinox.launcher\org.eclipse.equinox.launcher.win32.win32.x86_64_1.2.1100.v20240722-2106\eclipse_11904.dll
Event: 1.967 Loaded shared library C:\Users\denis\AppData\Local\Temp\jna-95470071\jna3779407352039175686.dll
Event: 5.593 Loaded shared library C:\Users\denis\.gradle\native\c067742578af261105cb4f569cf0c3c89f3d7b1fecec35dd04571415982c5e48\windows-amd64\native-platform.dll
Event: 6.316 Loaded shared library C:\Users\denis\.vscode\extensions\redhat.java-1.37.0-win32-x64\jre\17.0.13-win32-x86_64\bin\management.dll
Event: 6.317 Loaded shared library C:\Users\denis\.vscode\extensions\redhat.java-1.37.0-win32-x64\jre\17.0.13-win32-x86_64\bin\management_ext.dll

Deoptimization events (20 events):
Event: 31.030 Thread 0x000001dd7adcacd0 Uncommon trap: trap_request=0xffffffde fr.pc=0x000001dd6a398f58 relative=0x0000000000000238
Event: 31.030 Thread 0x000001dd7adcacd0 Uncommon trap: reason=class_check action=maybe_recompile pc=0x000001dd6a398f58 method=java.util.ArrayList.hashCodeRange(II)I @ 53 c2
Event: 31.030 Thread 0x000001dd7adcacd0 DEOPT PACKING pc=0x000001dd6a398f58 sp=0x000000acbfdfeaf0
Event: 31.030 Thread 0x000001dd7adcacd0 DEOPT UNPACKING pc=0x000001dd69e066a3 sp=0x000000acbfdfea60 mode 2
Event: 31.037 Thread 0x000001dd7adcacd0 Uncommon trap: trap_request=0xffffff45 fr.pc=0x000001dd6a4364f4 relative=0x0000000000000594
Event: 31.037 Thread 0x000001dd7adcacd0 Uncommon trap: reason=unstable_if action=reinterpret pc=0x000001dd6a4364f4 method=java.util.HashMap.putVal(ILjava/lang/Object;Ljava/lang/Object;ZZ)Ljava/lang/Object; @ 94 c2
Event: 31.037 Thread 0x000001dd7adcacd0 DEOPT PACKING pc=0x000001dd6a4364f4 sp=0x000000acbfdfedf0
Event: 31.037 Thread 0x000001dd7adcacd0 DEOPT UNPACKING pc=0x000001dd69e066a3 sp=0x000000acbfdfed58 mode 2
Event: 31.037 Thread 0x000001dd7adcacd0 Uncommon trap: trap_request=0xffffff45 fr.pc=0x000001dd6a790174 relative=0x0000000000000434
Event: 31.037 Thread 0x000001dd7adcacd0 Uncommon trap: reason=unstable_if action=reinterpret pc=0x000001dd6a790174 method=java.util.HashMap.removeNode(ILjava/lang/Object;Ljava/lang/Object;ZZ)Ljava/util/HashMap$Node; @ 62 c2
Event: 31.037 Thread 0x000001dd7adcacd0 DEOPT PACKING pc=0x000001dd6a790174 sp=0x000000acbfdfee80
Event: 31.037 Thread 0x000001dd7adcacd0 DEOPT UNPACKING pc=0x000001dd69e066a3 sp=0x000000acbfdfed80 mode 2
Event: 31.046 Thread 0x000001dd7adcacd0 Uncommon trap: trap_request=0xffffff45 fr.pc=0x000001dd6a3dc994 relative=0x0000000000000254
Event: 31.046 Thread 0x000001dd7adcacd0 Uncommon trap: reason=unstable_if action=reinterpret pc=0x000001dd6a3dc994 method=java.util.HashMap.getNode(Ljava/lang/Object;)Ljava/util/HashMap$Node; @ 66 c2
Event: 31.046 Thread 0x000001dd7adcacd0 DEOPT PACKING pc=0x000001dd6a3dc994 sp=0x000000acbfdfee60
Event: 31.046 Thread 0x000001dd7adcacd0 DEOPT UNPACKING pc=0x000001dd69e066a3 sp=0x000000acbfdfed80 mode 2
Event: 31.046 Thread 0x000001dd7adcacd0 Uncommon trap: trap_request=0xffffff45 fr.pc=0x000001dd6a3d9f98 relative=0x0000000000000258
Event: 31.046 Thread 0x000001dd7adcacd0 Uncommon trap: reason=unstable_if action=reinterpret pc=0x000001dd6a3d9f98 method=java.util.HashMap.getNode(Ljava/lang/Object;)Ljava/util/HashMap$Node; @ 66 c2
Event: 31.046 Thread 0x000001dd7adcacd0 DEOPT PACKING pc=0x000001dd6a3d9f98 sp=0x000000acbfdfedf0
Event: 31.046 Thread 0x000001dd7adcacd0 DEOPT UNPACKING pc=0x000001dd69e066a3 sp=0x000000acbfdfed80 mode 2

Classes loaded (20 events):
Event: 6.691 Loading class java/lang/Process$PipeInputStream
Event: 6.691 Loading class java/lang/Process$PipeInputStream done
Event: 6.692 Loading class jdk/internal/event/ProcessStartEvent
Event: 6.692 Loading class jdk/internal/event/ProcessStartEvent done
Event: 6.777 Loading class java/util/zip/CheckedInputStream
Event: 6.777 Loading class java/util/zip/CheckedInputStream done
Event: 6.968 Loading class java/lang/Throwable$WrappedPrintWriter
Event: 6.968 Loading class java/lang/Throwable$PrintStreamOrWriter
Event: 6.968 Loading class java/lang/Throwable$PrintStreamOrWriter done
Event: 6.968 Loading class java/lang/Throwable$WrappedPrintWriter done
Event: 6.969 Loading class java/security/DigestInputStream
Event: 6.969 Loading class java/security/DigestInputStream done
Event: 7.054 Loading class java/util/Collections$SynchronizedRandomAccessList
Event: 7.054 Loading class java/util/Collections$SynchronizedList
Event: 7.054 Loading class java/util/Collections$SynchronizedList done
Event: 7.054 Loading class java/util/Collections$SynchronizedRandomAccessList done
Event: 7.057 Loading class java/util/concurrent/CompletableFuture$Signaller
Event: 7.057 Loading class java/util/concurrent/CompletableFuture$Signaller done
Event: 7.165 Loading class java/util/regex/PatternSyntaxException
Event: 7.165 Loading class java/util/regex/PatternSyntaxException done

Classes unloaded (7 events):
Event: 2.901 Thread 0x000001dd78d31fd0 Unloading class 0x0000000100250000 'java/lang/invoke/LambdaForm$MH+0x0000000100250000'
Event: 2.901 Thread 0x000001dd78d31fd0 Unloading class 0x000000010024fc00 'java/lang/invoke/LambdaForm$MH+0x000000010024fc00'
Event: 2.901 Thread 0x000001dd78d31fd0 Unloading class 0x000000010024f800 'java/lang/invoke/LambdaForm$MH+0x000000010024f800'
Event: 2.901 Thread 0x000001dd78d31fd0 Unloading class 0x000000010024f400 'java/lang/invoke/LambdaForm$MH+0x000000010024f400'
Event: 2.901 Thread 0x000001dd78d31fd0 Unloading class 0x000000010024f000 'java/lang/invoke/LambdaForm$BMH+0x000000010024f000'
Event: 2.901 Thread 0x000001dd78d31fd0 Unloading class 0x000000010024ec00 'java/lang/invoke/LambdaForm$DMH+0x000000010024ec00'
Event: 2.901 Thread 0x000001dd78d31fd0 Unloading class 0x000000010024c400 'java/lang/invoke/LambdaForm$DMH+0x000000010024c400'

Classes redefined (0 events):
No events

Internal exceptions (20 events):
Event: 4.554 Thread 0x000001dd7ad48320 Implicit null exception at 0x000001dd6a3eb789 to 0x000001dd6a3ecb28
Event: 4.560 Thread 0x000001dd7ad48320 Exception <a 'java/lang/NoSuchMethodError'{0x00000000eb1f9f00}: 'java.lang.Object java.lang.invoke.Invokers$Holder.invokeExact_MT(java.lang.Object, int, java.lang.Object)'> (0x00000000eb1f9f00) 
thrown [s\src\hotspot\share\interpreter\linkResolver.cpp, line 759]
Event: 4.562 Thread 0x000001dd7c4293c0 Exception <a 'java/lang/NoSuchMethodError'{0x00000000eb274250}: 'java.lang.Object java.lang.invoke.DirectMethodHandle$Holder.newInvokeSpecial(java.lang.Object, java.lang.Object, java.lang.Object, java.lang.Object, java.lang.Object, java.lang.Object)'> (0x00000000eb274250) 
thrown [s\src\hotspot\share\interpreter\linkResolver.cpp, line 759]
Event: 4.608 Thread 0x000001dd7c4293c0 Exception <a 'java/io/FileNotFoundException'{0x00000000eb8e7720}> (0x00000000eb8e7720) 
thrown [s\src\hotspot\share\prims\jni.cpp, line 516]
Event: 4.608 Thread 0x000001dd7c4293c0 Exception <a 'java/io/FileNotFoundException'{0x00000000eb8e86f8}> (0x00000000eb8e86f8) 
thrown [s\src\hotspot\share\prims\jni.cpp, line 516]
Event: 4.617 Thread 0x000001dd7c4293c0 Exception <a 'java/io/FileNotFoundException'{0x00000000eab27768}> (0x00000000eab27768) 
thrown [s\src\hotspot\share\prims\jni.cpp, line 516]
Event: 4.617 Thread 0x000001dd7c4293c0 Exception <a 'java/io/FileNotFoundException'{0x00000000eab68a20}> (0x00000000eab68a20) 
thrown [s\src\hotspot\share\prims\jni.cpp, line 516]
Event: 4.617 Thread 0x000001dd7c4293c0 Exception <a 'java/io/FileNotFoundException'{0x00000000eab69a20}> (0x00000000eab69a20) 
thrown [s\src\hotspot\share\prims\jni.cpp, line 516]
Event: 4.657 Thread 0x000001dd7c4293c0 Exception <a 'java/lang/NoSuchMethodError'{0x00000000eb498ab0}: 'java.lang.Object java.lang.invoke.DirectMethodHandle$Holder.invokeVirtual(java.lang.Object, java.lang.Object, java.lang.Object)'> (0x00000000eb498ab0) 
thrown [s\src\hotspot\share\interpreter\linkResolver.cpp, line 759]
Event: 4.855 Thread 0x000001dd7ad48320 Exception <a 'java/lang/NoClassDefFoundError'{0x00000000eac7c490}: com/google/inject/servlet/ServletModuleTargetVisitor> (0x00000000eac7c490) 
thrown [s\src\hotspot\share\classfile\systemDictionary.cpp, line 245]
Event: 5.167 Thread 0x000001dd7ad464c0 Exception <a 'java/lang/NoSuchMethodError'{0x00000000eb124e38}: 'int java.lang.invoke.DirectMethodHandle$Holder.invokeSpecialIFC(java.lang.Object, java.lang.Object, java.lang.Object, java.lang.Object)'> (0x00000000eb124e38) 
thrown [s\src\hotspot\share\interpreter\linkResolver.cpp, line 759]
Event: 5.201 Thread 0x000001dd7ad48320 Exception <a 'java/lang/NoSuchMethodError'{0x00000000eabf9d50}: 'int java.lang.invoke.DirectMethodHandle$Holder.invokeInterface(java.lang.Object, java.lang.Object)'> (0x00000000eabf9d50) 
thrown [s\src\hotspot\share\interpreter\linkResolver.cpp, line 759]
Event: 5.201 Thread 0x000001dd7ad48320 Exception <a 'java/lang/IncompatibleClassChangeError'{0x00000000eac58820}: Found class java.lang.Object, but interface was expected> (0x00000000eac58820) 
thrown [s\src\hotspot\share\interpreter\linkResolver.cpp, line 826]
Event: 5.582 Thread 0x000001dd7c42a2f0 Exception <a 'java/lang/NoSuchMethodError'{0x00000000eaed21a8}: 'java.lang.Object java.lang.invoke.Invokers$Holder.invoker(java.lang.Object, java.lang.Object, java.lang.Object)'> (0x00000000eaed21a8) 
thrown [s\src\hotspot\share\interpreter\linkResolver.cpp, line 759]
Event: 6.289 Thread 0x000001dd7c42a2f0 Exception <a 'java/lang/NoClassDefFoundError'{0x00000000eb733f08}: org/slf4j/impl/StaticMarkerBinder> (0x00000000eb733f08) 
thrown [s\src\hotspot\share\classfile\systemDictionary.cpp, line 245]
Event: 6.689 Thread 0x000001dd7c42d590 Exception <a 'java/lang/NoSuchMethodError'{0x00000000ec571480}: 'void java.lang.invoke.DirectMethodHandle$Holder.invokeStatic(java.lang.Object, long)'> (0x00000000ec571480) 
thrown [s\src\hotspot\share\interpreter\linkResolver.cpp, line 759]
Event: 6.690 Thread 0x000001dd7c42d590 Exception <a 'java/lang/NoSuchMethodError'{0x00000000ec576ad0}: 'java.lang.Object java.lang.invoke.DirectMethodHandle$Holder.newInvokeSpecial(java.lang.Object, long)'> (0x00000000ec576ad0) 
thrown [s\src\hotspot\share\interpreter\linkResolver.cpp, line 759]
Event: 6.774 Thread 0x000001dd7c42d590 Exception <a 'java/lang/NoSuchMethodError'{0x00000000eb9751d0}: 'void java.lang.invoke.DirectMethodHandle$Holder.invokeSpecial(java.lang.Object, java.lang.Object, int)'> (0x00000000eb9751d0) 
thrown [s\src\hotspot\share\interpreter\linkResolver.cpp, line 759]
Event: 6.774 Thread 0x000001dd7c42d590 Exception <a 'java/lang/NoSuchMethodError'{0x00000000eb97afb0}: 'java.lang.Object java.lang.invoke.DirectMethodHandle$Holder.newInvokeSpecial(java.lang.Object, java.lang.Object, int)'> (0x00000000eb97afb0) 
thrown [s\src\hotspot\share\interpreter\linkResolver.cpp, line 759]
Event: 7.066 Thread 0x000001dd7c426630 Exception <a 'java/lang/NoSuchMethodError'{0x00000000ecf5bf90}: 'java.lang.Object java.lang.invoke.DirectMethodHandle$Holder.invokeInterface(java.lang.Object, java.lang.Object, java.lang.Object)'> (0x00000000ecf5bf90) 
thrown [s\src\hotspot\share\interpreter\linkResolver.cpp, line 759]

VM Operations (20 events):
Event: 30.613 Executing VM operation: ParallelGCFailedAllocation
Event: 30.652 Executing VM operation: ParallelGCFailedAllocation done
Event: 30.652 Executing VM operation: ParallelGCFailedAllocation
Event: 30.692 Executing VM operation: ParallelGCFailedAllocation done
Event: 30.692 Executing VM operation: ParallelGCFailedAllocation
Event: 30.731 Executing VM operation: ParallelGCFailedAllocation done
Event: 30.731 Executing VM operation: ParallelGCFailedAllocation
Event: 30.770 Executing VM operation: ParallelGCFailedAllocation done
Event: 30.770 Executing VM operation: ParallelGCFailedAllocation
Event: 30.834 Executing VM operation: ParallelGCFailedAllocation done
Event: 30.834 Executing VM operation: ParallelGCFailedAllocation
Event: 30.875 Executing VM operation: ParallelGCFailedAllocation done
Event: 30.875 Executing VM operation: ParallelGCFailedAllocation
Event: 30.914 Executing VM operation: ParallelGCFailedAllocation done
Event: 30.914 Executing VM operation: ParallelGCFailedAllocation
Event: 30.961 Executing VM operation: ParallelGCFailedAllocation done
Event: 30.961 Executing VM operation: ParallelGCFailedAllocation
Event: 31.006 Executing VM operation: ParallelGCFailedAllocation done
Event: 31.006 Executing VM operation: ParallelGCFailedAllocation
Event: 31.024 Executing VM operation: ParallelGCFailedAllocation done

Memory protections (0 events):
No events

Nmethod flushes (20 events):
Event: 6.956 Thread 0x000001dd78d96240 flushing  nmethod 0x000001dd634ce110
Event: 6.956 Thread 0x000001dd78d96240 flushing  nmethod 0x000001dd634cf190
Event: 6.956 Thread 0x000001dd78d96240 flushing  nmethod 0x000001dd634d3090
Event: 6.956 Thread 0x000001dd78d96240 flushing  nmethod 0x000001dd634d5890
Event: 6.956 Thread 0x000001dd78d96240 flushing  nmethod 0x000001dd634d7b10
Event: 6.956 Thread 0x000001dd78d96240 flushing  nmethod 0x000001dd634d9090
Event: 6.956 Thread 0x000001dd78d96240 flushing  nmethod 0x000001dd634e6410
Event: 6.956 Thread 0x000001dd78d96240 flushing  nmethod 0x000001dd634f4a10
Event: 6.956 Thread 0x000001dd78d96240 flushing  nmethod 0x000001dd634f8290
Event: 6.956 Thread 0x000001dd78d96240 flushing  nmethod 0x000001dd634f8890
Event: 6.956 Thread 0x000001dd78d96240 flushing  nmethod 0x000001dd63501490
Event: 6.956 Thread 0x000001dd78d96240 flushing  nmethod 0x000001dd63502090
Event: 6.956 Thread 0x000001dd78d96240 flushing  nmethod 0x000001dd63506190
Event: 6.956 Thread 0x000001dd78d96240 flushing  nmethod 0x000001dd63506690
Event: 6.956 Thread 0x000001dd78d96240 flushing  nmethod 0x000001dd6350a390
Event: 6.956 Thread 0x000001dd78d96240 flushing  nmethod 0x000001dd63512190
Event: 6.956 Thread 0x000001dd78d96240 flushing  nmethod 0x000001dd63513010
Event: 6.956 Thread 0x000001dd78d96240 flushing  nmethod 0x000001dd63520610
Event: 6.956 Thread 0x000001dd78d96240 flushing  nmethod 0x000001dd6354b190
Event: 6.956 Thread 0x000001dd78d96240 flushing  nmethod 0x000001dd6354f810

Events (20 events):
Event: 5.247 Thread 0x000001dd7ad48320 Thread added: 0x000001dd7c4298d0
Event: 5.308 Thread 0x000001dd7ad48320 Thread added: 0x000001dd7c42a2f0
Event: 6.684 Thread 0x000001dd7c42a2f0 Thread added: 0x000001dd7c42d590
Event: 6.694 Thread 0x000001dd7c42d590 Thread added: 0x000001dd7ad45fb0
Event: 6.694 Thread 0x000001dd7c42d590 Thread added: 0x000001dd7df3b670
Event: 6.857 Thread 0x000001dd7c42a2f0 Thread exited: 0x000001dd7c42a2f0
Event: 6.863 Thread 0x000001dd7ad48320 Thread added: 0x000001dd7df36060
Event: 6.864 Thread 0x000001dd7ad48320 Thread added: 0x000001dd7df3a740
Event: 6.870 Thread 0x000001dd7df3a740 Thread exited: 0x000001dd7df3a740
Event: 6.872 Thread 0x000001dd7ad48320 Thread added: 0x000001dd7df3d9e0
Event: 6.872 Thread 0x000001dd7ad48320 Thread added: 0x000001dd7df3bb80
Event: 6.954 Thread 0x000001dd7df3bb80 Thread exited: 0x000001dd7df3bb80
Event: 6.959 Thread 0x000001dd7ad48320 Thread added: 0x000001dd7df38df0
Event: 6.959 Thread 0x000001dd7ad48320 Thread added: 0x000001dd7df383d0
Event: 6.967 Thread 0x000001dd7df383d0 Thread exited: 0x000001dd7df383d0
Event: 7.357 Thread 0x000001dd7ad47900 Thread exited: 0x000001dd7ad47900
Event: 20.073 Thread 0x000001dd7c720950 Thread exited: 0x000001dd7c720950
Event: 24.546 Thread 0x000001dd7b538030 Thread exited: 0x000001dd7b538030
Event: 31.033 Thread 0x000001dd78d95150 Thread added: 0x000001dd7c71e420
Event: 31.033 Thread 0x000001dd78d95150 Thread added: 0x000001dd7c71f410


Dynamic libraries:
0x00007ff6b76a0000 - 0x00007ff6b76ae000 	c:\Users\denis\.vscode\extensions\redhat.java-1.37.0-win32-x64\jre\17.0.13-win32-x86_64\bin\java.exe
0x00007ff93ca30000 - 0x00007ff93cc47000 	C:\Windows\SYSTEM32\ntdll.dll
0x00007ff93a7b0000 - 0x00007ff93a874000 	C:\Windows\System32\KERNEL32.DLL
0x00007ff93a160000 - 0x00007ff93a51a000 	C:\Windows\System32\KERNELBASE.dll
0x00007ff93a520000 - 0x00007ff93a631000 	C:\Windows\System32\ucrtbase.dll
0x00007ff934ab0000 - 0x00007ff934ac7000 	c:\Users\denis\.vscode\extensions\redhat.java-1.37.0-win32-x64\jre\17.0.13-win32-x86_64\bin\jli.dll
0x00007ff9287e0000 - 0x00007ff9287fe000 	c:\Users\denis\.vscode\extensions\redhat.java-1.37.0-win32-x64\jre\17.0.13-win32-x86_64\bin\VCRUNTIME140.dll
0x00007ff93a880000 - 0x00007ff93aa2e000 	C:\Windows\System32\USER32.dll
0x00007ff93a640000 - 0x00007ff93a666000 	C:\Windows\System32\win32u.dll
0x00007ff924e30000 - 0x00007ff9250c2000 	C:\Windows\WinSxS\amd64_microsoft.windows.common-controls_6595b64144ccf1df_6.0.22621.4541_none_2710d1c57384c085\COMCTL32.dll
0x00007ff93bdf0000 - 0x00007ff93be19000 	C:\Windows\System32\GDI32.dll
0x00007ff93ae70000 - 0x00007ff93af17000 	C:\Windows\System32\msvcrt.dll
0x00007ff939f20000 - 0x00007ff93a03b000 	C:\Windows\System32\gdi32full.dll
0x00007ff93a040000 - 0x00007ff93a0da000 	C:\Windows\System32\msvcp_win.dll
0x00007ff93c510000 - 0x00007ff93c541000 	C:\Windows\System32\IMM32.DLL
0x00007ff92bb20000 - 0x00007ff92bb2c000 	c:\Users\denis\.vscode\extensions\redhat.java-1.37.0-win32-x64\jre\17.0.13-win32-x86_64\bin\vcruntime140_1.dll
0x00007ff900fd0000 - 0x00007ff90105d000 	c:\Users\denis\.vscode\extensions\redhat.java-1.37.0-win32-x64\jre\17.0.13-win32-x86_64\bin\msvcp140.dll
0x00007ff8dc790000 - 0x00007ff8dd3fb000 	c:\Users\denis\.vscode\extensions\redhat.java-1.37.0-win32-x64\jre\17.0.13-win32-x86_64\bin\server\jvm.dll
0x00007ff93af20000 - 0x00007ff93afd2000 	C:\Windows\System32\ADVAPI32.dll
0x00007ff93be20000 - 0x00007ff93bec7000 	C:\Windows\System32\sechost.dll
0x00007ff939d00000 - 0x00007ff939d28000 	C:\Windows\System32\bcrypt.dll
0x00007ff93aa60000 - 0x00007ff93ab74000 	C:\Windows\System32\RPCRT4.dll
0x00007ff93c100000 - 0x00007ff93c171000 	C:\Windows\System32\WS2_32.dll
0x00007ff939a20000 - 0x00007ff939a6d000 	C:\Windows\SYSTEM32\POWRPROF.dll
0x00007ff934340000 - 0x00007ff934374000 	C:\Windows\SYSTEM32\WINMM.dll
0x00007ff9351d0000 - 0x00007ff9351da000 	C:\Windows\SYSTEM32\VERSION.dll
0x00007ff939a00000 - 0x00007ff939a13000 	C:\Windows\SYSTEM32\UMPDC.dll
0x00007ff938d00000 - 0x00007ff938d18000 	C:\Windows\SYSTEM32\kernel.appcore.dll
0x00007ff928d40000 - 0x00007ff928d4a000 	c:\Users\denis\.vscode\extensions\redhat.java-1.37.0-win32-x64\jre\17.0.13-win32-x86_64\bin\jimage.dll
0x00007ff937690000 - 0x00007ff9378c2000 	C:\Windows\SYSTEM32\DBGHELP.DLL
0x00007ff93c180000 - 0x00007ff93c50f000 	C:\Windows\System32\combase.dll
0x00007ff93ac80000 - 0x00007ff93ad57000 	C:\Windows\System32\OLEAUT32.dll
0x00007ff922fc0000 - 0x00007ff922ff2000 	C:\Windows\SYSTEM32\dbgcore.DLL
0x00007ff939d30000 - 0x00007ff939dab000 	C:\Windows\System32\bcryptPrimitives.dll
0x00007ff9352e0000 - 0x00007ff9352ee000 	c:\Users\denis\.vscode\extensions\redhat.java-1.37.0-win32-x64\jre\17.0.13-win32-x86_64\bin\instrument.dll
0x00007ff9151d0000 - 0x00007ff9151f5000 	c:\Users\denis\.vscode\extensions\redhat.java-1.37.0-win32-x64\jre\17.0.13-win32-x86_64\bin\java.dll
0x00007ff925d20000 - 0x00007ff925d38000 	c:\Users\denis\.vscode\extensions\redhat.java-1.37.0-win32-x64\jre\17.0.13-win32-x86_64\bin\zip.dll
0x00007ff93b3b0000 - 0x00007ff93bc28000 	C:\Windows\System32\SHELL32.dll
0x00007ff937bf0000 - 0x00007ff9384f8000 	C:\Windows\SYSTEM32\windows.storage.dll
0x00007ff937a80000 - 0x00007ff937bbf000 	C:\Windows\SYSTEM32\wintypes.dll
0x00007ff93b1d0000 - 0x00007ff93b2ca000 	C:\Windows\System32\SHCORE.dll
0x00007ff93ad60000 - 0x00007ff93adbe000 	C:\Windows\System32\shlwapi.dll
0x00007ff939c30000 - 0x00007ff939c5b000 	C:\Windows\SYSTEM32\profapi.dll
0x00007ff924220000 - 0x00007ff924239000 	C:\Users\denis\.vscode\extensions\redhat.java-1.37.0-win32-x64\jre\17.0.13-win32-x86_64\bin\net.dll
0x00007ff9341b0000 - 0x00007ff9342e6000 	C:\Windows\SYSTEM32\WINHTTP.dll
0x00007ff939170000 - 0x00007ff9391d9000 	C:\Windows\system32\mswsock.dll
0x00007ff923170000 - 0x00007ff923186000 	C:\Users\denis\.vscode\extensions\redhat.java-1.37.0-win32-x64\jre\17.0.13-win32-x86_64\bin\nio.dll
0x00007ff9275d0000 - 0x00007ff9275e0000 	c:\Users\denis\.vscode\extensions\redhat.java-1.37.0-win32-x64\jre\17.0.13-win32-x86_64\bin\verify.dll
0x00007ff907230000 - 0x00007ff907275000 	C:\Users\denis\AppData\Roaming\Code\User\globalStorage\redhat.java\1.37.0\config_win\org.eclipse.equinox.launcher\org.eclipse.equinox.launcher.win32.win32.x86_64_1.2.1100.v20240722-2106\eclipse_11904.dll
0x00007ff93bc30000 - 0x00007ff93bdd5000 	C:\Windows\System32\ole32.dll
0x00007ff9394c0000 - 0x00007ff9394db000 	C:\Windows\SYSTEM32\CRYPTSP.dll
0x00007ff938c60000 - 0x00007ff938c95000 	C:\Windows\system32\rsaenh.dll
0x00007ff939210000 - 0x00007ff939238000 	C:\Windows\SYSTEM32\USERENV.dll
0x00007ff9394a0000 - 0x00007ff9394ac000 	C:\Windows\SYSTEM32\CRYPTBASE.dll
0x00007ff938760000 - 0x00007ff93878d000 	C:\Windows\SYSTEM32\IPHLPAPI.DLL
0x00007ff93b1b0000 - 0x00007ff93b1b9000 	C:\Windows\System32\NSI.dll
0x00007ff933000000 - 0x00007ff933019000 	C:\Windows\SYSTEM32\dhcpcsvc6.DLL
0x00007ff932f40000 - 0x00007ff932f5f000 	C:\Windows\SYSTEM32\dhcpcsvc.DLL
0x00007ff9387d0000 - 0x00007ff9388d2000 	C:\Windows\SYSTEM32\DNSAPI.dll
0x00007ff906d50000 - 0x00007ff906d99000 	C:\Users\denis\AppData\Local\Temp\jna-95470071\jna3779407352039175686.dll
0x00007ff93aa50000 - 0x00007ff93aa58000 	C:\Windows\System32\PSAPI.DLL
0x00007ff9155f0000 - 0x00007ff915617000 	C:\Users\denis\.gradle\native\c067742578af261105cb4f569cf0c3c89f3d7b1fecec35dd04571415982c5e48\windows-amd64\native-platform.dll
0x00007ff928c40000 - 0x00007ff928c4a000 	C:\Users\denis\.vscode\extensions\redhat.java-1.37.0-win32-x64\jre\17.0.13-win32-x86_64\bin\management.dll
0x00007ff928790000 - 0x00007ff92879b000 	C:\Users\denis\.vscode\extensions\redhat.java-1.37.0-win32-x64\jre\17.0.13-win32-x86_64\bin\management_ext.dll

dbghelp: loaded successfully - version: 4.0.5 - missing functions: none
symbol engine: initialized successfully - sym options: 0x614 - pdb path: .;c:\Users\denis\.vscode\extensions\redhat.java-1.37.0-win32-x64\jre\17.0.13-win32-x86_64\bin;C:\Windows\SYSTEM32;C:\Windows\WinSxS\amd64_microsoft.windows.common-controls_6595b64144ccf1df_6.0.22621.4541_none_2710d1c57384c085;c:\Users\denis\.vscode\extensions\redhat.java-1.37.0-win32-x64\jre\17.0.13-win32-x86_64\bin\server;C:\Users\denis\AppData\Roaming\Code\User\globalStorage\redhat.java\1.37.0\config_win\org.eclipse.equinox.launcher\org.eclipse.equinox.launcher.win32.win32.x86_64_1.2.1100.v20240722-2106;C:\Users\denis\AppData\Local\Temp\jna-95470071;C:\Users\denis\.gradle\native\c067742578af261105cb4f569cf0c3c89f3d7b1fecec35dd04571415982c5e48\windows-amd64

VM Arguments:
jvm_args: --add-modules=ALL-SYSTEM --add-opens=java.base/java.util=ALL-UNNAMED --add-opens=java.base/java.lang=ALL-UNNAMED --add-opens=java.base/sun.nio.fs=ALL-UNNAMED -Declipse.application=org.eclipse.jdt.ls.core.id1 -Dosgi.bundles.defaultStartLevel=4 -Declipse.product=org.eclipse.jdt.ls.core.product -Djava.import.generatesMetadataFilesAtProjectRoot=false -DDetectVMInstallationsJob.disabled=true -Dfile.encoding=utf8 -XX:+UseParallelGC -XX:GCTimeRatio=4 -XX:AdaptiveSizePolicyWeight=90 -Dsun.zip.disableMemoryMapping=true -Xmx1G -Xms100m -Xlog:disable -javaagent:c:\Users\denis\.vscode\extensions\redhat.java-1.37.0-win32-x64\lombok\lombok-1.18.34.jar -XX:+HeapDumpOnOutOfMemoryError -XX:HeapDumpPath=c:\Users\denis\AppData\Roaming\Code\User\workspaceStorage\be03f7eedefe8e7533f769af1510a591\redhat.java -Daether.dependencyCollector.impl=bf 
java_command: c:\Users\denis\.vscode\extensions\redhat.java-1.37.0-win32-x64\server\plugins\org.eclipse.equinox.launcher_1.6.900.v20240613-2009.jar -configuration c:\Users\denis\AppData\Roaming\Code\User\globalStorage\redhat.java\1.37.0\config_win -data c:\Users\denis\AppData\Roaming\Code\User\workspaceStorage\be03f7eedefe8e7533f769af1510a591\redhat.java\jdt_ws --pipe=\\.\pipe\lsp-7ba971c7dcb79be169cd88b19075178e-sock
java_class_path (initial): c:\Users\denis\.vscode\extensions\redhat.java-1.37.0-win32-x64\server\plugins\org.eclipse.equinox.launcher_1.6.900.v20240613-2009.jar
Launcher Type: SUN_STANDARD

[Global flags]
    uintx AdaptiveSizePolicyWeight                 = 90                                        {product} {command line}
     intx CICompilerCount                          = 4                                         {product} {ergonomic}
    uintx GCTimeRatio                              = 4                                         {product} {command line}
     bool HeapDumpOnOutOfMemoryError               = true                                   {manageable} {command line}
    ccstr HeapDumpPath                             = c:\Users\denis\AppData\Roaming\Code\User\workspaceStorage\be03f7eedefe8e7533f769af1510a591\redhat.java         {manageable} {command line}
   size_t InitialHeapSize                          = 104857600                                 {product} {command line}
   size_t MaxHeapSize                              = 1073741824                                {product} {command line}
   size_t MaxNewSize                               = 357564416                                 {product} {ergonomic}
   size_t MinHeapDeltaBytes                        = 524288                                    {product} {ergonomic}
   size_t MinHeapSize                              = 104857600                                 {product} {command line}
   size_t NewSize                                  = 34603008                                  {product} {ergonomic}
    uintx NonNMethodCodeHeapSize                   = 5839372                                {pd product} {ergonomic}
    uintx NonProfiledCodeHeapSize                  = 122909434                              {pd product} {ergonomic}
   size_t OldSize                                  = 70254592                                  {product} {ergonomic}
    uintx ProfiledCodeHeapSize                     = 122909434                              {pd product} {ergonomic}
    uintx ReservedCodeCacheSize                    = 251658240                              {pd product} {ergonomic}
     bool SegmentedCodeCache                       = true                                      {product} {ergonomic}
   size_t SoftMaxHeapSize                          = 1073741824                             {manageable} {ergonomic}
     bool UseCompressedClassPointers               = true                           {product lp64_product} {ergonomic}
     bool UseCompressedOops                        = true                           {product lp64_product} {ergonomic}
     bool UseLargePagesIndividualAllocation        = false                                  {pd product} {ergonomic}
     bool UseParallelGC                            = true                                      {product} {command line}

Logging:
Log output configuration:
 #0: stdout all=off uptime,level,tags
 #1: stderr all=off uptime,level,tags

Environment Variables:
JAVA_HOME=D:\jdk\
PATH=C:\Program Files\Common Files\Oracle\Java\javapath;C:\ProgramData\Oracle\Java\javapath;D:\python\Scripts\;D:\python\;D:\jdk\bin;C:\Windows\system32;C:\Windows;C:\Windows\System32\Wbem;C:\Windows\System32\WindowsPowerShell\v1.0\;C:\Windows\System32\OpenSSH\;C:\Program Files\NVIDIA Corporation\NVIDIA NvDLISR;C:\Program Files (x86)\NVIDIA Corporation\PhysX\Common;D:\Git\cmd;C:\Program Files\TortoiseSVN\bin;D:\gradle\gradle-8.7\bin;D:\nodejs\;C:\Program Files\dotnet\;D:\Elixir\bin;D:\Erlang OTP\bin;C:\Users\denis\AppData\Local\Microsoft\WindowsApps;D:\Microsoft VS Code\bin;D:\gradle\gradle-8.7\bin;C:\Program Files\Java\jdk-17\bin;C:\Users\denis\AppData\Roaming\npm;D:\maven\apache-maven-3.9.9\bin;C:\Users\denis\.dotnet\tools
USERNAME=denis
OS=Windows_NT
PROCESSOR_IDENTIFIER=AMD64 Family 25 Model 33 Stepping 2, AuthenticAMD
TMP=C:\Users\denis\AppData\Local\Temp
TEMP=C:\Users\denis\AppData\Local\Temp



Periodic native trim disabled


---------------  S Y S T E M  ---------------

OS:
 Windows 11 , 64 bit Build 22621 (10.0.22621.4391)
OS uptime: 3 days 22:12 hours
Hyper-V role detected

CPU: total 12 (initial active 12) (12 cores per cpu, 2 threads per core) family 25 model 33 stepping 2 microcode 0x0, cx8, cmov, fxsr, ht, mmx, 3dnowpref, sse, sse2, sse3, ssse3, sse4a, sse4.1, sse4.2, popcnt, lzcnt, tsc, tscinvbit, avx, avx2, aes, erms, clmul, bmi1, bmi2, adx, sha, fma, vzeroupper, clflush, clflushopt, hv
Processor Information for all 12 processors :
  Max Mhz: 3701, Current Mhz: 3701, Mhz Limit: 3701

Memory: 4k page, system-wide physical 16307M (5655M free)
TotalPageFile size 30506M (AvailPageFile size 5M)
current process WorkingSet (physical memory assigned to process): 562M, peak: 562M
current process commit charge ("private bytes"): 979M, peak: 1034M

vm_info: OpenJDK 64-Bit Server VM (17.0.13+11) for windows-amd64 JRE (17.0.13+11), built on Oct 16 2024 00:10:08 by "admin" with MS VC++ 17.7 (VS2022)

END.
