#
# There is insufficient memory for the Java Runtime Environment to continue.
# Native memory allocation (mmap) failed to map 268435456 bytes for G1 virtual space
# Possible reasons:
#   The system is out of physical RAM or swap space
#   The process is running with CompressedOops enabled, and the Java Heap may be blocking the growth of the native heap
# Possible solutions:
#   Reduce memory load on the system
#   Increase physical memory or swap space
#   Check if swap backing store is full
#   Decrease Java heap size (-Xmx/-Xms)
#   Decrease number of Java threads
#   Decrease Java thread stack sizes (-Xss)
#   Set larger code cache with -XX:ReservedCodeCacheSize=
#   JVM is running with Zero Based Compressed Oops mode in which the Java heap is
#     placed in the first 32GB address space. The Java Heap base address is the
#     maximum limit for the native heap growth. Please use -XX:HeapBaseMinAddress
#     to set the Java Heap base and to place the Java Heap above 32GB virtual address.
# This output file may be truncated or incomplete.
#
#  Out of Memory Error (os_windows.cpp:3548), pid=9924, tid=10512
#
# JRE version:  (17.0.12+8) (build )
# Java VM: Java HotSpot(TM) 64-Bit Server VM (17.0.12+8-LTS-286, mixed mode, emulated-client, sharing, tiered, compressed oops, compressed class ptrs, g1 gc, windows-amd64)
# No core dump will be written. Minidumps are not enabled by default on client versions of Windows
#

---------------  S U M M A R Y ------------

Command Line: -XX:TieredStopAtLevel=1 -Dfile.encoding=UTF-8 -Duser.country=RU -Duser.language=ru -Duser.variant is.lab1.is_lab1.IsLab1Application

Host: AMD Ryzen 5 5600X 6-Core Processor             , 12 cores, 15G,  Windows 11 , 64 bit Build 22621 (10.0.22621.4391)
Time: Tue Dec 17 20:53:32 2024 RTZ 2 (s 11 , 64 bit Build 22621 (10.0.22621.4391) elapsed time: 0.006988 seconds (0d 0h 0m 0s)

---------------  T H R E A D  ---------------

Current thread (0x0000028df9bbe560):  JavaThread "Unknown thread" [_thread_in_vm, id=10512, stack(0x000000e30ed00000,0x000000e30ee00000)]

Stack: [0x000000e30ed00000,0x000000e30ee00000]
Native frames: (J=compiled Java code, j=interpreted, Vv=VM code, C=native code)
V  [jvm.dll+0x67a04a]
V  [jvm.dll+0x7da4ed]
V  [jvm.dll+0x7dbe33]
V  [jvm.dll+0x7dc4a3]
V  [jvm.dll+0x24508f]
V  [jvm.dll+0x677089]
V  [jvm.dll+0x66bd32]
V  [jvm.dll+0x301fa6]
V  [jvm.dll+0x309546]
V  [jvm.dll+0x359d2e]
V  [jvm.dll+0x359f5f]
V  [jvm.dll+0x2d9078]
V  [jvm.dll+0x2d9fe4]
V  [jvm.dll+0x7aca21]
V  [jvm.dll+0x367591]
V  [jvm.dll+0x78b999]
V  [jvm.dll+0x3ec83f]
V  [jvm.dll+0x3ee471]
C  [jli.dll+0x5297]
C  [ucrtbase.dll+0x29333]
C  [KERNEL32.DLL+0x1259d]
C  [ntdll.dll+0x5af38]


---------------  P R O C E S S  ---------------

Threads class SMR info:
_java_thread_list=0x00007ff8dc077a18, length=0, elements={
}

Java Threads: ( => current thread )

Other Threads:
  0x0000028dfbdf6da0 GCTaskThread "GC Thread#0" [stack: 0x000000e30ee00000,0x000000e30ef00000] [id=7772]
  0x0000028dfbe07bc0 ConcurrentGCThread "G1 Main Marker" [stack: 0x000000e30ef00000,0x000000e30f000000] [id=13532]
  0x0000028dfbe085d0 ConcurrentGCThread "G1 Conc#0" [stack: 0x000000e30f000000,0x000000e30f100000] [id=20828]

[error occurred during error reporting (printing all threads), id 0xc0000005, EXCEPTION_ACCESS_VIOLATION (0xc0000005) at pc=0x00007ff8db8a9b67]

VM state: not at safepoint (not fully initialized)

VM Mutex/Monitor currently owned by a thread:  ([mutex/lock_event])
[0x0000028df9bbb440] Heap_lock - owner thread: 0x0000028df9bbe560

Heap address: 0x0000000701200000, size: 4078 MB, Compressed Oops mode: Zero based, Oop shift amount: 3

CDS archive(s) mapped at: [0x0000000000000000-0x0000000000000000-0x0000000000000000), size 0, SharedBaseAddress: 0x0000000800000000, ArchiveRelocationMode: 1.
Narrow klass base: 0x0000000000000000, Narrow klass shift: 0, Narrow klass range: 0x0

GC Precious Log:
<Empty>

Heap:
 garbage-first heap   total 0K, used 0K [0x0000000701200000, 0x0000000800000000)
  region size 2048K, 0 young (0K), 0 survivors (0K)

[error occurred during error reporting (printing heap information), id 0xc0000005, EXCEPTION_ACCESS_VIOLATION (0xc0000005) at pc=0x00007ff8dbc93859]

GC Heap History (0 events):
No events

Deoptimization events (0 events):
No events

Classes unloaded (0 events):
No events

Classes redefined (0 events):
No events

Internal exceptions (0 events):
No events

VM Operations (0 events):
No events

Events (1 events):
Event: 0.004 Loaded shared library C:\Program Files\Java\jdk-17\bin\java.dll


Dynamic libraries:
0x00007ff67c9b0000 - 0x00007ff67c9c0000 	C:\Program Files\Java\jdk-17\bin\java.exe
0x00007ff93ca30000 - 0x00007ff93cc47000 	C:\Windows\SYSTEM32\ntdll.dll
0x00007ff93a7b0000 - 0x00007ff93a874000 	C:\Windows\System32\KERNEL32.DLL
0x00007ff93a160000 - 0x00007ff93a51a000 	C:\Windows\System32\KERNELBASE.dll
0x00007ff93a520000 - 0x00007ff93a631000 	C:\Windows\System32\ucrtbase.dll
0x00007ff935040000 - 0x00007ff935059000 	C:\Program Files\Java\jdk-17\bin\jli.dll
0x00007ff911bf0000 - 0x00007ff911c0b000 	C:\Program Files\Java\jdk-17\bin\VCRUNTIME140.dll
0x00007ff93af20000 - 0x00007ff93afd2000 	C:\Windows\System32\ADVAPI32.dll
0x00007ff93ae70000 - 0x00007ff93af17000 	C:\Windows\System32\msvcrt.dll
0x00007ff93be20000 - 0x00007ff93bec7000 	C:\Windows\System32\sechost.dll
0x00007ff939d00000 - 0x00007ff939d28000 	C:\Windows\System32\bcrypt.dll
0x00007ff93aa60000 - 0x00007ff93ab74000 	C:\Windows\System32\RPCRT4.dll
0x00007ff93a880000 - 0x00007ff93aa2e000 	C:\Windows\System32\USER32.dll
0x00007ff924e30000 - 0x00007ff9250c2000 	C:\Windows\WinSxS\amd64_microsoft.windows.common-controls_6595b64144ccf1df_6.0.22621.4541_none_2710d1c57384c085\COMCTL32.dll
0x00007ff93a640000 - 0x00007ff93a666000 	C:\Windows\System32\win32u.dll
0x00007ff93bdf0000 - 0x00007ff93be19000 	C:\Windows\System32\GDI32.dll
0x00007ff939f20000 - 0x00007ff93a03b000 	C:\Windows\System32\gdi32full.dll
0x00007ff93a040000 - 0x00007ff93a0da000 	C:\Windows\System32\msvcp_win.dll
0x00007ff9351d0000 - 0x00007ff9351da000 	C:\Windows\SYSTEM32\VERSION.dll
0x00007ff93c510000 - 0x00007ff93c541000 	C:\Windows\System32\IMM32.DLL
0x00007ff9352d0000 - 0x00007ff9352dc000 	C:\Program Files\Java\jdk-17\bin\vcruntime140_1.dll
0x00007ff8ff0e0000 - 0x00007ff8ff16e000 	C:\Program Files\Java\jdk-17\bin\msvcp140.dll
0x00007ff8db5c0000 - 0x00007ff8dc1a0000 	C:\Program Files\Java\jdk-17\bin\server\jvm.dll
0x00007ff93aa50000 - 0x00007ff93aa58000 	C:\Windows\System32\PSAPI.DLL
0x00007ff9275c0000 - 0x00007ff9275c9000 	C:\Windows\SYSTEM32\WSOCK32.dll
0x00007ff934340000 - 0x00007ff934374000 	C:\Windows\SYSTEM32\WINMM.dll
0x00007ff93c100000 - 0x00007ff93c171000 	C:\Windows\System32\WS2_32.dll
0x00007ff938d00000 - 0x00007ff938d18000 	C:\Windows\SYSTEM32\kernel.appcore.dll
0x00007ff91ad40000 - 0x00007ff91ad4a000 	C:\Program Files\Java\jdk-17\bin\jimage.dll
0x00007ff937690000 - 0x00007ff9378c2000 	C:\Windows\SYSTEM32\DBGHELP.DLL
0x00007ff93c180000 - 0x00007ff93c50f000 	C:\Windows\System32\combase.dll
0x00007ff93ac80000 - 0x00007ff93ad57000 	C:\Windows\System32\OLEAUT32.dll
0x00007ff922fc0000 - 0x00007ff922ff2000 	C:\Windows\SYSTEM32\dbgcore.DLL
0x00007ff939d30000 - 0x00007ff939dab000 	C:\Windows\System32\bcryptPrimitives.dll
0x00007ff90f080000 - 0x00007ff90f0a5000 	C:\Program Files\Java\jdk-17\bin\java.dll

dbghelp: loaded successfully - version: 4.0.5 - missing functions: none
symbol engine: initialized successfully - sym options: 0x614 - pdb path: .;C:\Program Files\Java\jdk-17\bin;C:\Windows\SYSTEM32;C:\Windows\WinSxS\amd64_microsoft.windows.common-controls_6595b64144ccf1df_6.0.22621.4541_none_2710d1c57384c085;C:\Program Files\Java\jdk-17\bin\server

VM Arguments:
jvm_args: -XX:TieredStopAtLevel=1 -Dfile.encoding=UTF-8 -Duser.country=RU -Duser.language=ru -Duser.variant 
java_command: is.lab1.is_lab1.IsLab1Application
java_class_path (initial): C:\Users\denis\Documents\is-lab1\back\build\classes\java\main;C:\Users\denis\Documents\is-lab1\back\build\resources\main;C:\Users\denis\.gradle\caches\modules-2\files-2.1\org.eclipse.persistence\eclipselink\4.0.2\6fe135839da56e3772561f89bba115144ba6d3a4\eclipselink-4.0.2.jar;C:\Users\denis\.gradle\caches\modules-2\files-2.1\org.hibernate.orm\hibernate-core\6.5.3.Final\1e23c320a5d10f5eaecbd23095fca5c5c83c1fb5\hibernate-core-6.5.3.Final.jar;C:\Users\denis\.gradle\caches\modules-2\files-2.1\jakarta.persistence\jakarta.persistence-api\3.1.0\66901fa1c373c6aff65c13791cc11da72060a8d6\jakarta.persistence-api-3.1.0.jar;C:\Users\denis\.gradle\caches\modules-2\files-2.1\io.jsonwebtoken\jjwt-impl\0.11.5\40a599f0e8a8e4e0701596fbb15e67bfda64fdf0\jjwt-impl-0.11.5.jar;C:\Users\denis\.gradle\caches\modules-2\files-2.1\io.jsonwebtoken\jjwt-jackson\0.11.5\3b83a06809e98a69402d7333dcf67df6f6ea4579\jjwt-jackson-0.11.5.jar;C:\Users\denis\.gradle\caches\modules-2\files-2.1\io.jsonwebtoken\jjwt-api\0.11.5\f742940045619d06383e7df37b21ac422b476cf1\jjwt-api-0.11.5.jar;C:\Users\denis\.gradle\caches\modules-2\files-2.1\org.postgresql\postgresql\42.7.4\264310fd7b2cd76738787dc0b9f7ea2e3b11adc1\postgresql-42.7.4.jar;C:\Users\denis\.gradle\caches\modules-2\files-2.1\org.springframework.data\spring-data-jpa\3.3.4\f92296e4b6d18f5f79c5e6074da96bf0de2006d3\spring-data-jpa-3.3.4.jar;C:\Users\denis\.gradle\caches\modules-2\files-2.1\org.springframework\spring-aspects\6.1.13\d606215f2876e8a3ed1945db5adfbb76a7e3f0e7\spring-aspects-6.1.13.jar;C:\Users\denis\.gradle\caches\modules-2\files-2.1\com.sun.xml.bind\jaxb-xjc\4.0.5\596cc40d3074baee5ab345c1e34a8f46c2a890cf\jaxb-xjc-4.0.5.jar;C:\Users\denis\.gradle\caches\modules-2\files-2.1\com.sun.xml.bind\jaxb-core\4.0.5\ad427d8777ae2495bfcb37069d611e8379867e6d\jaxb-core-4.0.5.jar;C:\Users\denis\.gradle\caches\modules-2\files-2.1\org.glassfish.jaxb\jaxb-runtime\4.0.5\ca84c2a7169b5293e232b9d00d1e4e36d4c3914a\jaxb-runtime-4.0.5.jar;C:\User
Launcher Type: SUN_STANDARD

[Global flags]
     intx CICompilerCount                          = 4                                         {product} {ergonomic}
     uint ConcGCThreads                            = 3                                         {product} {ergonomic}
     uint G1ConcRefinementThreads                  = 10                                        {product} {ergonomic}
   size_t G1HeapRegionSize                         = 2097152                                   {product} {ergonomic}
    uintx GCDrainStackTargetSize                   = 64                                        {product} {ergonomic}
   size_t InitialHeapSize                          = 268435456                                 {product} {ergonomic}
   size_t MarkStackSize                            = 4194304                                   {product} {ergonomic}
   size_t MaxHeapSize                              = 4276092928                                {product} {ergonomic}
   size_t MinHeapDeltaBytes                        = 2097152                                   {product} {ergonomic}
   size_t MinHeapSize                              = 8388608                                   {product} {ergonomic}
    uintx NonProfiledCodeHeapSize                  = 0                                      {pd product} {ergonomic}
     bool ProfileInterpreter                       = false                                  {pd product} {command line}
    uintx ProfiledCodeHeapSize                     = 0                                      {pd product} {ergonomic}
   size_t SoftMaxHeapSize                          = 4276092928                             {manageable} {ergonomic}
     intx TieredStopAtLevel                        = 1                                         {product} {command line}
     bool UseCompressedClassPointers               = true                           {product lp64_product} {ergonomic}
     bool UseCompressedOops                        = true                           {product lp64_product} {ergonomic}
     bool UseG1GC                                  = true                                      {product} {ergonomic}
     bool UseLargePagesIndividualAllocation        = false                                  {pd product} {ergonomic}

Logging:
Log output configuration:
 #0: stdout all=warning uptime,level,tags
 #1: stderr all=off uptime,level,tags

Environment Variables:
JAVA_HOME=D:\jdk\
PATH=C:\Users\denis\bin;D:\Git\mingw64\bin;D:\Git\usr\local\bin;D:\Git\usr\bin;D:\Git\usr\bin;D:\Git\mingw64\bin;D:\Git\usr\bin;C:\Users\denis\bin;C:\Program Files\Common Files\Oracle\Java\javapath;C:\ProgramData\Oracle\Java\javapath;D:\python\Scripts;D:\python;D:\jdk\bin;C:\Windows\system32;C:\Windows;C:\Windows\System32\Wbem;C:\Windows\System32\WindowsPowerShell\v1.0;C:\Windows\System32\OpenSSH;C:\Program Files\NVIDIA Corporation\NVIDIA NvDLISR;C:\Program Files (x86)\NVIDIA Corporation\PhysX\Common;D:\Git\cmd;C:\Program Files\TortoiseSVN\bin;D:\gradle\gradle-8.7\bin;D:\nodejs;C:\Program Files\dotnet;D:\Elixir\bin;D:\Erlang OTP\bin;C:\Users\denis\AppData\Local\Microsoft\WindowsApps;D:\Microsoft VS Code\bin;D:\gradle\gradle-8.7\bin;C:\Program Files\Java\jdk-17\bin;C:\Users\denis\AppData\Roaming\npm;D:\maven\apache-maven-3.9.9\bin;C:\Users\denis\.dotnet\tools;D:\Git\usr\bin\vendor_perl;D:\Git\usr\bin\core_perl
USERNAME=denis
SHELL=D:\Git\usr\bin\bash.exe
DISPLAY=needs-to-be-defined
LANG=en_US.UTF-8
OS=Windows_NT
PROCESSOR_IDENTIFIER=AMD64 Family 25 Model 33 Stepping 2, AuthenticAMD



---------------  S Y S T E M  ---------------

OS:
 Windows 11 , 64 bit Build 22621 (10.0.22621.4391)
OS uptime: 3 days 22:06 hours
Hyper-V role detected

CPU: total 12 (initial active 12) (12 cores per cpu, 2 threads per core) family 25 model 33 stepping 2 microcode 0x0, cx8, cmov, fxsr, ht, mmx, 3dnowpref, sse, sse2, sse3, ssse3, sse4a, sse4.1, sse4.2, popcnt, lzcnt, tsc, tscinvbit, avx, avx2, aes, erms, clmul, bmi1, bmi2, adx, sha, fma, vzeroupper, clflush, clflushopt, hv

Memory: 4k page, system-wide physical 16307M (5420M free)
TotalPageFile size 30506M (AvailPageFile size 191M)
current process WorkingSet (physical memory assigned to process): 11M, peak: 11M
current process commit charge ("private bytes"): 59M, peak: 315M

vm_info: Java HotSpot(TM) 64-Bit Server VM (17.0.12+8-LTS-286) for windows-amd64 JRE (17.0.12+8-LTS-286), built on Jun  5 2024 06:46:59 by "mach5one" with MS VC++ 17.6 (VS2022)

END.
