#
# There is insufficient memory for the Java Runtime Environment to continue.
# Native memory allocation (mmap) failed to map 268435456 bytes for G1 virtual space
# Possible reasons:
#   The system is out of physical RAM or swap space
#   The process is running with CompressedOops enabled, and the Java Heap may be blocking the growth of the native heap
# Possible solutions:
#   Reduce memory load on the system
#   Increase physical memory or swap space
#   Check if swap backing store is full
#   Decrease Java heap size (-Xmx/-Xms)
#   Decrease number of Java threads
#   Decrease Java thread stack sizes (-Xss)
#   Set larger code cache with -XX:ReservedCodeCacheSize=
#   JVM is running with Zero Based Compressed Oops mode in which the Java heap is
#     placed in the first 32GB address space. The Java Heap base address is the
#     maximum limit for the native heap growth. Please use -XX:HeapBaseMinAddress
#     to set the Java Heap base and to place the Java Heap above 32GB virtual address.
# This output file may be truncated or incomplete.
#
#  Out of Memory Error (os_windows.cpp:3600), pid=17472, tid=1588
#
# JRE version:  (21.0.2+13) (build )
# Java VM: OpenJDK 64-Bit Server VM (21.0.2+13-LTS, mixed mode, emulated-client, sharing, tiered, compressed oops, compressed class ptrs, g1 gc, windows-amd64)
# No core dump will be written. Minidumps are not enabled by default on client versions of Windows
#

---------------  S U M M A R Y ------------

Command Line: -XX:TieredStopAtLevel=1 -Dfile.encoding=UTF-8 -Duser.country=RU -Duser.language=ru -Duser.variant is.lab1.is_lab1.IsLab1Application

Host: AMD Ryzen 5 5600X 6-Core Processor             , 12 cores, 15G,  Windows 11 , 64 bit Build 22621 (10.0.22621.4391)
Time: Tue Dec 17 21:03:23 2024 RTZ 2 (s 11 , 64 bit Build 22621 (10.0.22621.4391) elapsed time: 0.006302 seconds (0d 0h 0m 0s)

---------------  T H R E A D  ---------------

Current thread (0x0000020bd0361490):  JavaThread "Unknown thread" [_thread_in_vm, id=1588, stack(0x000000771d500000,0x000000771d600000) (1024K)]

Stack: [0x000000771d500000,0x000000771d600000]
Native frames: (J=compiled Java code, j=interpreted, Vv=VM code, C=native code)
V  [jvm.dll+0x6c94f9]
V  [jvm.dll+0x8a3c21]
V  [jvm.dll+0x8a614e]
V  [jvm.dll+0x8a6823]
V  [jvm.dll+0x27fa86]
V  [jvm.dll+0x6c5c75]
V  [jvm.dll+0x6ba96a]
V  [jvm.dll+0x35398a]
V  [jvm.dll+0x35b536]
V  [jvm.dll+0x3ac6be]
V  [jvm.dll+0x3ac968]
V  [jvm.dll+0x327bcc]
V  [jvm.dll+0x32872b]
V  [jvm.dll+0x86ccf9]
V  [jvm.dll+0x3b96c1]
V  [jvm.dll+0x854ec8]
V  [jvm.dll+0x44d44e]
V  [jvm.dll+0x44eed1]
C  [jli.dll+0x5278]
C  [ucrtbase.dll+0x29333]
C  [KERNEL32.DLL+0x1259d]
C  [ntdll.dll+0x5af38]


---------------  P R O C E S S  ---------------

Threads class SMR info:
_java_thread_list=0x00007ff8de02f088, length=0, elements={
}

Java Threads: ( => current thread )
Total: 0

Other Threads:
  0x0000020bd03c4e90 WorkerThread "GC Thread#0"                     [id=14504, stack(0x000000771d600000,0x000000771d700000) (1024K)]
  0x0000020bd03d6e10 ConcurrentGCThread "G1 Main Marker"            [id=9932, stack(0x000000771d700000,0x000000771d800000) (1024K)]
  0x0000020bd03d7fd0 WorkerThread "G1 Conc#0"                       [id=16124, stack(0x000000771d800000,0x000000771d900000) (1024K)]

[error occurred during error reporting (printing all threads), id 0xc0000005, EXCEPTION_ACCESS_VIOLATION (0xc0000005) at pc=0x00007ff8dd73a4f7]
VM state: not at safepoint (not fully initialized)

VM Mutex/Monitor currently owned by a thread:  ([mutex/lock_event])
[0x00007ff8de0a3298] Heap_lock - owner thread: 0x0000020bd0361490

Heap address: 0x0000000701200000, size: 4078 MB, Compressed Oops mode: Zero based, Oop shift amount: 3

CDS archive(s) mapped at: [0x0000000000000000-0x0000000000000000-0x0000000000000000), size 0, SharedBaseAddress: 0x0000000800000000, ArchiveRelocationMode: 1.
Narrow klass base: 0x0000000000000000, Narrow klass shift: 0, Narrow klass range: 0x0

GC Precious Log:
 CardTable entry size: 512
 Card Set container configuration: InlinePtr #cards 4 size 8 Array Of Cards #cards 16 size 48 Howl #buckets 8 coarsen threshold 3686 Howl Bitmap #cards 512 size 80 coarsen threshold 460 Card regions per heap region 1 cards per card region 4096

Heap:
 garbage-first heap   total 0K, used 0K [0x0000000701200000, 0x0000000800000000)
  region size 2048K, 0 young (0K), 0 survivors (0K)

[error occurred during error reporting (printing heap information), id 0xc0000005, EXCEPTION_ACCESS_VIOLATION (0xc0000005) at pc=0x00007ff8ddb223c9]
GC Heap History (0 events):
No events

Dll operation events (1 events):
Event: 0.004 Loaded shared library D:\jdk\bin\java.dll

Deoptimization events (0 events):
No events

Classes loaded (0 events):
No events

Classes unloaded (0 events):
No events

Classes redefined (0 events):
No events

Internal exceptions (0 events):
No events

ZGC Phase Switch (0 events):
No events

VM Operations (0 events):
No events

Events (0 events):
No events


Dynamic libraries:
0x00007ff79ff90000 - 0x00007ff79ff9e000 	D:\jdk\bin\java.exe
0x00007ff93ca30000 - 0x00007ff93cc47000 	C:\Windows\SYSTEM32\ntdll.dll
0x00007ff93a7b0000 - 0x00007ff93a874000 	C:\Windows\System32\KERNEL32.DLL
0x00007ff93a160000 - 0x00007ff93a51a000 	C:\Windows\System32\KERNELBASE.dll
0x00007ff93a520000 - 0x00007ff93a631000 	C:\Windows\System32\ucrtbase.dll
0x00007ff9352b0000 - 0x00007ff9352c8000 	D:\jdk\bin\jli.dll
0x00007ff9155d0000 - 0x00007ff9155eb000 	D:\jdk\bin\VCRUNTIME140.dll
0x00007ff93a880000 - 0x00007ff93aa2e000 	C:\Windows\System32\USER32.dll
0x00007ff93a640000 - 0x00007ff93a666000 	C:\Windows\System32\win32u.dll
0x00007ff924e30000 - 0x00007ff9250c2000 	C:\Windows\WinSxS\amd64_microsoft.windows.common-controls_6595b64144ccf1df_6.0.22621.4541_none_2710d1c57384c085\COMCTL32.dll
0x00007ff93bdf0000 - 0x00007ff93be19000 	C:\Windows\System32\GDI32.dll
0x00007ff93ae70000 - 0x00007ff93af17000 	C:\Windows\System32\msvcrt.dll
0x00007ff939f20000 - 0x00007ff93a03b000 	C:\Windows\System32\gdi32full.dll
0x00007ff93a040000 - 0x00007ff93a0da000 	C:\Windows\System32\msvcp_win.dll
0x00007ff93c510000 - 0x00007ff93c541000 	C:\Windows\System32\IMM32.DLL
0x00007ff9368c0000 - 0x00007ff9368cc000 	D:\jdk\bin\vcruntime140_1.dll
0x00007ff9019c0000 - 0x00007ff901a4e000 	D:\jdk\bin\msvcp140.dll
0x00007ff8dd400000 - 0x00007ff8de183000 	D:\jdk\bin\server\jvm.dll
0x00007ff93af20000 - 0x00007ff93afd2000 	C:\Windows\System32\ADVAPI32.dll
0x00007ff93be20000 - 0x00007ff93bec7000 	C:\Windows\System32\sechost.dll
0x00007ff939d00000 - 0x00007ff939d28000 	C:\Windows\System32\bcrypt.dll
0x00007ff93aa60000 - 0x00007ff93ab74000 	C:\Windows\System32\RPCRT4.dll
0x00007ff93c100000 - 0x00007ff93c171000 	C:\Windows\System32\WS2_32.dll
0x00007ff939a20000 - 0x00007ff939a6d000 	C:\Windows\SYSTEM32\POWRPROF.dll
0x00007ff934340000 - 0x00007ff934374000 	C:\Windows\SYSTEM32\WINMM.dll
0x00007ff9351d0000 - 0x00007ff9351da000 	C:\Windows\SYSTEM32\VERSION.dll
0x00007ff939a00000 - 0x00007ff939a13000 	C:\Windows\SYSTEM32\UMPDC.dll
0x00007ff938d00000 - 0x00007ff938d18000 	C:\Windows\SYSTEM32\kernel.appcore.dll
0x00007ff932de0000 - 0x00007ff932dea000 	D:\jdk\bin\jimage.dll
0x00007ff937690000 - 0x00007ff9378c2000 	C:\Windows\SYSTEM32\DBGHELP.DLL
0x00007ff93c180000 - 0x00007ff93c50f000 	C:\Windows\System32\combase.dll
0x00007ff93ac80000 - 0x00007ff93ad57000 	C:\Windows\System32\OLEAUT32.dll
0x00007ff922fc0000 - 0x00007ff922ff2000 	C:\Windows\SYSTEM32\dbgcore.DLL
0x00007ff939d30000 - 0x00007ff939dab000 	C:\Windows\System32\bcryptPrimitives.dll
0x00007ff914f20000 - 0x00007ff914f3f000 	D:\jdk\bin\java.dll

dbghelp: loaded successfully - version: 4.0.5 - missing functions: none
symbol engine: initialized successfully - sym options: 0x614 - pdb path: .;D:\jdk\bin;C:\Windows\SYSTEM32;C:\Windows\WinSxS\amd64_microsoft.windows.common-controls_6595b64144ccf1df_6.0.22621.4541_none_2710d1c57384c085;D:\jdk\bin\server

VM Arguments:
jvm_args: -XX:TieredStopAtLevel=1 -Dfile.encoding=UTF-8 -Duser.country=RU -Duser.language=ru -Duser.variant 
java_command: is.lab1.is_lab1.IsLab1Application
java_class_path (initial): C:\Users\denis\Documents\is-lab1\back\build\classes\java\main;C:\Users\denis\Documents\is-lab1\back\build\resources\main;C:\Users\denis\.gradle\caches\modules-2\files-2.1\org.eclipse.persistence\eclipselink\4.0.2\6fe135839da56e3772561f89bba115144ba6d3a4\eclipselink-4.0.2.jar;C:\Users\denis\.gradle\caches\modules-2\files-2.1\org.hibernate.orm\hibernate-core\6.5.3.Final\1e23c320a5d10f5eaecbd23095fca5c5c83c1fb5\hibernate-core-6.5.3.Final.jar;C:\Users\denis\.gradle\caches\modules-2\files-2.1\jakarta.persistence\jakarta.persistence-api\3.1.0\66901fa1c373c6aff65c13791cc11da72060a8d6\jakarta.persistence-api-3.1.0.jar;C:\Users\denis\.gradle\caches\modules-2\files-2.1\io.jsonwebtoken\jjwt-impl\0.11.5\40a599f0e8a8e4e0701596fbb15e67bfda64fdf0\jjwt-impl-0.11.5.jar;C:\Users\denis\.gradle\caches\modules-2\files-2.1\io.jsonwebtoken\jjwt-jackson\0.11.5\3b83a06809e98a69402d7333dcf67df6f6ea4579\jjwt-jackson-0.11.5.jar;C:\Users\denis\.gradle\caches\modules-2\files-2.1\io.jsonwebtoken\jjwt-api\0.11.5\f742940045619d06383e7df37b21ac422b476cf1\jjwt-api-0.11.5.jar;C:\Users\denis\.gradle\caches\modules-2\files-2.1\org.postgresql\postgresql\42.7.4\264310fd7b2cd76738787dc0b9f7ea2e3b11adc1\postgresql-42.7.4.jar;C:\Users\denis\.gradle\caches\modules-2\files-2.1\org.springframework.data\spring-data-jpa\3.3.4\f92296e4b6d18f5f79c5e6074da96bf0de2006d3\spring-data-jpa-3.3.4.jar;C:\Users\denis\.gradle\caches\modules-2\files-2.1\org.springframework\spring-aspects\6.1.13\d606215f2876e8a3ed1945db5adfbb76a7e3f0e7\spring-aspects-6.1.13.jar;C:\Users\denis\.gradle\caches\modules-2\files-2.1\com.sun.xml.bind\jaxb-xjc\4.0.5\596cc40d3074baee5ab345c1e34a8f46c2a890cf\jaxb-xjc-4.0.5.jar;C:\Users\denis\.gradle\caches\modules-2\files-2.1\com.sun.xml.bind\jaxb-core\4.0.5\ad427d8777ae2495bfcb37069d611e8379867e6d\jaxb-core-4.0.5.jar;C:\Users\denis\.gradle\caches\modules-2\files-2.1\org.glassfish.jaxb\jaxb-runtime\4.0.5\ca84c2a7169b5293e232b9d00d1e4e36d4c3914a\jaxb-runtime-4.0.5.jar;C:\Users\denis\.gradle\caches\modules-2\files-2.1\org.glassfish.jaxb\jaxb-core\4.0.5\7b4b11ea5542eea4ad55e1080b23be436795b3\jaxb-core-4.0.5.jar;C:\Users\denis\.gradle\caches\modules-2\files-2.1\jakarta.xml.bind\jakarta.xml.bind-api\4.0.2\6cd5a999b834b63238005b7144136379dc36cad2\jakarta.xml.bind-api-4.0.2.jar;C:\Users\denis\.gradle\caches\modules-2\files-2.1\org.springframework.security\spring-security-config\6.3.3\57b2c01e0a9e12b4418668ebc369e39b648e61bb\spring-security-config-6.3.3.jar;C:\Users\denis\.gradle\caches\modules-2\files-2.1\org.springframework.security\spring-security-web\6.3.3\54455b90899cd803e92b020124e859a859f63ee0\spring-security-web-6.3.3.jar;C:\Users\denis\.gradle\caches\modules-2\files-2.1\org.springframework\spring-webmvc\6.1.13\ca5f025b133c69026bfe01daa6132d0ac2e4a59f\spring-webmvc-6.1.13.jar;C:\Users\denis\.gradle\caches\modules-2\files-2.1\org.springframework\spring-websocket\6.1.13\aa5f14cc0c8ddeb9be2c638309467f17add0dfd4\spring-websocket-6.1.13.jar;C:\Users\denis\.gradle\caches\modules-2\files-2.1\org.springframework\spring-context-support\6.1.13\661432476697bf20b9d0c4842edd1cf84891e405\spring-context-support-6.1.13.jar;C:\Users\denis\.gradle\caches\modules-2\files-2.1\org.springframework.boot\spring-boot-autoconfigure\3.3.4\979234a0f3035fe60d5e505018789f98a7ec7ee3\spring-boot-autoconfigure-3.3.4.jar;C:\Users\denis\.gradle\caches\modules-2\files-2.1\org.springframework.boot\spring-boot\3.3.4\f06c6950aa5766b63328e821641f5c7d71be819d\spring-boot-3.3.4.jar;C:\Users\denis\.gradle\caches\modules-2\files-2.1\org.springframework.security\spring-security-core\6.3.3\2bf159e3db212d61408a2f728d6d7252dfaf4710\spring-security-core-6.3.3.jar;C:\Users\denis\.gradle\caches\modules-2\files-2.1\org.springframework\spring-context\6.1.13\d5163ddae069c5d78c841cd3a60c4db25bf16401\spring-context-6.1.13.jar;C:\Users\denis\.gradle\caches\modules-2\files-2.1\org.springframework\spring-aop\6.1.13\ad2c631e1717fdc6d91d56c06d4fd61e0215c19a\spring-aop-6.1.13.jar;C:\Users\denis\.gradle\caches\modules-2\files-2.1\org.apache.tomcat.embed\tomcat-embed-el\10.1.30\432b176aa50de87c3bbda99b0fe85523abfd1382\tomcat-embed-el-10.1.30.jar;C:\Users\denis\.gradle\caches\modules-2\files-2.1\org.hibernate.validator\hibernate-validator\8.0.1.Final\e49e116b3d3928060599b176b3538bb848718e95\hibernate-validator-8.0.1.Final.jar;C:\Users\denis\.gradle\caches\modules-2\files-2.1\org.springframework\spring-web\6.1.13\e4028dbbc4ae1fb4bfd3257c53302956d7687b66\spring-web-6.1.13.jar;C:\Users\denis\.gradle\caches\modules-2\files-2.1\org.springframework\spring-messaging\6.1.13\97691b76bf2bbacd07e8e2af31cd3d5aee56ce22\spring-messaging-6.1.13.jar;C:\Users\denis\.gradle\caches\modules-2\files-2.1\org.eclipse.angus\jakarta.mail\2.0.3\3dea6aeee9603f573687b0d4da5dc1316d921bb7\jakarta.mail-2.0.3.jar;C:\Users\denis\.gradle\caches\modules-2\files-2.1\com.fasterxml.jackson.datatype\jackson-datatype-jsr310\2.17.2\267b85e9ba2892a37be6d80aa9ca1438a0d8c210\jackson-datatype-jsr310-2.17.2.jar;C:\Users\denis\.gradle\caches\modules-2\files-2.1\com.fasterxml.jackson.module\jackson-module-parameter-names\2.17.2\d27b9f95ccce98984c1ba58d61c5a9c072b1ad95\jackson-module-parameter-names-2.17.2.jar;C:\Users\denis\.gradle\caches\modules-2\files-2.1\com.fasterxml.jackson.core\jackson-annotations\2.17.2\147b7b9412ffff24339f8aba080b292448e08698\jackson-annotations-2.17.2.jar;C:\Users\denis\.gradle\caches\modules-2\files-2.1\com.fasterxml.jackson.core\jackson-core\2.17.2\969a35cb35c86512acbadcdbbbfb044c877db814\jackson-core-2.17.2.jar;C:\Users\denis\.gradle\caches\modules-2\files-2.1\com.fasterxml.jackson.datatype\jackson-datatype-jdk8\2.17.2\efd3dd0e1d0db8bc72abbe71c15e697bb83b4b45\jackson-datatype-jdk8-2.17.2.jar;C:\Users\denis\.gradle\caches\modules-2\files-2.1\com.fasterxml.jackson.core\jackson-databind\2.17.2\e6deb029e5901e027c129341fac39e515066b68c\jackson-databind-2.17.2.jar;C:\Users\denis\.gradle\caches\modules-2\files-2.1\org.checkerframework\checker-qual\3.42.0\638ec33f363a94d41a4f03c3e7d3dcfba64e402d\checker-qual-3.42.0.jar;C:\Users\denis\.gradle\caches\modules-2\files-2.1\org.aspectj\aspectjweaver\1.9.22.1\bca243d0af0db4758fbae45c5f4995cb5dabb612\aspectjweaver-1.9.22.1.jar;C:\Users\denis\.gradle\caches\modules-2\files-2.1\com.zaxxer\HikariCP\5.1.0\8c96e36c14461fc436bb02b264b96ef3ca5dca8c\HikariCP-5.1.0.jar;C:\Users\denis\.gradle\caches\modules-2\files-2.1\org.springframework\spring-orm\6.1.13\68093388cd8fca9ad2731e63bfb8de3f2604474\spring-orm-6.1.13.jar;C:\Users\denis\.gradle\caches\modules-2\files-2.1\org.springframework\spring-jdbc\6.1.13\11811219be3452cfd989c57d3de4529f6927352f\spring-jdbc-6.1.13.jar;C:\Users\denis\.gradle\caches\modules-2\files-2.1\jakarta.transaction\jakarta.transaction-api\2.0.1\51a520e3fae406abb84e2e1148e6746ce3f80a1a\jakarta.transaction-api-2.0.1.jar;C:\Users\denis\.gradle\caches\modules-2\files-2.1\org.jboss.logging\jboss-logging\3.5.3.Final\c88fc1d8a96d4c3491f55d4317458ccad53ca663\jboss-logging-3.5.3.Final.jar;C:\Users\denis\.gradle\caches\modules-2\files-2.1\org.hibernate.common\hibernate-commons-annotations\6.0.6.Final\77a5f94b56d49508e0ee334751db5b78e5ccd50c\hibernate-commons-annotations-6.0.6.Final.jar;C:\Users\denis\.gradle\caches\modules-2\files-2.1\io.smallrye\jandex\3.1.2\a6c1c89925c7df06242b03dddb353116ceb9584c\jandex-3.1.2.jar;C:\Users\denis\.gradle\caches\modules-2\files-2.1\com.fasterxml\classmate\1.7.0\e98374da1f2143ac8e6e0a95036994bb19137a3\classmate-1.7.0.jar;C:\Users\denis\.gradle\caches\modules-2\files-2.1\net.bytebuddy\byte-buddy\1.14.19\4c0c637b8f47dc08f89240e6f59900011752c97b\byte-buddy-1.14.19.jar;C:\Users\denis\.gradle\caches\modules-2\files-2.1\jakarta.inject\jakarta.inject-api\2.0.1\4c28afe1991a941d7702fe1362c365f0a8641d1e\jakarta.inject-api-2.0.1.jar;C:\Users\denis\.gradle\caches\modules-2\files-2.1\org.antlr\antlr4-runtime\4.13.0\5a02e48521624faaf5ff4d99afc88b01686af655\antlr4-runtime-4.13.0.jar;C:\Users\denis\.gradle\caches\modules-2\files-2.1\org.springframework.data\spring-data-commons\3.3.4\f0f6bca5b0cd7d318666e2d3f02726c615334678\spring-data-commons-3.3.4.jar;C:\Users\denis\.gradle\caches\modules-2\files-2.1\org.springframework\spring-tx\6.1.13\ed041ecf9a5f480e1b11d0b58a06d8034ff8cfea\spring-tx-6.1.13.jar;C:\Users\denis\.gradle\caches\modules-2\files-2.1\org.springframework\spring-beans\6.1.13\90bbee6278b46b145e64e5ae29316bdd459c6826\spring-beans-6.1.13.jar;C:\Users\denis\.gradle\caches\modules-2\files-2.1\org.springframework\spring-expression\6.1.13\be30254712ca0549cbd539ba05c57064917253f3\spring-expression-6.1.13.jar;C:\Users\denis\.gradle\caches\modules-2\files-2.1\org.springframework\spring-core\6.1.13\ddbd765408d2665f47017c8f05a7682012f91da3\spring-core-6.1.13.jar;C:\Users\denis\.gradle\caches\modules-2\files-2.1\jakarta.annotation\jakarta.annotation-api\2.1.1\48b9bda22b091b1f48b13af03fe36db3be6e1ae3\jakarta.annotation-api-2.1.1.jar;C:\Users\denis\.gradle\caches\modules-2\files-2.1\ch.qos.logback\logback-classic\1.5.8\229bb1ef6b14dfbf74ff443af9097d836dc5f0dd\logback-classic-1.5.8.jar;C:\Users\denis\.gradle\caches\modules-2\files-2.1\org.apache.logging.log4j\log4j-to-slf4j\2.23.1\425ad1eb8a39904d2830e907a324e956fb456520\log4j-to-slf4j-2.23.1.jar;C:\Users\denis\.gradle\caches\modules-2\files-2.1\org.slf4j\jul-to-slf4j\2.0.16\6d57da3e961daac65bcca0dd3def6cd11e48a24a\jul-to-slf4j-2.0.16.jar;C:\Users\denis\.gradle\caches\modules-2\files-2.1\org.slf4j\slf4j-api\2.0.16\172931663a09a1fa515567af5fbef00897d3c04\slf4j-api-2.0.16.jar;C:\Users\denis\.gradle\caches\modules-2\files-2.1\org.eclipse.angus\angus-activation\2.0.2\41f1e0ddd157c856926ed149ab837d110955a9fc\angus-activation-2.0.2.jar;C:\Users\denis\.gradle\caches\modules-2\files-2.1\jakarta.activation\jakarta.activation-api\2.1.3\fa165bd70cda600368eee31555222776a46b881f\jakarta.activation-api-2.1.3.jar;C:\Users\denis\.gradle\caches\modules-2\files-2.1\org.yaml\snakeyaml\2.2\3af797a25458550a16bf89acc8e4ab2b7f2bfce0\snakeyaml-2.2.jar;C:\Users\denis\.gradle\caches\modules-2\files-2.1\jakarta.validation\jakarta.validation-api\3.0.2\92b6631659ba35ca09e44874d3eb936edfeee532\jakarta.validation-api-3.0.2.jar;C:\Users\denis\.gradle\caches\modules-2\files-2.1\org.apache.tomcat.embed\tomcat-embed-websocket\10.1.30\b8cc73d6878688d5afb8fb78c3f9ea1bc3e5e6cf\tomcat-embed-websocket-10.1.30.jar;C:\Users\denis\.gradle\caches\modules-2\files-2.1\org.apache.tomcat.embed\tomcat-embed-core\10.1.30\852ff3547f179175feaff39c443e9b980ec2cc2\tomcat-embed-core-10.1.30.jar;C:\Users\denis\.gradle\caches\modules-2\files-2.1\io.micrometer\micrometer-observation\1.13.4\2673c9b181ab2512002b23b7ad0f1dd02212696c\micrometer-observation-1.13.4.jar;C:\Users\denis\.gradle\caches\modules-2\files-2.1\org.springframework\spring-jcl\6.1.13\37291ff008a66a9dbf2c98e11bd468cfadaa7ebc\spring-jcl-6.1.13.jar;C:\Users\denis\.gradle\caches\modules-2\files-2.1\org.springframework.security\spring-security-crypto\6.3.3\a44e901cd1cfa1d6c20d30b69b83499e12e607a1\spring-security-crypto-6.3.3.jar;C:\Users\denis\.gradle\caches\modules-2\files-2.1\io.micrometer\micrometer-commons\1.13.4\edcf69518a4c382c48e19c7fb7d4aedfb115c0c3\micrometer-commons-1.13.4.jar;C:\Users\denis\.gradle\caches\modules-2\files-2.1\org.glassfish.jaxb\txw2\4.0.5\f36a4ef12120a9bb06d766d6a0e54b144fd7ed98\txw2-4.0.5.jar;C:\Users\denis\.gradle\caches\modules-2\files-2.1\com.sun.istack\istack-commons-runtime\4.1.2\18ec117c85f3ba0ac65409136afa8e42bc74e739\istack-commons-runtime-4.1.2.jar;C:\Users\denis\.gradle\caches\modules-2\files-2.1\ch.qos.logback\logback-core\1.5.8\3fce599197de3b6f387cc9bee412ead2b4994a46\logback-core-1.5.8.jar;C:\Users\denis\.gradle\caches\modules-2\files-2.1\org.apache.logging.log4j\log4j-api\2.23.1\9c15c29c526d9c6783049c0a77722693c66706e1\log4j-api-2.23.1.jar
Launcher Type: SUN_STANDARD

[Global flags]
     intx CICompilerCount                          = 4                                         {product} {ergonomic}
     uint ConcGCThreads                            = 3                                         {product} {ergonomic}
     uint G1ConcRefinementThreads                  = 10                                        {product} {ergonomic}
   size_t G1HeapRegionSize                         = 2097152                                   {product} {ergonomic}
    uintx GCDrainStackTargetSize                   = 64                                        {product} {ergonomic}
   size_t InitialHeapSize                          = 268435456                                 {product} {ergonomic}
   size_t MarkStackSize                            = 4194304                                   {product} {ergonomic}
   size_t MaxHeapSize                              = 4276092928                                {product} {ergonomic}
   size_t MinHeapDeltaBytes                        = 2097152                                   {product} {ergonomic}
   size_t MinHeapSize                              = 8388608                                   {product} {ergonomic}
    uintx NonNMethodCodeHeapSize                   = 4096                                   {pd product} {ergonomic}
    uintx NonProfiledCodeHeapSize                  = 0                                      {pd product} {ergonomic}
     bool ProfileInterpreter                       = false                                  {pd product} {command line}
    uintx ProfiledCodeHeapSize                     = 0                                      {pd product} {ergonomic}
   size_t SoftMaxHeapSize                          = 4276092928                             {manageable} {ergonomic}
     intx TieredStopAtLevel                        = 1                                         {product} {command line}
     bool UseCompressedOops                        = true                           {product lp64_product} {ergonomic}
     bool UseG1GC                                  = true                                      {product} {ergonomic}
     bool UseLargePagesIndividualAllocation        = false                                  {pd product} {ergonomic}

Logging:
Log output configuration:
 #0: stdout all=warning uptime,level,tags foldmultilines=false
 #1: stderr all=off uptime,level,tags foldmultilines=false

Environment Variables:
JAVA_HOME=D:\jdk\
PATH=C:\Users\denis\bin;D:\Git\mingw64\bin;D:\Git\usr\local\bin;D:\Git\usr\bin;D:\Git\usr\bin;D:\Git\mingw64\bin;D:\Git\usr\bin;C:\Users\denis\bin;C:\Program Files\Common Files\Oracle\Java\javapath;C:\ProgramData\Oracle\Java\javapath;D:\python\Scripts;D:\python;D:\jdk\bin;C:\Windows\system32;C:\Windows;C:\Windows\System32\Wbem;C:\Windows\System32\WindowsPowerShell\v1.0;C:\Windows\System32\OpenSSH;C:\Program Files\NVIDIA Corporation\NVIDIA NvDLISR;C:\Program Files (x86)\NVIDIA Corporation\PhysX\Common;D:\Git\cmd;C:\Program Files\TortoiseSVN\bin;D:\gradle\gradle-8.7\bin;D:\nodejs;C:\Program Files\dotnet;D:\Elixir\bin;D:\Erlang OTP\bin;C:\Users\denis\AppData\Local\Microsoft\WindowsApps;D:\Microsoft VS Code\bin;D:\gradle\gradle-8.7\bin;C:\Program Files\Java\jdk-17\bin;C:\Users\denis\AppData\Roaming\npm;D:\maven\apache-maven-3.9.9\bin;C:\Users\denis\.dotnet\tools;D:\Git\usr\bin\vendor_perl;D:\Git\usr\bin\core_perl
USERNAME=denis
SHELL=D:\Git\usr\bin\bash.exe
DISPLAY=needs-to-be-defined
LANG=en_US.UTF-8
TERM=xterm-256color
TMPDIR=C:\Users\denis\AppData\Local\Temp
OS=Windows_NT
PROCESSOR_IDENTIFIER=AMD64 Family 25 Model 33 Stepping 2, AuthenticAMD
TMP=C:\Users\denis\AppData\Local\Temp
TEMP=C:\Users\denis\AppData\Local\Temp




Periodic native trim disabled

---------------  S Y S T E M  ---------------

OS:
 Windows 11 , 64 bit Build 22621 (10.0.22621.4391)
OS uptime: 3 days 22:16 hours
Hyper-V role detected

CPU: total 12 (initial active 12) (12 cores per cpu, 2 threads per core) family 25 model 33 stepping 2 microcode 0x0, cx8, cmov, fxsr, ht, mmx, 3dnowpref, sse, sse2, sse3, ssse3, sse4a, sse4.1, sse4.2, popcnt, lzcnt, tsc, tscinvbit, avx, avx2, aes, erms, clmul, bmi1, bmi2, adx, sha, fma, vzeroupper, clflush, clflushopt, hv, rdtscp, rdpid, fsrm, f16c, cet_ss
Processor Information for all 12 processors :
  Max Mhz: 3701, Current Mhz: 3701, Mhz Limit: 3701

Memory: 4k page, system-wide physical 16307M (5023M free)
TotalPageFile size 30506M (AvailPageFile size 52M)
current process WorkingSet (physical memory assigned to process): 11M, peak: 11M
current process commit charge ("private bytes"): 59M, peak: 315M

vm_info: OpenJDK 64-Bit Server VM (21.0.2+13-LTS) for windows-amd64 JRE (21.0.2+13-LTS), built on 2024-01-16T00:00:00Z by "admin" with unknown MS VC++:1937

END.
