#
# There is insufficient memory for the Java Runtime Environment to continue.
# Native memory allocation (malloc) failed to allocate 988256 bytes. Error detail: Chunk::new
# Possible reasons:
#   The system is out of physical RAM or swap space
#   This process is running with CompressedOops enabled, and the Java Heap may be blocking the growth of the native heap
# Possible solutions:
#   Reduce memory load on the system
#   Increase physical memory or swap space
#   Check if swap backing store is full
#   Decrease Java heap size (-Xmx/-Xms)
#   Decrease number of Java threads
#   Decrease Java thread stack sizes (-Xss)
#   Set larger code cache with -XX:ReservedCodeCacheSize=
#   JVM is running with Unscaled Compressed Oops mode in which the Java heap is
#     placed in the first 4GB address space. The Java Heap base address is the
#     maximum limit for the native heap growth. Please use -XX:HeapBaseMinAddress
#     to set the Java Heap base and to place the Java Heap above 4GB virtual address.
# This output file may be truncated or incomplete.
#
#  Out of Memory Error (arena.cpp:191), pid=11380, tid=14744
#
# JRE version: OpenJDK Runtime Environment Temurin-17.0.13+11 (17.0.13+11) (build 17.0.13+11)
# Java VM: OpenJDK 64-Bit Server VM Temurin-17.0.13+11 (17.0.13+11, mixed mode, tiered, compressed oops, compressed class ptrs, parallel gc, windows-amd64)
# No core dump will be written. Minidumps are not enabled by default on client versions of Windows
#

---------------  S U M M A R Y ------------

Command Line: --add-modules=ALL-SYSTEM --add-opens=java.base/java.util=ALL-UNNAMED --add-opens=java.base/java.lang=ALL-UNNAMED --add-opens=java.base/sun.nio.fs=ALL-UNNAMED -Declipse.application=org.eclipse.jdt.ls.core.id1 -Dosgi.bundles.defaultStartLevel=4 -Declipse.product=org.eclipse.jdt.ls.core.product -Djava.import.generatesMetadataFilesAtProjectRoot=false -DDetectVMInstallationsJob.disabled=true -Dfile.encoding=utf8 -XX:+UseParallelGC -XX:GCTimeRatio=4 -XX:AdaptiveSizePolicyWeight=90 -Dsun.zip.disableMemoryMapping=true -Xmx1G -Xms100m -Xlog:disable -javaagent:c:\Users\denis\.vscode\extensions\redhat.java-1.37.0-win32-x64\lombok\lombok-1.18.34.jar c:\Users\denis\.vscode\extensions\redhat.java-1.37.0-win32-x64\server\plugins\org.eclipse.equinox.launcher_1.6.900.v20240613-2009.jar -configuration c:\Users\denis\AppData\Roaming\Code\User\globalStorage\redhat.java\1.37.0\config_ss_win -data c:\Users\denis\AppData\Roaming\Code\User\workspaceStorage\be03f7eedefe8e7533f769af1510a591\redhat.java\ss_ws --pipe=\\.\pipe\lsp-0d4455f470c76d5fb87df61b6a95cb8c-sock

Host: AMD Ryzen 5 5600X 6-Core Processor             , 12 cores, 15G,  Windows 11 , 64 bit Build 22621 (10.0.22621.4391)
Time: Tue Dec 17 20:59:16 2024 RTZ 2 (s 11 , 64 bit Build 22621 (10.0.22621.4391) elapsed time: 7.645693 seconds (0d 0h 0m 7s)

---------------  T H R E A D  ---------------

Current thread (0x00000125c841b620):  JavaThread "C2 CompilerThread1" daemon [_thread_in_native, id=14744, stack(0x0000000403200000,0x0000000403300000)]


Current CompileTask:
C2:   7645 6546       4       java.lang.Class::getField0 (99 bytes)

Stack: [0x0000000403200000,0x0000000403300000]
Native frames: (J=compiled Java code, j=interpreted, Vv=VM code, C=native code)
V  [jvm.dll+0x682a19]
V  [jvm.dll+0x839538]
V  [jvm.dll+0x83afe3]
V  [jvm.dll+0x83b653]
V  [jvm.dll+0x24704f]
V  [jvm.dll+0xace34]
V  [jvm.dll+0xad4cc]
V  [jvm.dll+0x36597e]
V  [jvm.dll+0x32fbd8]
V  [jvm.dll+0x32f05a]
V  [jvm.dll+0x21804f]
V  [jvm.dll+0x21748f]
V  [jvm.dll+0x1a3070]
V  [jvm.dll+0x22788c]
V  [jvm.dll+0x2259eb]
V  [jvm.dll+0x7eec98]
V  [jvm.dll+0x7e8ffc]
V  [jvm.dll+0x6818f7]
C  [ucrtbase.dll+0x29333]
C  [KERNEL32.DLL+0x1259d]
C  [ntdll.dll+0x5af38]


---------------  P R O C E S S  ---------------

Threads class SMR info:
_java_thread_list=0x00000125d21321e0, length=44, elements={
0x00000125a8d20410, 0x00000125beb11030, 0x00000125beb15380, 0x00000125beb1ced0,
0x00000125c3c58000, 0x00000125c3c5a3b0, 0x00000125c3c5c210, 0x00000125c3c66330,
0x00000125c3c67580, 0x00000125c3c68760, 0x00000125c3c5bd00, 0x00000125c3c5add0,
0x00000125c3c5b2e0, 0x00000125c3c59ea0, 0x00000125c3c5cc30, 0x00000125c3c59480,
0x00000125c3c5c720, 0x00000125c3c59990, 0x00000125c5fe0fc0, 0x00000125c5fdb4a0,
0x00000125c5fdc3d0, 0x00000125c5fdf160, 0x00000125c5fdec50, 0x00000125c5fdc8e0,
0x00000125c5fdf670, 0x00000125c5fdbec0, 0x00000125c5fe14d0, 0x00000125c5fdcdf0,
0x00000125c5fdaa80, 0x00000125c5fdfb80, 0x00000125c5fdd300, 0x00000125c5fe0090,
0x00000125c5fde740, 0x00000125c5fdaf90, 0x00000125c5fdd810, 0x00000125c5fe0ab0,
0x00000125c5fddd20, 0x00000125c5fde230, 0x00000125c5fda060, 0x00000125c5fe19e0,
0x00000125c5fda570, 0x00000125c5fdb9b0, 0x00000125c841b620, 0x00000125c626bd20
}

Java Threads: ( => current thread )
  0x00000125a8d20410 JavaThread "main" [_thread_blocked, id=8816, stack(0x0000000401600000,0x0000000401700000)]
  0x00000125beb11030 JavaThread "Reference Handler" daemon [_thread_blocked, id=7572, stack(0x0000000401900000,0x0000000401a00000)]
  0x00000125beb15380 JavaThread "Finalizer" daemon [_thread_blocked, id=17964, stack(0x0000000401a00000,0x0000000401b00000)]
  0x00000125beb1ced0 JavaThread "Signal Dispatcher" daemon [_thread_blocked, id=7208, stack(0x0000000401b00000,0x0000000401c00000)]
  0x00000125c3c58000 JavaThread "Attach Listener" daemon [_thread_blocked, id=7816, stack(0x0000000401c00000,0x0000000401d00000)]
  0x00000125c3c5a3b0 JavaThread "Service Thread" daemon [_thread_blocked, id=8464, stack(0x0000000401d00000,0x0000000401e00000)]
  0x00000125c3c5c210 JavaThread "Monitor Deflation Thread" daemon [_thread_blocked, id=10728, stack(0x0000000401e00000,0x0000000401f00000)]
  0x00000125c3c66330 JavaThread "C2 CompilerThread0" daemon [_thread_blocked, id=17236, stack(0x0000000401f00000,0x0000000402000000)]
  0x00000125c3c67580 JavaThread "C1 CompilerThread0" daemon [_thread_blocked, id=15104, stack(0x0000000402000000,0x0000000402100000)]
  0x00000125c3c68760 JavaThread "Sweeper thread" daemon [_thread_blocked, id=15828, stack(0x0000000402100000,0x0000000402200000)]
  0x00000125c3c5bd00 JavaThread "Common-Cleaner" daemon [_thread_blocked, id=16160, stack(0x0000000402200000,0x0000000402300000)]
  0x00000125c3c5add0 JavaThread "Notification Thread" daemon [_thread_blocked, id=3724, stack(0x0000000402400000,0x0000000402500000)]
  0x00000125c3c5b2e0 JavaThread "Active Thread: Equinox Container: bf319539-3a1d-494a-894d-46a427e335bd" [_thread_blocked, id=17240, stack(0x0000000402d00000,0x0000000402e00000)]
  0x00000125c3c59ea0 JavaThread "Framework Event Dispatcher: Equinox Container: bf319539-3a1d-494a-894d-46a427e335bd" daemon [_thread_blocked, id=19368, stack(0x0000000402e00000,0x0000000402f00000)]
  0x00000125c3c5cc30 JavaThread "Start Level: Equinox Container: bf319539-3a1d-494a-894d-46a427e335bd" daemon [_thread_blocked, id=19784, stack(0x0000000402f00000,0x0000000403000000)]
  0x00000125c3c59480 JavaThread "SCR Component Actor" daemon [_thread_blocked, id=7928, stack(0x0000000403000000,0x0000000403100000)]
  0x00000125c3c5c720 JavaThread "Worker-JM" [_thread_blocked, id=12800, stack(0x0000000403300000,0x0000000403400000)]
  0x00000125c3c59990 JavaThread "JNA Cleaner" daemon [_thread_blocked, id=15140, stack(0x0000000402300000,0x0000000402400000)]
  0x00000125c5fe0fc0 JavaThread "Worker-0" [_thread_blocked, id=15804, stack(0x0000000402600000,0x0000000402700000)]
  0x00000125c5fdb4a0 JavaThread "Worker-1" [_thread_blocked, id=13580, stack(0x0000000403600000,0x0000000403700000)]
  0x00000125c5fdc3d0 JavaThread "Thread-2" daemon [_thread_in_native, id=18592, stack(0x0000000403b00000,0x0000000403c00000)]
  0x00000125c5fdf160 JavaThread "Thread-3" daemon [_thread_in_native, id=7588, stack(0x0000000403c00000,0x0000000403d00000)]
  0x00000125c5fdec50 JavaThread "Thread-4" daemon [_thread_in_native, id=3668, stack(0x0000000403d00000,0x0000000403e00000)]
  0x00000125c5fdc8e0 JavaThread "Thread-5" daemon [_thread_in_native, id=15152, stack(0x0000000403e00000,0x0000000403f00000)]
  0x00000125c5fdf670 JavaThread "Thread-6" daemon [_thread_in_native, id=16940, stack(0x0000000403f00000,0x0000000404000000)]
  0x00000125c5fdbec0 JavaThread "Thread-7" daemon [_thread_in_native, id=14308, stack(0x0000000404000000,0x0000000404100000)]
  0x00000125c5fe14d0 JavaThread "Thread-8" daemon [_thread_in_native, id=19544, stack(0x0000000404100000,0x0000000404200000)]
  0x00000125c5fdcdf0 JavaThread "Thread-9" daemon [_thread_in_native, id=14396, stack(0x0000000404200000,0x0000000404300000)]
  0x00000125c5fdaa80 JavaThread "Thread-10" daemon [_thread_in_native, id=21080, stack(0x0000000404300000,0x0000000404400000)]
  0x00000125c5fdfb80 JavaThread "Thread-11" daemon [_thread_in_native, id=20548, stack(0x0000000404400000,0x0000000404500000)]
  0x00000125c5fdd300 JavaThread "Thread-12" daemon [_thread_in_native, id=15064, stack(0x0000000404500000,0x0000000404600000)]
  0x00000125c5fe0090 JavaThread "Thread-13" daemon [_thread_in_native, id=13800, stack(0x0000000404600000,0x0000000404700000)]
  0x00000125c5fde740 JavaThread "Thread-14" daemon [_thread_in_native, id=13332, stack(0x0000000404700000,0x0000000404800000)]
  0x00000125c5fdaf90 JavaThread "pool-2-thread-1" [_thread_blocked, id=19880, stack(0x0000000404800000,0x0000000404900000)]
  0x00000125c5fdd810 JavaThread "Worker-2" [_thread_blocked, id=19836, stack(0x0000000404900000,0x0000000404a00000)]
  0x00000125c5fe0ab0 JavaThread "WorkspaceEventsHandler" [_thread_blocked, id=13448, stack(0x0000000404a00000,0x0000000404b00000)]
  0x00000125c5fddd20 JavaThread "pool-1-thread-1" [_thread_blocked, id=12488, stack(0x0000000404b00000,0x0000000404c00000)]
  0x00000125c5fde230 JavaThread "ForkJoinPool.commonPool-worker-1" daemon [_thread_blocked, id=17316, stack(0x0000000404c00000,0x0000000404d00000)]
  0x00000125c5fda060 JavaThread "ForkJoinPool.commonPool-worker-2" daemon [_thread_blocked, id=19284, stack(0x0000000404d00000,0x0000000404e00000)]
  0x00000125c5fe19e0 JavaThread "ForkJoinPool.commonPool-worker-3" daemon [_thread_blocked, id=17872, stack(0x0000000404e00000,0x0000000404f00000)]
  0x00000125c5fda570 JavaThread "ForkJoinPool.commonPool-worker-4" daemon [_thread_blocked, id=19512, stack(0x0000000404f00000,0x0000000405000000)]
  0x00000125c5fdb9b0 JavaThread "ForkJoinPool.commonPool-worker-5" daemon [_thread_blocked, id=784, stack(0x0000000405000000,0x0000000405100000)]
=>0x00000125c841b620 JavaThread "C2 CompilerThread1" daemon [_thread_in_native, id=14744, stack(0x0000000403200000,0x0000000403300000)]
  0x00000125c626bd20 JavaThread "C2 CompilerThread2" daemon [_thread_blocked, id=7968, stack(0x0000000403700000,0x0000000403800000)]

Other Threads:
  0x00000125a8dc8a40 VMThread "VM Thread" [stack: 0x0000000401800000,0x0000000401900000] [id=1520]
  0x00000125c54cf9c0 WatcherThread [stack: 0x0000000402500000,0x0000000402600000] [id=9372]
  0x00000125a8d37b80 GCTaskThread "GC Thread#0" [stack: 0x0000000401700000,0x0000000401800000] [id=17472]
  0x00000125c58bbe10 GCTaskThread "GC Thread#1" [stack: 0x0000000402700000,0x0000000402800000] [id=20420]
  0x00000125c5bcd950 GCTaskThread "GC Thread#2" [stack: 0x0000000402800000,0x0000000402900000] [id=17772]
  0x00000125c5bcdc10 GCTaskThread "GC Thread#3" [stack: 0x0000000402900000,0x0000000402a00000] [id=1448]
  0x00000125c5bcded0 GCTaskThread "GC Thread#4" [stack: 0x0000000402a00000,0x0000000402b00000] [id=14604]
  0x00000125c5bce190 GCTaskThread "GC Thread#5" [stack: 0x0000000402b00000,0x0000000402c00000] [id=1260]
  0x00000125c5a0bc80 GCTaskThread "GC Thread#6" [stack: 0x0000000402c00000,0x0000000402d00000] [id=19632]
  0x00000125c5e59690 GCTaskThread "GC Thread#7" [stack: 0x0000000403100000,0x0000000403200000] [id=13304]
  0x00000125c6034970 GCTaskThread "GC Thread#8" [stack: 0x0000000403400000,0x0000000403500000] [id=10372]
  0x00000125c6034c30 GCTaskThread "GC Thread#9" [stack: 0x0000000403500000,0x0000000403600000] [id=13540]

Threads with active compile tasks:
C2 CompilerThread1     7660 6546       4       java.lang.Class::getField0 (99 bytes)

VM state: not at safepoint (normal execution)

VM Mutex/Monitor currently owned by a thread: None

Heap address: 0x00000000c0000000, size: 1024 MB, Compressed Oops mode: 32-bit

CDS archive(s) not mapped
Compressed class space mapped at: 0x0000000100000000-0x0000000140000000, reserved size: 1073741824
Narrow klass base: 0x0000000000000000, Narrow klass shift: 3, Narrow klass range: 0x140000000

GC Precious Log:
 CPUs: 12 total, 12 available
 Memory: 16307M
 Large Page Support: Disabled
 NUMA Support: Disabled
 Compressed Oops: Enabled (32-bit)
 Alignments: Space 512K, Generation 512K, Heap 2M
 Heap Min Capacity: 100M
 Heap Initial Capacity: 100M
 Heap Max Capacity: 1G
 Pre-touch: Disabled
 Parallel Workers: 10

Heap:
 PSYoungGen      total 22528K, used 17004K [0x00000000eab00000, 0x00000000ec400000, 0x0000000100000000)
  eden space 19456K, 74% used [0x00000000eab00000,0x00000000eb9246b8,0x00000000ebe00000)
  from space 3072K, 82% used [0x00000000ec100000,0x00000000ec376958,0x00000000ec400000)
  to   space 3072K, 0% used [0x00000000ebe00000,0x00000000ebe00000,0x00000000ec100000)
 ParOldGen       total 68608K, used 35645K [0x00000000c0000000, 0x00000000c4300000, 0x00000000eab00000)
  object space 68608K, 51% used [0x00000000c0000000,0x00000000c22cf4d8,0x00000000c4300000)
 Metaspace       used 50615K, committed 51712K, reserved 1114112K
  class space    used 5078K, committed 5568K, reserved 1048576K

Card table byte_map: [0x00000125bc3b0000,0x00000125bc5c0000] _byte_map_base: 0x00000125bbdb0000

Marking Bits: (ParMarkBitMap*) 0x00007ff8dd336940
 Begin Bits: [0x00000125bc720000, 0x00000125bd720000)
 End Bits:   [0x00000125bd720000, 0x00000125be720000)

Polling page: 0x00000125a8dd0000

Metaspace:

Usage:
  Non-class:     44.47 MB used.
      Class:      4.96 MB used.
       Both:     49.43 MB used.

Virtual space:
  Non-class space:       64.00 MB reserved,      45.06 MB ( 70%) committed,  1 nodes.
      Class space:        1.00 GB reserved,       5.44 MB ( <1%) committed,  1 nodes.
             Both:        1.06 GB reserved,      50.50 MB (  5%) committed. 

Chunk freelists:
   Non-Class:  2.53 MB
       Class:  10.56 MB
        Both:  13.09 MB

MaxMetaspaceSize: unlimited
CompressedClassSpaceSize: 1.00 GB
Initial GC threshold: 21.00 MB
Current GC threshold: 58.38 MB
CDS: off
MetaspaceReclaimPolicy: balanced
 - commit_granule_bytes: 65536.
 - commit_granule_words: 8192.
 - virtual_space_node_default_size: 8388608.
 - enlarge_chunks_in_place: 1.
 - new_chunks_are_fully_committed: 0.
 - uncommit_free_chunks: 1.
 - use_allocation_guard: 0.
 - handle_deallocations: 1.


Internal statistics:

num_allocs_failed_limit: 6.
num_arena_births: 756.
num_arena_deaths: 14.
num_vsnodes_births: 2.
num_vsnodes_deaths: 0.
num_space_committed: 808.
num_space_uncommitted: 0.
num_chunks_returned_to_freelist: 20.
num_chunks_taken_from_freelist: 2685.
num_chunk_merges: 11.
num_chunk_splits: 1639.
num_chunks_enlarged: 918.
num_inconsistent_stats: 0.

CodeHeap 'non-profiled nmethods': size=120000Kb used=3431Kb max_used=3431Kb free=116568Kb
 bounds [0x00000125b4ca0000, 0x00000125b5000000, 0x00000125bc1d0000]
CodeHeap 'profiled nmethods': size=120000Kb used=11750Kb max_used=11750Kb free=108249Kb
 bounds [0x00000125ad1d0000, 0x00000125add50000, 0x00000125b4700000]
CodeHeap 'non-nmethods': size=5760Kb used=1350Kb max_used=1409Kb free=4409Kb
 bounds [0x00000125b4700000, 0x00000125b4970000, 0x00000125b4ca0000]
 total_blobs=6522 nmethods=5829 adapters=606
 compilation: enabled
              stopped_count=0, restarted_count=0
 full_count=0

Compilation events (20 events):
Event: 7.607 Thread 0x00000125c3c67580 6588       1       java.nio.ByteBuffer::base (5 bytes)
Event: 7.607 Thread 0x00000125c3c67580 nmethod 6588 0x00000125b4ff6110 code [0x00000125b4ff62a0, 0x00000125b4ff6378]
Event: 7.607 Thread 0x00000125c3c67580 6589       1       java.nio.DirectByteBuffer::base (2 bytes)
Event: 7.607 Thread 0x00000125c3c67580 nmethod 6589 0x00000125b4ff6410 code [0x00000125b4ff65a0, 0x00000125b4ff6678]
Event: 7.607 Thread 0x00000125c626bd20 nmethod 6566 0x00000125b4ff6710 code [0x00000125b4ff68c0, 0x00000125b4ff6dc8]
Event: 7.607 Thread 0x00000125c626bd20 6586       4       java.lang.Long::getChars (208 bytes)
Event: 7.608 Thread 0x00000125c3c66330 nmethod 6587 0x00000125b4ff7210 code [0x00000125b4ff7380, 0x00000125b4ff7538]
Event: 7.608 Thread 0x00000125c3c66330 6552       4       java.lang.Class::getInterfaces (49 bytes)
Event: 7.612 Thread 0x00000125c626bd20 nmethod 6586 0x00000125b4ff7590 code [0x00000125b4ff7720, 0x00000125b4ff7c18]
Event: 7.612 Thread 0x00000125c626bd20 6549       4       org.eclipse.jdt.internal.compiler.lookup.ReferenceBinding::hashCode (38 bytes)
Event: 7.615 Thread 0x00000125c3c66330 nmethod 6552 0x00000125b4ff7f90 code [0x00000125b4ff8160, 0x00000125b4ff8768]
Event: 7.615 Thread 0x00000125c3c66330 6539       4       org.eclipse.jdt.internal.compiler.lookup.Binding::isValidBinding (11 bytes)
Event: 7.615 Thread 0x00000125c3c66330 nmethod 6539 0x00000125b4ff8b90 code [0x00000125b4ff8d00, 0x00000125b4ff8d98]
Event: 7.615 Thread 0x00000125c3c66330 6553       4       java.util.concurrent.ConcurrentHashMap::put (8 bytes)
Event: 7.615 Thread 0x00000125c626bd20 nmethod 6549 0x00000125b4ff8e90 code [0x00000125b4ff9020, 0x00000125b4ff9228]
Event: 7.615 Thread 0x00000125c626bd20 6537       4       java.util.concurrent.ConcurrentHashMap::comparableClassFor (117 bytes)
Event: 7.616 Thread 0x00000125c3c66330 nmethod 6553 0x00000125b4ff9390 code [0x00000125b4ff9520, 0x00000125b4ff95c8]
Event: 7.616 Thread 0x00000125c3c66330 6554       4       org.eclipse.jdt.core.dom.SimpleName::accept0 (12 bytes)
Event: 7.616 Thread 0x00000125c3c66330 nmethod 6554 0x00000125b4ff9690 code [0x00000125b4ff9820, 0x00000125b4ff98d8]
Event: 7.616 Thread 0x00000125c626bd20 nmethod 6537 0x00000125b4ff9990 code [0x00000125b4ff9b00, 0x00000125b4ff9bb8]

GC Heap History (20 events):
Event: 3.519 GC heap before
{Heap before GC invocations=19 (full 2):
 PSYoungGen      total 23040K, used 23022K [0x00000000eab00000, 0x00000000ec480000, 0x0000000100000000)
  eden space 22016K, 100% used [0x00000000eab00000,0x00000000ec080000,0x00000000ec080000)
  from space 1024K, 98% used [0x00000000ec380000,0x00000000ec47bb48,0x00000000ec480000)
  to   space 2048K, 0% used [0x00000000ec080000,0x00000000ec080000,0x00000000ec280000)
 ParOldGen       total 68608K, used 22094K [0x00000000c0000000, 0x00000000c4300000, 0x00000000eab00000)
  object space 68608K, 32% used [0x00000000c0000000,0x00000000c15938c8,0x00000000c4300000)
 Metaspace       used 44164K, committed 45120K, reserved 1114112K
  class space    used 4494K, committed 4928K, reserved 1048576K
}
Event: 3.522 GC heap after
{Heap after GC invocations=19 (full 2):
 PSYoungGen      total 24064K, used 192K [0x00000000eab00000, 0x00000000ec400000, 0x0000000100000000)
  eden space 22016K, 0% used [0x00000000eab00000,0x00000000eab00000,0x00000000ec080000)
  from space 2048K, 9% used [0x00000000ec080000,0x00000000ec0b0000,0x00000000ec280000)
  to   space 1024K, 0% used [0x00000000ec300000,0x00000000ec300000,0x00000000ec400000)
 ParOldGen       total 68608K, used 22406K [0x00000000c0000000, 0x00000000c4300000, 0x00000000eab00000)
  object space 68608K, 32% used [0x00000000c0000000,0x00000000c15e1928,0x00000000c4300000)
 Metaspace       used 44164K, committed 45120K, reserved 1114112K
  class space    used 4494K, committed 4928K, reserved 1048576K
}
Event: 3.749 GC heap before
{Heap before GC invocations=20 (full 2):
 PSYoungGen      total 24064K, used 22202K [0x00000000eab00000, 0x00000000ec400000, 0x0000000100000000)
  eden space 22016K, 99% used [0x00000000eab00000,0x00000000ec07e998,0x00000000ec080000)
  from space 2048K, 9% used [0x00000000ec080000,0x00000000ec0b0000,0x00000000ec280000)
  to   space 1024K, 0% used [0x00000000ec300000,0x00000000ec300000,0x00000000ec400000)
 ParOldGen       total 68608K, used 22406K [0x00000000c0000000, 0x00000000c4300000, 0x00000000eab00000)
  object space 68608K, 32% used [0x00000000c0000000,0x00000000c15e1928,0x00000000c4300000)
 Metaspace       used 45985K, committed 46976K, reserved 1114112K
  class space    used 4672K, committed 5120K, reserved 1048576K
}
Event: 3.752 GC heap after
{Heap after GC invocations=20 (full 2):
 PSYoungGen      total 23040K, used 1024K [0x00000000eab00000, 0x00000000ec480000, 0x0000000100000000)
  eden space 22016K, 0% used [0x00000000eab00000,0x00000000eab00000,0x00000000ec080000)
  from space 1024K, 100% used [0x00000000ec300000,0x00000000ec400000,0x00000000ec400000)
  to   space 2048K, 0% used [0x00000000ec080000,0x00000000ec080000,0x00000000ec280000)
 ParOldGen       total 68608K, used 22718K [0x00000000c0000000, 0x00000000c4300000, 0x00000000eab00000)
  object space 68608K, 33% used [0x00000000c0000000,0x00000000c162f968,0x00000000c4300000)
 Metaspace       used 45985K, committed 46976K, reserved 1114112K
  class space    used 4672K, committed 5120K, reserved 1048576K
}
Event: 4.190 GC heap before
{Heap before GC invocations=21 (full 2):
 PSYoungGen      total 23040K, used 23040K [0x00000000eab00000, 0x00000000ec480000, 0x0000000100000000)
  eden space 22016K, 100% used [0x00000000eab00000,0x00000000ec080000,0x00000000ec080000)
  from space 1024K, 100% used [0x00000000ec300000,0x00000000ec400000,0x00000000ec400000)
  to   space 2048K, 0% used [0x00000000ec080000,0x00000000ec080000,0x00000000ec280000)
 ParOldGen       total 68608K, used 22718K [0x00000000c0000000, 0x00000000c4300000, 0x00000000eab00000)
  object space 68608K, 33% used [0x00000000c0000000,0x00000000c162f968,0x00000000c4300000)
 Metaspace       used 46640K, committed 47616K, reserved 1114112K
  class space    used 4713K, committed 5184K, reserved 1048576K
}
Event: 4.192 GC heap after
{Heap after GC invocations=21 (full 2):
 PSYoungGen      total 24064K, used 1689K [0x00000000eab00000, 0x00000000ec480000, 0x0000000100000000)
  eden space 22016K, 0% used [0x00000000eab00000,0x00000000eab00000,0x00000000ec080000)
  from space 2048K, 82% used [0x00000000ec080000,0x00000000ec226760,0x00000000ec280000)
  to   space 2048K, 0% used [0x00000000ec280000,0x00000000ec280000,0x00000000ec480000)
 ParOldGen       total 68608K, used 23728K [0x00000000c0000000, 0x00000000c4300000, 0x00000000eab00000)
  object space 68608K, 34% used [0x00000000c0000000,0x00000000c172c0c8,0x00000000c4300000)
 Metaspace       used 46640K, committed 47616K, reserved 1114112K
  class space    used 4713K, committed 5184K, reserved 1048576K
}
Event: 4.260 GC heap before
{Heap before GC invocations=22 (full 2):
 PSYoungGen      total 24064K, used 23705K [0x00000000eab00000, 0x00000000ec480000, 0x0000000100000000)
  eden space 22016K, 100% used [0x00000000eab00000,0x00000000ec080000,0x00000000ec080000)
  from space 2048K, 82% used [0x00000000ec080000,0x00000000ec226760,0x00000000ec280000)
  to   space 2048K, 0% used [0x00000000ec280000,0x00000000ec280000,0x00000000ec480000)
 ParOldGen       total 68608K, used 23728K [0x00000000c0000000, 0x00000000c4300000, 0x00000000eab00000)
  object space 68608K, 34% used [0x00000000c0000000,0x00000000c172c0c8,0x00000000c4300000)
 Metaspace       used 46641K, committed 47616K, reserved 1114112K
  class space    used 4713K, committed 5184K, reserved 1048576K
}
Event: 4.264 GC heap after
{Heap after GC invocations=22 (full 2):
 PSYoungGen      total 21504K, used 2020K [0x00000000eab00000, 0x00000000ec980000, 0x0000000100000000)
  eden space 19456K, 0% used [0x00000000eab00000,0x00000000eab00000,0x00000000ebe00000)
  from space 2048K, 98% used [0x00000000ec280000,0x00000000ec479000,0x00000000ec480000)
  to   space 4608K, 0% used [0x00000000ebe00000,0x00000000ebe00000,0x00000000ec280000)
 ParOldGen       total 68608K, used 25495K [0x00000000c0000000, 0x00000000c4300000, 0x00000000eab00000)
  object space 68608K, 37% used [0x00000000c0000000,0x00000000c18e5ef0,0x00000000c4300000)
 Metaspace       used 46641K, committed 47616K, reserved 1114112K
  class space    used 4713K, committed 5184K, reserved 1048576K
}
Event: 4.296 GC heap before
{Heap before GC invocations=23 (full 2):
 PSYoungGen      total 21504K, used 21475K [0x00000000eab00000, 0x00000000ec980000, 0x0000000100000000)
  eden space 19456K, 99% used [0x00000000eab00000,0x00000000ebdfffe8,0x00000000ebe00000)
  from space 2048K, 98% used [0x00000000ec280000,0x00000000ec479000,0x00000000ec480000)
  to   space 4608K, 0% used [0x00000000ebe00000,0x00000000ebe00000,0x00000000ec280000)
 ParOldGen       total 68608K, used 25495K [0x00000000c0000000, 0x00000000c4300000, 0x00000000eab00000)
  object space 68608K, 37% used [0x00000000c0000000,0x00000000c18e5ef0,0x00000000c4300000)
 Metaspace       used 46641K, committed 47616K, reserved 1114112K
  class space    used 4713K, committed 5184K, reserved 1048576K
}
Event: 4.300 GC heap after
{Heap after GC invocations=23 (full 2):
 PSYoungGen      total 22016K, used 2112K [0x00000000eab00000, 0x00000000ec400000, 0x0000000100000000)
  eden space 19456K, 0% used [0x00000000eab00000,0x00000000eab00000,0x00000000ebe00000)
  from space 2560K, 82% used [0x00000000ebe00000,0x00000000ec010010,0x00000000ec080000)
  to   space 3072K, 0% used [0x00000000ec100000,0x00000000ec100000,0x00000000ec400000)
 ParOldGen       total 68608K, used 27515K [0x00000000c0000000, 0x00000000c4300000, 0x00000000eab00000)
  object space 68608K, 40% used [0x00000000c0000000,0x00000000c1adeef0,0x00000000c4300000)
 Metaspace       used 46641K, committed 47616K, reserved 1114112K
  class space    used 4713K, committed 5184K, reserved 1048576K
}
Event: 4.356 GC heap before
{Heap before GC invocations=24 (full 2):
 PSYoungGen      total 22016K, used 21568K [0x00000000eab00000, 0x00000000ec400000, 0x0000000100000000)
  eden space 19456K, 100% used [0x00000000eab00000,0x00000000ebe00000,0x00000000ebe00000)
  from space 2560K, 82% used [0x00000000ebe00000,0x00000000ec010010,0x00000000ec080000)
  to   space 3072K, 0% used [0x00000000ec100000,0x00000000ec100000,0x00000000ec400000)
 ParOldGen       total 68608K, used 27515K [0x00000000c0000000, 0x00000000c4300000, 0x00000000eab00000)
  object space 68608K, 40% used [0x00000000c0000000,0x00000000c1adeef0,0x00000000c4300000)
 Metaspace       used 46720K, committed 47680K, reserved 1114112K
  class space    used 4718K, committed 5184K, reserved 1048576K
}
Event: 4.360 GC heap after
{Heap after GC invocations=24 (full 2):
 PSYoungGen      total 21504K, used 1984K [0x00000000eab00000, 0x00000000ec300000, 0x0000000100000000)
  eden space 19456K, 0% used [0x00000000eab00000,0x00000000eab00000,0x00000000ebe00000)
  from space 2048K, 96% used [0x00000000ec100000,0x00000000ec2f0000,0x00000000ec300000)
  to   space 2560K, 0% used [0x00000000ebe00000,0x00000000ebe00000,0x00000000ec080000)
 ParOldGen       total 68608K, used 29459K [0x00000000c0000000, 0x00000000c4300000, 0x00000000eab00000)
  object space 68608K, 42% used [0x00000000c0000000,0x00000000c1cc4f00,0x00000000c4300000)
 Metaspace       used 46720K, committed 47680K, reserved 1114112K
  class space    used 4718K, committed 5184K, reserved 1048576K
}
Event: 4.567 GC heap before
{Heap before GC invocations=25 (full 2):
 PSYoungGen      total 21504K, used 21440K [0x00000000eab00000, 0x00000000ec300000, 0x0000000100000000)
  eden space 19456K, 100% used [0x00000000eab00000,0x00000000ebe00000,0x00000000ebe00000)
  from space 2048K, 96% used [0x00000000ec100000,0x00000000ec2f0000,0x00000000ec300000)
  to   space 2560K, 0% used [0x00000000ebe00000,0x00000000ebe00000,0x00000000ec080000)
 ParOldGen       total 68608K, used 29459K [0x00000000c0000000, 0x00000000c4300000, 0x00000000eab00000)
  object space 68608K, 42% used [0x00000000c0000000,0x00000000c1cc4f00,0x00000000c4300000)
 Metaspace       used 47713K, committed 48704K, reserved 1114112K
  class space    used 4830K, committed 5312K, reserved 1048576K
}
Event: 4.572 GC heap after
{Heap after GC invocations=25 (full 2):
 PSYoungGen      total 21504K, used 1992K [0x00000000eab00000, 0x00000000ec200000, 0x0000000100000000)
  eden space 19456K, 0% used [0x00000000eab00000,0x00000000eab00000,0x00000000ebe00000)
  from space 2048K, 97% used [0x00000000ebe00000,0x00000000ebff2208,0x00000000ec000000)
  to   space 2048K, 0% used [0x00000000ec000000,0x00000000ec000000,0x00000000ec200000)
 ParOldGen       total 68608K, used 31283K [0x00000000c0000000, 0x00000000c4300000, 0x00000000eab00000)
  object space 68608K, 45% used [0x00000000c0000000,0x00000000c1e8cf00,0x00000000c4300000)
 Metaspace       used 47713K, committed 48704K, reserved 1114112K
  class space    used 4830K, committed 5312K, reserved 1048576K
}
Event: 4.759 GC heap before
{Heap before GC invocations=26 (full 2):
 PSYoungGen      total 21504K, used 21448K [0x00000000eab00000, 0x00000000ec200000, 0x0000000100000000)
  eden space 19456K, 99% used [0x00000000eab00000,0x00000000ebdffff0,0x00000000ebe00000)
  from space 2048K, 97% used [0x00000000ebe00000,0x00000000ebff2208,0x00000000ec000000)
  to   space 2048K, 0% used [0x00000000ec000000,0x00000000ec000000,0x00000000ec200000)
 ParOldGen       total 68608K, used 31283K [0x00000000c0000000, 0x00000000c4300000, 0x00000000eab00000)
  object space 68608K, 45% used [0x00000000c0000000,0x00000000c1e8cf00,0x00000000c4300000)
 Metaspace       used 48179K, committed 49152K, reserved 1114112K
  class space    used 4882K, committed 5376K, reserved 1048576K
}
Event: 4.761 GC heap after
{Heap after GC invocations=26 (full 2):
 PSYoungGen      total 20992K, used 1248K [0x00000000eab00000, 0x00000000ec180000, 0x0000000100000000)
  eden space 19456K, 0% used [0x00000000eab00000,0x00000000eab00000,0x00000000ebe00000)
  from space 1536K, 81% used [0x00000000ec000000,0x00000000ec138020,0x00000000ec180000)
  to   space 1536K, 0% used [0x00000000ebe80000,0x00000000ebe80000,0x00000000ec000000)
 ParOldGen       total 68608K, used 33080K [0x00000000c0000000, 0x00000000c4300000, 0x00000000eab00000)
  object space 68608K, 48% used [0x00000000c0000000,0x00000000c204e008,0x00000000c4300000)
 Metaspace       used 48179K, committed 49152K, reserved 1114112K
  class space    used 4882K, committed 5376K, reserved 1048576K
}
Event: 4.871 GC heap before
{Heap before GC invocations=27 (full 2):
 PSYoungGen      total 20992K, used 20704K [0x00000000eab00000, 0x00000000ec180000, 0x0000000100000000)
  eden space 19456K, 100% used [0x00000000eab00000,0x00000000ebe00000,0x00000000ebe00000)
  from space 1536K, 81% used [0x00000000ec000000,0x00000000ec138020,0x00000000ec180000)
  to   space 1536K, 0% used [0x00000000ebe80000,0x00000000ebe80000,0x00000000ec000000)
 ParOldGen       total 68608K, used 33080K [0x00000000c0000000, 0x00000000c4300000, 0x00000000eab00000)
  object space 68608K, 48% used [0x00000000c0000000,0x00000000c204e008,0x00000000c4300000)
 Metaspace       used 48504K, committed 49472K, reserved 1114112K
  class space    used 4895K, committed 5376K, reserved 1048576K
}
Event: 4.873 GC heap after
{Heap after GC invocations=27 (full 2):
 PSYoungGen      total 20992K, used 1506K [0x00000000eab00000, 0x00000000ec400000, 0x0000000100000000)
  eden space 19456K, 0% used [0x00000000eab00000,0x00000000eab00000,0x00000000ebe00000)
  from space 1536K, 98% used [0x00000000ebe80000,0x00000000ebff8b00,0x00000000ec000000)
  to   space 3072K, 0% used [0x00000000ec100000,0x00000000ec100000,0x00000000ec400000)
 ParOldGen       total 68608K, used 34168K [0x00000000c0000000, 0x00000000c4300000, 0x00000000eab00000)
  object space 68608K, 49% used [0x00000000c0000000,0x00000000c215e1e8,0x00000000c4300000)
 Metaspace       used 48504K, committed 49472K, reserved 1114112K
  class space    used 4895K, committed 5376K, reserved 1048576K
}
Event: 5.062 GC heap before
{Heap before GC invocations=28 (full 2):
 PSYoungGen      total 20992K, used 20962K [0x00000000eab00000, 0x00000000ec400000, 0x0000000100000000)
  eden space 19456K, 100% used [0x00000000eab00000,0x00000000ebe00000,0x00000000ebe00000)
  from space 1536K, 98% used [0x00000000ebe80000,0x00000000ebff8b00,0x00000000ec000000)
  to   space 3072K, 0% used [0x00000000ec100000,0x00000000ec100000,0x00000000ec400000)
 ParOldGen       total 68608K, used 34168K [0x00000000c0000000, 0x00000000c4300000, 0x00000000eab00000)
  object space 68608K, 49% used [0x00000000c0000000,0x00000000c215e1e8,0x00000000c4300000)
 Metaspace       used 49843K, committed 50880K, reserved 1114112K
  class space    used 5022K, committed 5504K, reserved 1048576K
}
Event: 5.066 GC heap after
{Heap after GC invocations=28 (full 2):
 PSYoungGen      total 22528K, used 2522K [0x00000000eab00000, 0x00000000ec400000, 0x0000000100000000)
  eden space 19456K, 0% used [0x00000000eab00000,0x00000000eab00000,0x00000000ebe00000)
  from space 3072K, 82% used [0x00000000ec100000,0x00000000ec376958,0x00000000ec400000)
  to   space 3072K, 0% used [0x00000000ebe00000,0x00000000ebe00000,0x00000000ec100000)
 ParOldGen       total 68608K, used 35645K [0x00000000c0000000, 0x00000000c4300000, 0x00000000eab00000)
  object space 68608K, 51% used [0x00000000c0000000,0x00000000c22cf4d8,0x00000000c4300000)
 Metaspace       used 49843K, committed 50880K, reserved 1114112K
  class space    used 5022K, committed 5504K, reserved 1048576K
}

Dll operation events (10 events):
Event: 0.006 Loaded shared library c:\Users\denis\.vscode\extensions\redhat.java-1.37.0-win32-x64\jre\17.0.13-win32-x86_64\bin\java.dll
Event: 0.084 Loaded shared library c:\Users\denis\.vscode\extensions\redhat.java-1.37.0-win32-x64\jre\17.0.13-win32-x86_64\bin\zip.dll
Event: 0.086 Loaded shared library C:\Users\denis\.vscode\extensions\redhat.java-1.37.0-win32-x64\jre\17.0.13-win32-x86_64\bin\instrument.dll
Event: 0.093 Loaded shared library C:\Users\denis\.vscode\extensions\redhat.java-1.37.0-win32-x64\jre\17.0.13-win32-x86_64\bin\net.dll
Event: 0.094 Loaded shared library C:\Users\denis\.vscode\extensions\redhat.java-1.37.0-win32-x64\jre\17.0.13-win32-x86_64\bin\nio.dll
Event: 0.098 Loaded shared library C:\Users\denis\.vscode\extensions\redhat.java-1.37.0-win32-x64\jre\17.0.13-win32-x86_64\bin\zip.dll
Event: 0.106 Loaded shared library C:\Users\denis\.vscode\extensions\redhat.java-1.37.0-win32-x64\jre\17.0.13-win32-x86_64\bin\jimage.dll
Event: 0.141 Loaded shared library c:\Users\denis\.vscode\extensions\redhat.java-1.37.0-win32-x64\jre\17.0.13-win32-x86_64\bin\verify.dll
Event: 0.784 Loaded shared library C:\Users\denis\AppData\Roaming\Code\User\globalStorage\redhat.java\1.37.0\config_ss_win\org.eclipse.equinox.launcher\org.eclipse.equinox.launcher.win32.win32.x86_64_1.2.1100.v20240722-2106\eclipse_11904.dll
Event: 1.512 Loaded shared library C:\Users\denis\AppData\Local\Temp\jna-95470071\jna7161130144313213637.dll

Deoptimization events (20 events):
Event: 5.131 Thread 0x00000125c5fde230 DEOPT PACKING pc=0x00000125b4dc77a8 sp=0x0000000404cfdde0
Event: 5.131 Thread 0x00000125c5fde230 DEOPT UNPACKING pc=0x00000125b47566a3 sp=0x0000000404cfdd38 mode 2
Event: 5.158 Thread 0x00000125c5fdb4a0 DEOPT PACKING pc=0x00000125adc3004e sp=0x00000004036fdc50
Event: 5.158 Thread 0x00000125c5fdb4a0 DEOPT UNPACKING pc=0x00000125b4756e43 sp=0x00000004036fd0e0 mode 0
Event: 7.599 Thread 0x00000125c5fde230 Uncommon trap: trap_request=0xffffffc6 fr.pc=0x00000125b4ff38d4 relative=0x0000000000000494
Event: 7.599 Thread 0x00000125c5fde230 Uncommon trap: reason=bimorphic_or_optimized_type_check action=maybe_recompile pc=0x00000125b4ff38d4 method=java.util.concurrent.ConcurrentHashMap$TreeNode.findTreeNode(ILjava/lang/Object;Ljava/lang/Class;)Ljava/util/concurrent/ConcurrentHashMap$TreeNode;
Event: 7.599 Thread 0x00000125c5fde230 DEOPT PACKING pc=0x00000125b4ff38d4 sp=0x0000000404cfda30
Event: 7.599 Thread 0x00000125c5fde230 DEOPT UNPACKING pc=0x00000125b47566a3 sp=0x0000000404cfd9d0 mode 2
Event: 7.599 Thread 0x00000125c5fde230 Uncommon trap: trap_request=0xffffffc6 fr.pc=0x00000125b4ff38d4 relative=0x0000000000000494
Event: 7.599 Thread 0x00000125c5fde230 Uncommon trap: reason=bimorphic_or_optimized_type_check action=maybe_recompile pc=0x00000125b4ff38d4 method=java.util.concurrent.ConcurrentHashMap$TreeNode.findTreeNode(ILjava/lang/Object;Ljava/lang/Class;)Ljava/util/concurrent/ConcurrentHashMap$TreeNode;
Event: 7.599 Thread 0x00000125c5fde230 DEOPT PACKING pc=0x00000125b4ff38d4 sp=0x0000000404cfd970
Event: 7.599 Thread 0x00000125c5fde230 DEOPT UNPACKING pc=0x00000125b47566a3 sp=0x0000000404cfd910 mode 2
Event: 7.599 Thread 0x00000125c5fde230 Uncommon trap: trap_request=0xffffffc6 fr.pc=0x00000125b4ff38d4 relative=0x0000000000000494
Event: 7.599 Thread 0x00000125c5fde230 Uncommon trap: reason=bimorphic_or_optimized_type_check action=maybe_recompile pc=0x00000125b4ff38d4 method=java.util.concurrent.ConcurrentHashMap$TreeNode.findTreeNode(ILjava/lang/Object;Ljava/lang/Class;)Ljava/util/concurrent/ConcurrentHashMap$TreeNode;
Event: 7.599 Thread 0x00000125c5fde230 DEOPT PACKING pc=0x00000125b4ff38d4 sp=0x0000000404cfd8b0
Event: 7.599 Thread 0x00000125c5fde230 DEOPT UNPACKING pc=0x00000125b47566a3 sp=0x0000000404cfd850 mode 2
Event: 7.599 Thread 0x00000125c5fde230 Uncommon trap: trap_request=0xffffffc6 fr.pc=0x00000125b4ff38d4 relative=0x0000000000000494
Event: 7.599 Thread 0x00000125c5fde230 Uncommon trap: reason=bimorphic_or_optimized_type_check action=maybe_recompile pc=0x00000125b4ff38d4 method=java.util.concurrent.ConcurrentHashMap$TreeNode.findTreeNode(ILjava/lang/Object;Ljava/lang/Class;)Ljava/util/concurrent/ConcurrentHashMap$TreeNode;
Event: 7.599 Thread 0x00000125c5fde230 DEOPT PACKING pc=0x00000125b4ff38d4 sp=0x0000000404cfd970
Event: 7.599 Thread 0x00000125c5fde230 DEOPT UNPACKING pc=0x00000125b47566a3 sp=0x0000000404cfd910 mode 2

Classes loaded (20 events):
Event: 4.161 Loading class java/util/stream/MatchOps$1MatchSink
Event: 4.161 Loading class java/util/stream/MatchOps$1MatchSink done
Event: 4.467 Loading class java/util/stream/ReduceOps$4
Event: 4.467 Loading class java/util/stream/ReduceOps$4 done
Event: 4.467 Loading class java/util/stream/ReduceOps$4ReducingSink
Event: 4.467 Loading class java/util/stream/ReduceOps$4ReducingSink done
Event: 4.626 Loading class java/util/regex/Pattern$LazyLoop
Event: 4.626 Loading class java/util/regex/Pattern$LazyLoop done
Event: 4.627 Loading class java/util/regex/Pattern$Pos
Event: 4.627 Loading class java/util/regex/Pattern$Pos done
Event: 4.984 Loading class java/util/stream/Streams$ConcatSpliterator$OfRef
Event: 4.984 Loading class java/util/stream/Streams$ConcatSpliterator
Event: 4.985 Loading class java/util/stream/Streams$ConcatSpliterator done
Event: 4.985 Loading class java/util/stream/Streams$ConcatSpliterator$OfRef done
Event: 4.985 Loading class java/util/stream/Streams$2
Event: 4.985 Loading class java/util/stream/Streams$2 done
Event: 5.073 Loading class java/util/concurrent/ConcurrentHashMap$TreeNode
Event: 5.073 Loading class java/util/concurrent/ConcurrentHashMap$TreeNode done
Event: 5.073 Loading class java/util/concurrent/ConcurrentHashMap$TreeBin
Event: 5.073 Loading class java/util/concurrent/ConcurrentHashMap$TreeBin done

Classes unloaded (7 events):
Event: 1.241 Thread 0x00000125a8dc8a40 Unloading class 0x000000010021a400 'java/lang/invoke/LambdaForm$MH+0x000000010021a400'
Event: 1.241 Thread 0x00000125a8dc8a40 Unloading class 0x000000010021a000 'java/lang/invoke/LambdaForm$MH+0x000000010021a000'
Event: 1.241 Thread 0x00000125a8dc8a40 Unloading class 0x0000000100219c00 'java/lang/invoke/LambdaForm$MH+0x0000000100219c00'
Event: 1.241 Thread 0x00000125a8dc8a40 Unloading class 0x0000000100219800 'java/lang/invoke/LambdaForm$MH+0x0000000100219800'
Event: 1.241 Thread 0x00000125a8dc8a40 Unloading class 0x0000000100219400 'java/lang/invoke/LambdaForm$BMH+0x0000000100219400'
Event: 1.241 Thread 0x00000125a8dc8a40 Unloading class 0x0000000100219000 'java/lang/invoke/LambdaForm$DMH+0x0000000100219000'
Event: 1.241 Thread 0x00000125a8dc8a40 Unloading class 0x0000000100214400 'java/lang/invoke/LambdaForm$DMH+0x0000000100214400'

Classes redefined (0 events):
No events

Internal exceptions (20 events):
Event: 3.598 Thread 0x00000125c5fda570 Exception <a 'java/lang/LinkageError'{0x00000000eb320de8}: loader lombok.launch.ShadowClassLoader @70c8e30c attempted duplicate class definition for lombok.launch.PatchFixesHider$FieldInitializer. (lombok.launch.PatchFixesHider$FieldInitializer is in unnamed module of loader lombok.launch.ShadowClassLoader @70c8e30c, parent loader org.eclipse.osgi.internal.loader.EquinoxClassLoader @40e48b1)> (0x00000000eb320de8) 
thrown [s\src\hotspot\share\classfile\systemDictionary.cpp, line 1723]
Event: 3.598 Thread 0x00000125c5fde230 Exception <a 'java/lang/LinkageError'{0x00000000eb2f6800}: loader lombok.launch.ShadowClassLoader @70c8e30c attempted duplicate class definition for lombok.launch.PatchFixesHider$FieldInitializer. (lombok.launch.PatchFixesHider$FieldInitializer is in unnamed module of loader lombok.launch.ShadowClassLoader @70c8e30c, parent loader org.eclipse.osgi.internal.loader.EquinoxClassLoader @40e48b1)> (0x00000000eb2f6800) 
thrown [s\src\hotspot\share\classfile\systemDictionary.cpp, line 1723]
Event: 3.599 Thread 0x00000125c5fddd20 Exception <a 'java/lang/LinkageError'{0x00000000eb321e38}: loader lombok.launch.ShadowClassLoader @70c8e30c attempted duplicate class definition for lombok.launch.PatchFixesHider$FieldInitializer. (lombok.launch.PatchFixesHider$FieldInitializer is in unnamed module of loader lombok.launch.ShadowClassLoader @70c8e30c, parent loader org.eclipse.osgi.internal.loader.EquinoxClassLoader @40e48b1)> (0x00000000eb321e38) 
thrown [s\src\hotspot\share\classfile\systemDictionary.cpp, line 1723]
Event: 4.120 Thread 0x00000125c5fdb4a0 Exception <a 'java/lang/NoSuchMethodError'{0x00000000eb11a9f0}: 'java.lang.Object java.lang.invoke.DirectMethodHandle$Holder.invokeSpecial(java.lang.Object, java.lang.Object, int, long)'> (0x00000000eb11a9f0) 
thrown [s\src\hotspot\share\interpreter\linkResolver.cpp, line 759]
Event: 4.131 Thread 0x00000125c5fdb9b0 Exception <a 'java/lang/ArrayIndexOutOfBoundsException'{0x00000000eb26f928}: Index 13174 out of bounds for length 13173> (0x00000000eb26f928) 
thrown [s\src\hotspot\share\interpreter\interpreterRuntime.cpp, line 428]
Event: 4.406 Thread 0x00000125c5fde230 Exception <a 'java/lang/NoSuchMethodError'{0x00000000eb6cc9a8}: 'int java.lang.invoke.DirectMethodHandle$Holder.invokeInterface(java.lang.Object, java.lang.Object)'> (0x00000000eb6cc9a8) 
thrown [s\src\hotspot\share\interpreter\linkResolver.cpp, line 759]
Event: 4.406 Thread 0x00000125c5fde230 Exception <a 'java/lang/IncompatibleClassChangeError'{0x00000000eb6cff38}: Found class java.lang.Object, but interface was expected> (0x00000000eb6cff38) 
thrown [s\src\hotspot\share\interpreter\linkResolver.cpp, line 826]
Event: 4.452 Thread 0x00000125c5fde230 Exception <a 'java/lang/NoSuchMethodError'{0x00000000eb906d50}: 'int java.lang.invoke.DirectMethodHandle$Holder.invokeStatic(java.lang.Object, java.lang.Object, java.lang.Object, int)'> (0x00000000eb906d50) 
thrown [s\src\hotspot\share\interpreter\linkResolver.cpp, line 759]
Event: 4.471 Thread 0x00000125c5fde230 Exception <a 'java/lang/NoSuchMethodError'{0x00000000eb9e3fd0}: 'int java.lang.invoke.DirectMethodHandle$Holder.invokeSpecialIFC(java.lang.Object, java.lang.Object, java.lang.Object)'> (0x00000000eb9e3fd0) 
thrown [s\src\hotspot\share\interpreter\linkResolver.cpp, line 759]
Event: 4.509 Thread 0x00000125c5fde230 Exception <a 'java/io/FileNotFoundException'{0x00000000ebb14e70}> (0x00000000ebb14e70) 
thrown [s\src\hotspot\share\prims\jni.cpp, line 516]
Event: 4.509 Thread 0x00000125c5fde230 Exception <a 'java/io/FileNotFoundException'{0x00000000ebb16100}> (0x00000000ebb16100) 
thrown [s\src\hotspot\share\prims\jni.cpp, line 516]
Event: 4.533 Thread 0x00000125c5fde230 Implicit null exception at 0x00000125b4deeeac to 0x00000125b4df0170
Event: 4.670 Thread 0x00000125c5fde230 Implicit null exception at 0x00000125b4f38bf5 to 0x00000125b4f38f14
Event: 4.908 Thread 0x00000125c5fde230 Exception <a 'java/lang/LinkageError'{0x00000000eada9898}: loader lombok.launch.ShadowClassLoader @5c6a47b2 attempted duplicate class definition for lombok.launch.PatchFixesHider$ExtensionMethod. (lombok.launch.PatchFixesHider$ExtensionMethod is in unnamed module of loader lombok.launch.ShadowClassLoader @5c6a47b2, parent loader org.eclipse.osgi.internal.loader.EquinoxClassLoader @79ae06d6)> (0x00000000eada9898) 
thrown [s\src\hotspot\share\classfile\systemDictionary.cpp, line 1723]
Event: 4.922 Thread 0x00000125c5fde230 Exception <a 'java/lang/LinkageError'{0x00000000eae84928}: loader lombok.launch.ShadowClassLoader @5c6a47b2 attempted duplicate class definition for lombok.launch.PatchFixesHider$Val. (lombok.launch.PatchFixesHider$Val is in unnamed module of loader lombok.launch.ShadowClassLoader @5c6a47b2, parent loader org.eclipse.osgi.internal.loader.EquinoxClassLoader @79ae06d6)> (0x00000000eae84928) 
thrown [s\src\hotspot\share\classfile\systemDictionary.cpp, line 1723]
Event: 5.013 Thread 0x00000125c5fdb4a0 Exception <a 'java/lang/NoSuchMethodError'{0x00000000eb811d20}: 'int java.lang.invoke.DirectMethodHandle$Holder.invokeStatic(java.lang.Object, int, java.lang.Object)'> (0x00000000eb811d20) 
thrown [s\src\hotspot\share\interpreter\linkResolver.cpp, line 759]
Event: 5.013 Thread 0x00000125c5fde230 Exception <a 'java/lang/NoSuchMethodError'{0x00000000eb7caf38}: 'int java.lang.invoke.DirectMethodHandle$Holder.invokeStatic(java.lang.Object, int, java.lang.Object)'> (0x00000000eb7caf38) 
thrown [s\src\hotspot\share\interpreter\linkResolver.cpp, line 759]
Event: 5.036 Thread 0x00000125c5fdb4a0 Exception <a 'java/io/FileNotFoundException'{0x00000000eba01f70}> (0x00000000eba01f70) 
thrown [s\src\hotspot\share\prims\jni.cpp, line 516]
Event: 5.036 Thread 0x00000125c5fdb4a0 Exception <a 'java/io/FileNotFoundException'{0x00000000eba02ed8}> (0x00000000eba02ed8) 
thrown [s\src\hotspot\share\prims\jni.cpp, line 516]
Event: 5.036 Thread 0x00000125c5fdb4a0 Exception <a 'java/io/FileNotFoundException'{0x00000000eba03e88}> (0x00000000eba03e88) 
thrown [s\src\hotspot\share\prims\jni.cpp, line 516]

VM Operations (20 events):
Event: 4.759 Executing VM operation: ParallelGCFailedAllocation
Event: 4.761 Executing VM operation: ParallelGCFailedAllocation done
Event: 4.782 Executing VM operation: HandshakeAllThreads
Event: 4.782 Executing VM operation: HandshakeAllThreads done
Event: 4.871 Executing VM operation: ICBufferFull
Event: 4.871 Executing VM operation: ICBufferFull done
Event: 4.871 Executing VM operation: ParallelGCFailedAllocation
Event: 4.873 Executing VM operation: ParallelGCFailedAllocation done
Event: 4.882 Executing VM operation: HandshakeAllThreads
Event: 4.883 Executing VM operation: HandshakeAllThreads done
Event: 4.983 Executing VM operation: ICBufferFull
Event: 4.983 Executing VM operation: ICBufferFull done
Event: 4.983 Executing VM operation: ICBufferFull
Event: 4.983 Executing VM operation: ICBufferFull done
Event: 5.061 Executing VM operation: ParallelGCFailedAllocation
Event: 5.066 Executing VM operation: ParallelGCFailedAllocation done
Event: 6.081 Executing VM operation: Cleanup
Event: 6.081 Executing VM operation: Cleanup done
Event: 7.093 Executing VM operation: Cleanup
Event: 7.093 Executing VM operation: Cleanup done

Memory protections (0 events):
No events

Nmethod flushes (20 events):
Event: 3.970 Thread 0x00000125c3c68760 flushing  nmethod 0x00000125adbb2d10
Event: 3.970 Thread 0x00000125c3c68760 flushing  nmethod 0x00000125adbb4710
Event: 3.970 Thread 0x00000125c3c68760 flushing  nmethod 0x00000125adbb5310
Event: 3.970 Thread 0x00000125c3c68760 flushing  nmethod 0x00000125adbb6b90
Event: 3.970 Thread 0x00000125c3c68760 flushing  nmethod 0x00000125adbb7910
Event: 3.970 Thread 0x00000125c3c68760 flushing  nmethod 0x00000125adbb7e90
Event: 3.970 Thread 0x00000125c3c68760 flushing  nmethod 0x00000125adbbb990
Event: 3.970 Thread 0x00000125c3c68760 flushing  nmethod 0x00000125adbbc710
Event: 3.970 Thread 0x00000125c3c68760 flushing  nmethod 0x00000125adbbcb90
Event: 3.970 Thread 0x00000125c3c68760 flushing  nmethod 0x00000125adbc2310
Event: 3.970 Thread 0x00000125c3c68760 flushing  nmethod 0x00000125adbc2910
Event: 3.970 Thread 0x00000125c3c68760 flushing  nmethod 0x00000125adbc3a90
Event: 3.970 Thread 0x00000125c3c68760 flushing  nmethod 0x00000125adbc3f10
Event: 3.970 Thread 0x00000125c3c68760 flushing  nmethod 0x00000125adc03610
Event: 3.970 Thread 0x00000125c3c68760 flushing  nmethod 0x00000125adc04410
Event: 3.970 Thread 0x00000125c3c68760 flushing  nmethod 0x00000125adc06110
Event: 3.970 Thread 0x00000125c3c68760 flushing  nmethod 0x00000125adc08610
Event: 3.970 Thread 0x00000125c3c68760 flushing  nmethod 0x00000125adc09e10
Event: 3.970 Thread 0x00000125c3c68760 flushing  nmethod 0x00000125adc0a210
Event: 3.970 Thread 0x00000125c3c68760 flushing  nmethod 0x00000125adc1e510

Events (20 events):
Event: 2.146 Thread 0x00000125a8d20410 Thread added: 0x00000125c5fdcdf0
Event: 2.146 Thread 0x00000125a8d20410 Thread added: 0x00000125c5fdaa80
Event: 2.146 Thread 0x00000125a8d20410 Thread added: 0x00000125c5fdfb80
Event: 2.147 Thread 0x00000125a8d20410 Thread added: 0x00000125c5fdd300
Event: 2.147 Thread 0x00000125a8d20410 Thread added: 0x00000125c5fe0090
Event: 2.147 Thread 0x00000125a8d20410 Thread added: 0x00000125c5fde740
Event: 2.166 Thread 0x00000125a8d20410 Thread added: 0x00000125c5fdaf90
Event: 2.240 Thread 0x00000125c5fdb4a0 Thread added: 0x00000125c5fdd810
Event: 2.290 Thread 0x00000125a8d20410 Thread added: 0x00000125c5fe0ab0
Event: 2.290 Thread 0x00000125a8d20410 Thread added: 0x00000125c5fddd20
Event: 2.470 Thread 0x00000125c5fddd20 Thread added: 0x00000125c5fde230
Event: 2.471 Thread 0x00000125c5fddd20 Thread added: 0x00000125c5fda060
Event: 2.473 Thread 0x00000125c5fddd20 Thread added: 0x00000125c5fe19e0
Event: 2.473 Thread 0x00000125c5fddd20 Thread added: 0x00000125c5fda570
Event: 3.739 Thread 0x00000125c5fddd20 Thread added: 0x00000125c5fdb9b0
Event: 6.600 Thread 0x00000125c3c5a8c0 Thread exited: 0x00000125c3c5a8c0
Event: 7.592 Thread 0x00000125c626bd20 Thread exited: 0x00000125c626bd20
Event: 7.592 Thread 0x00000125c623a9b0 Thread exited: 0x00000125c623a9b0
Event: 7.596 Thread 0x00000125c3c67580 Thread added: 0x00000125c841b620
Event: 7.596 Thread 0x00000125c3c67580 Thread added: 0x00000125c626bd20


Dynamic libraries:
0x00007ff6b76a0000 - 0x00007ff6b76ae000 	c:\Users\denis\.vscode\extensions\redhat.java-1.37.0-win32-x64\jre\17.0.13-win32-x86_64\bin\java.exe
0x00007ff93ca30000 - 0x00007ff93cc47000 	C:\Windows\SYSTEM32\ntdll.dll
0x00007ff93a7b0000 - 0x00007ff93a874000 	C:\Windows\System32\KERNEL32.DLL
0x00007ff93a160000 - 0x00007ff93a51a000 	C:\Windows\System32\KERNELBASE.dll
0x00007ff93a520000 - 0x00007ff93a631000 	C:\Windows\System32\ucrtbase.dll
0x00007ff934ab0000 - 0x00007ff934ac7000 	c:\Users\denis\.vscode\extensions\redhat.java-1.37.0-win32-x64\jre\17.0.13-win32-x86_64\bin\jli.dll
0x00007ff9287e0000 - 0x00007ff9287fe000 	c:\Users\denis\.vscode\extensions\redhat.java-1.37.0-win32-x64\jre\17.0.13-win32-x86_64\bin\VCRUNTIME140.dll
0x00007ff93a880000 - 0x00007ff93aa2e000 	C:\Windows\System32\USER32.dll
0x00007ff93a640000 - 0x00007ff93a666000 	C:\Windows\System32\win32u.dll
0x00007ff924e30000 - 0x00007ff9250c2000 	C:\Windows\WinSxS\amd64_microsoft.windows.common-controls_6595b64144ccf1df_6.0.22621.4541_none_2710d1c57384c085\COMCTL32.dll
0x00007ff93bdf0000 - 0x00007ff93be19000 	C:\Windows\System32\GDI32.dll
0x00007ff93ae70000 - 0x00007ff93af17000 	C:\Windows\System32\msvcrt.dll
0x00007ff939f20000 - 0x00007ff93a03b000 	C:\Windows\System32\gdi32full.dll
0x00007ff93a040000 - 0x00007ff93a0da000 	C:\Windows\System32\msvcp_win.dll
0x00007ff93c510000 - 0x00007ff93c541000 	C:\Windows\System32\IMM32.DLL
0x00007ff92bb20000 - 0x00007ff92bb2c000 	c:\Users\denis\.vscode\extensions\redhat.java-1.37.0-win32-x64\jre\17.0.13-win32-x86_64\bin\vcruntime140_1.dll
0x00007ff900fd0000 - 0x00007ff90105d000 	c:\Users\denis\.vscode\extensions\redhat.java-1.37.0-win32-x64\jre\17.0.13-win32-x86_64\bin\msvcp140.dll
0x00007ff8dc790000 - 0x00007ff8dd3fb000 	c:\Users\denis\.vscode\extensions\redhat.java-1.37.0-win32-x64\jre\17.0.13-win32-x86_64\bin\server\jvm.dll
0x00007ff93af20000 - 0x00007ff93afd2000 	C:\Windows\System32\ADVAPI32.dll
0x00007ff93be20000 - 0x00007ff93bec7000 	C:\Windows\System32\sechost.dll
0x00007ff939d00000 - 0x00007ff939d28000 	C:\Windows\System32\bcrypt.dll
0x00007ff93aa60000 - 0x00007ff93ab74000 	C:\Windows\System32\RPCRT4.dll
0x00007ff93c100000 - 0x00007ff93c171000 	C:\Windows\System32\WS2_32.dll
0x00007ff939a20000 - 0x00007ff939a6d000 	C:\Windows\SYSTEM32\POWRPROF.dll
0x00007ff934340000 - 0x00007ff934374000 	C:\Windows\SYSTEM32\WINMM.dll
0x00007ff9351d0000 - 0x00007ff9351da000 	C:\Windows\SYSTEM32\VERSION.dll
0x00007ff939a00000 - 0x00007ff939a13000 	C:\Windows\SYSTEM32\UMPDC.dll
0x00007ff938d00000 - 0x00007ff938d18000 	C:\Windows\SYSTEM32\kernel.appcore.dll
0x00007ff928d40000 - 0x00007ff928d4a000 	c:\Users\denis\.vscode\extensions\redhat.java-1.37.0-win32-x64\jre\17.0.13-win32-x86_64\bin\jimage.dll
0x00007ff937690000 - 0x00007ff9378c2000 	C:\Windows\SYSTEM32\DBGHELP.DLL
0x00007ff93c180000 - 0x00007ff93c50f000 	C:\Windows\System32\combase.dll
0x00007ff93ac80000 - 0x00007ff93ad57000 	C:\Windows\System32\OLEAUT32.dll
0x00007ff922fc0000 - 0x00007ff922ff2000 	C:\Windows\SYSTEM32\dbgcore.DLL
0x00007ff939d30000 - 0x00007ff939dab000 	C:\Windows\System32\bcryptPrimitives.dll
0x00007ff9352e0000 - 0x00007ff9352ee000 	c:\Users\denis\.vscode\extensions\redhat.java-1.37.0-win32-x64\jre\17.0.13-win32-x86_64\bin\instrument.dll
0x00007ff9151d0000 - 0x00007ff9151f5000 	c:\Users\denis\.vscode\extensions\redhat.java-1.37.0-win32-x64\jre\17.0.13-win32-x86_64\bin\java.dll
0x00007ff925d20000 - 0x00007ff925d38000 	c:\Users\denis\.vscode\extensions\redhat.java-1.37.0-win32-x64\jre\17.0.13-win32-x86_64\bin\zip.dll
0x00007ff93b3b0000 - 0x00007ff93bc28000 	C:\Windows\System32\SHELL32.dll
0x00007ff937bf0000 - 0x00007ff9384f8000 	C:\Windows\SYSTEM32\windows.storage.dll
0x00007ff937a80000 - 0x00007ff937bbf000 	C:\Windows\SYSTEM32\wintypes.dll
0x00007ff93b1d0000 - 0x00007ff93b2ca000 	C:\Windows\System32\SHCORE.dll
0x00007ff93ad60000 - 0x00007ff93adbe000 	C:\Windows\System32\shlwapi.dll
0x00007ff939c30000 - 0x00007ff939c5b000 	C:\Windows\SYSTEM32\profapi.dll
0x00007ff924220000 - 0x00007ff924239000 	C:\Users\denis\.vscode\extensions\redhat.java-1.37.0-win32-x64\jre\17.0.13-win32-x86_64\bin\net.dll
0x00007ff9341b0000 - 0x00007ff9342e6000 	C:\Windows\SYSTEM32\WINHTTP.dll
0x00007ff939170000 - 0x00007ff9391d9000 	C:\Windows\system32\mswsock.dll
0x00007ff923170000 - 0x00007ff923186000 	C:\Users\denis\.vscode\extensions\redhat.java-1.37.0-win32-x64\jre\17.0.13-win32-x86_64\bin\nio.dll
0x00007ff9275d0000 - 0x00007ff9275e0000 	c:\Users\denis\.vscode\extensions\redhat.java-1.37.0-win32-x64\jre\17.0.13-win32-x86_64\bin\verify.dll
0x00007ff90fc80000 - 0x00007ff90fcc5000 	C:\Users\denis\AppData\Roaming\Code\User\globalStorage\redhat.java\1.37.0\config_ss_win\org.eclipse.equinox.launcher\org.eclipse.equinox.launcher.win32.win32.x86_64_1.2.1100.v20240722-2106\eclipse_11904.dll
0x00007ff93bc30000 - 0x00007ff93bdd5000 	C:\Windows\System32\ole32.dll
0x00007ff9394c0000 - 0x00007ff9394db000 	C:\Windows\SYSTEM32\CRYPTSP.dll
0x00007ff938c60000 - 0x00007ff938c95000 	C:\Windows\system32\rsaenh.dll
0x00007ff939210000 - 0x00007ff939238000 	C:\Windows\SYSTEM32\USERENV.dll
0x00007ff9394a0000 - 0x00007ff9394ac000 	C:\Windows\SYSTEM32\CRYPTBASE.dll
0x00007ff938760000 - 0x00007ff93878d000 	C:\Windows\SYSTEM32\IPHLPAPI.DLL
0x00007ff93b1b0000 - 0x00007ff93b1b9000 	C:\Windows\System32\NSI.dll
0x00007ff933000000 - 0x00007ff933019000 	C:\Windows\SYSTEM32\dhcpcsvc6.DLL
0x00007ff932f40000 - 0x00007ff932f5f000 	C:\Windows\SYSTEM32\dhcpcsvc.DLL
0x00007ff9387d0000 - 0x00007ff9388d2000 	C:\Windows\SYSTEM32\DNSAPI.dll
0x00007ff90f060000 - 0x00007ff90f0a9000 	C:\Users\denis\AppData\Local\Temp\jna-95470071\jna7161130144313213637.dll
0x00007ff93aa50000 - 0x00007ff93aa58000 	C:\Windows\System32\PSAPI.DLL

dbghelp: loaded successfully - version: 4.0.5 - missing functions: none
symbol engine: initialized successfully - sym options: 0x614 - pdb path: .;c:\Users\denis\.vscode\extensions\redhat.java-1.37.0-win32-x64\jre\17.0.13-win32-x86_64\bin;C:\Windows\SYSTEM32;C:\Windows\WinSxS\amd64_microsoft.windows.common-controls_6595b64144ccf1df_6.0.22621.4541_none_2710d1c57384c085;c:\Users\denis\.vscode\extensions\redhat.java-1.37.0-win32-x64\jre\17.0.13-win32-x86_64\bin\server;C:\Users\denis\AppData\Roaming\Code\User\globalStorage\redhat.java\1.37.0\config_ss_win\org.eclipse.equinox.launcher\org.eclipse.equinox.launcher.win32.win32.x86_64_1.2.1100.v20240722-2106;C:\Users\denis\AppData\Local\Temp\jna-95470071

VM Arguments:
jvm_args: --add-modules=ALL-SYSTEM --add-opens=java.base/java.util=ALL-UNNAMED --add-opens=java.base/java.lang=ALL-UNNAMED --add-opens=java.base/sun.nio.fs=ALL-UNNAMED -Declipse.application=org.eclipse.jdt.ls.core.id1 -Dosgi.bundles.defaultStartLevel=4 -Declipse.product=org.eclipse.jdt.ls.core.product -Djava.import.generatesMetadataFilesAtProjectRoot=false -DDetectVMInstallationsJob.disabled=true -Dfile.encoding=utf8 -XX:+UseParallelGC -XX:GCTimeRatio=4 -XX:AdaptiveSizePolicyWeight=90 -Dsun.zip.disableMemoryMapping=true -Xmx1G -Xms100m -Xlog:disable -javaagent:c:\Users\denis\.vscode\extensions\redhat.java-1.37.0-win32-x64\lombok\lombok-1.18.34.jar 
java_command: c:\Users\denis\.vscode\extensions\redhat.java-1.37.0-win32-x64\server\plugins\org.eclipse.equinox.launcher_1.6.900.v20240613-2009.jar -configuration c:\Users\denis\AppData\Roaming\Code\User\globalStorage\redhat.java\1.37.0\config_ss_win -data c:\Users\denis\AppData\Roaming\Code\User\workspaceStorage\be03f7eedefe8e7533f769af1510a591\redhat.java\ss_ws --pipe=\\.\pipe\lsp-0d4455f470c76d5fb87df61b6a95cb8c-sock
java_class_path (initial): c:\Users\denis\.vscode\extensions\redhat.java-1.37.0-win32-x64\server\plugins\org.eclipse.equinox.launcher_1.6.900.v20240613-2009.jar
Launcher Type: SUN_STANDARD

[Global flags]
    uintx AdaptiveSizePolicyWeight                 = 90                                        {product} {command line}
     intx CICompilerCount                          = 4                                         {product} {ergonomic}
    uintx GCTimeRatio                              = 4                                         {product} {command line}
   size_t InitialHeapSize                          = 104857600                                 {product} {command line}
   size_t MaxHeapSize                              = 1073741824                                {product} {command line}
   size_t MaxNewSize                               = 357564416                                 {product} {ergonomic}
   size_t MinHeapDeltaBytes                        = 524288                                    {product} {ergonomic}
   size_t MinHeapSize                              = 104857600                                 {product} {command line}
   size_t NewSize                                  = 34603008                                  {product} {ergonomic}
    uintx NonNMethodCodeHeapSize                   = 5839372                                {pd product} {ergonomic}
    uintx NonProfiledCodeHeapSize                  = 122909434                              {pd product} {ergonomic}
   size_t OldSize                                  = 70254592                                  {product} {ergonomic}
    uintx ProfiledCodeHeapSize                     = 122909434                              {pd product} {ergonomic}
    uintx ReservedCodeCacheSize                    = 251658240                              {pd product} {ergonomic}
     bool SegmentedCodeCache                       = true                                      {product} {ergonomic}
   size_t SoftMaxHeapSize                          = 1073741824                             {manageable} {ergonomic}
     bool UseCompressedClassPointers               = true                           {product lp64_product} {ergonomic}
     bool UseCompressedOops                        = true                           {product lp64_product} {ergonomic}
     bool UseLargePagesIndividualAllocation        = false                                  {pd product} {ergonomic}
     bool UseParallelGC                            = true                                      {product} {command line}

Logging:
Log output configuration:
 #0: stdout all=off uptime,level,tags
 #1: stderr all=off uptime,level,tags

Environment Variables:
JAVA_HOME=D:\jdk\
PATH=C:\Program Files\Common Files\Oracle\Java\javapath;C:\ProgramData\Oracle\Java\javapath;D:\python\Scripts\;D:\python\;D:\jdk\bin;C:\Windows\system32;C:\Windows;C:\Windows\System32\Wbem;C:\Windows\System32\WindowsPowerShell\v1.0\;C:\Windows\System32\OpenSSH\;C:\Program Files\NVIDIA Corporation\NVIDIA NvDLISR;C:\Program Files (x86)\NVIDIA Corporation\PhysX\Common;D:\Git\cmd;C:\Program Files\TortoiseSVN\bin;D:\gradle\gradle-8.7\bin;D:\nodejs\;C:\Program Files\dotnet\;D:\Elixir\bin;D:\Erlang OTP\bin;C:\Users\denis\AppData\Local\Microsoft\WindowsApps;D:\Microsoft VS Code\bin;D:\gradle\gradle-8.7\bin;C:\Program Files\Java\jdk-17\bin;C:\Users\denis\AppData\Roaming\npm;D:\maven\apache-maven-3.9.9\bin;C:\Users\denis\.dotnet\tools
USERNAME=denis
OS=Windows_NT
PROCESSOR_IDENTIFIER=AMD64 Family 25 Model 33 Stepping 2, AuthenticAMD
TMP=C:\Users\denis\AppData\Local\Temp
TEMP=C:\Users\denis\AppData\Local\Temp



Periodic native trim disabled


---------------  S Y S T E M  ---------------

OS:
 Windows 11 , 64 bit Build 22621 (10.0.22621.4391)
OS uptime: 3 days 22:12 hours
Hyper-V role detected

CPU: total 12 (initial active 12) (12 cores per cpu, 2 threads per core) family 25 model 33 stepping 2 microcode 0x0, cx8, cmov, fxsr, ht, mmx, 3dnowpref, sse, sse2, sse3, ssse3, sse4a, sse4.1, sse4.2, popcnt, lzcnt, tsc, tscinvbit, avx, avx2, aes, erms, clmul, bmi1, bmi2, adx, sha, fma, vzeroupper, clflush, clflushopt, hv
Processor Information for all 12 processors :
  Max Mhz: 3701, Current Mhz: 3701, Mhz Limit: 3701

Memory: 4k page, system-wide physical 16307M (5329M free)
TotalPageFile size 30506M (AvailPageFile size 29M)
current process WorkingSet (physical memory assigned to process): 232M, peak: 259M
current process commit charge ("private bytes"): 313M, peak: 342M

vm_info: OpenJDK 64-Bit Server VM (17.0.13+11) for windows-amd64 JRE (17.0.13+11), built on Oct 16 2024 00:10:08 by "admin" with MS VC++ 17.7 (VS2022)

END.
