#
# There is insufficient memory for the Java Runtime Environment to continue.
# Native memory allocation (mmap) failed to map 65536 bytes for Failed to commit metaspace.
# Possible reasons:
#   The system is out of physical RAM or swap space
#   The process is running with CompressedOops enabled, and the Java Heap may be blocking the growth of the native heap
# Possible solutions:
#   Reduce memory load on the system
#   Increase physical memory or swap space
#   Check if swap backing store is full
#   Decrease Java heap size (-Xmx/-Xms)
#   Decrease number of Java threads
#   Decrease Java thread stack sizes (-Xss)
#   Set larger code cache with -XX:ReservedCodeCacheSize=
#   JVM is running with Unscaled Compressed Oops mode in which the Java heap is
#     placed in the first 4GB address space. The Java Heap base address is the
#     maximum limit for the native heap growth. Please use -XX:HeapBaseMinAddress
#     to set the Java Heap base and to place the Java Heap above 4GB virtual address.
# This output file may be truncated or incomplete.
#
#  Out of Memory Error (virtualSpaceNode.cpp:112), pid=11144, tid=5212
#
# JRE version: OpenJDK Runtime Environment Temurin-21.0.2+13 (21.0.2+13) (build 21.0.2+13-LTS)
# Java VM: OpenJDK 64-Bit Server VM Temurin-21.0.2+13 (21.0.2+13-LTS, mixed mode, sharing, tiered, compressed oops, compressed class ptrs, g1 gc, windows-amd64)
# No core dump will be written. Minidumps are not enabled by default on client versions of Windows
#

---------------  S U M M A R Y ------------

Command Line: -Xmx64m -Xms64m -Dorg.gradle.appname=gradlew org.gradle.wrapper.GradleWrapperMain bootRun

Host: AMD Ryzen 5 5600X 6-Core Processor             , 12 cores, 15G,  Windows 11 , 64 bit Build 22621 (10.0.22621.4391)
Time: Tue Dec 17 21:02:38 2024 RTZ 2 (s 11 , 64 bit Build 22621 (10.0.22621.4391) elapsed time: 0.129393 seconds (0d 0h 0m 0s)

---------------  T H R E A D  ---------------

Current thread (0x000001a6898bfa70):  JavaThread "main"             [_thread_in_vm, id=5212, stack(0x0000004bcba00000,0x0000004bcbb00000) (1024K)]

Stack: [0x0000004bcba00000,0x0000004bcbb00000]
Native frames: (J=compiled Java code, j=interpreted, Vv=VM code, C=native code)
V  [jvm.dll+0x6c94f9]
V  [jvm.dll+0x8a3c21]
V  [jvm.dll+0x8a614e]
V  [jvm.dll+0x8a6823]
V  [jvm.dll+0x27fa86]
V  [jvm.dll+0x89f99e]
V  [jvm.dll+0x66c365]
V  [jvm.dll+0x66c3ca]
V  [jvm.dll+0x66ebb2]
V  [jvm.dll+0x66ea82]
V  [jvm.dll+0x66cd3e]
V  [jvm.dll+0x216948]
V  [jvm.dll+0x2173e5]
V  [jvm.dll+0x20c9ae]
V  [jvm.dll+0x5aa96c]
V  [jvm.dll+0x21e03a]
V  [jvm.dll+0x81b971]
V  [jvm.dll+0x81c9a4]
V  [jvm.dll+0x81cf5d]
V  [jvm.dll+0x81cbf8]
V  [jvm.dll+0x26d25b]
V  [jvm.dll+0x3d162e]
C  0x000001a69b6da7ff

The last pc belongs to new (printed below).
Java frames: (J=compiled Java code, j=interpreted, Vv=VM code)
j  jdk.internal.logger.LazyLoggers.<clinit>()V+12 java.base@21.0.2
v  ~StubRoutines::call_stub 0x000001a69b6c100d
j  java.lang.System.getLogger(Ljava/lang/String;)Ljava/lang/System$Logger;+29 java.base@21.0.2
j  java.lang.Shutdown.logRuntimeExit(I)V+2 java.base@21.0.2
j  java.lang.Shutdown.exit(I)V+1 java.base@21.0.2
j  java.lang.Runtime.exit(I)V+14 java.base@21.0.2
j  java.lang.System.exit(I)V+4 java.base@21.0.2
j  org.gradle.launcher.bootstrap.ProcessBootstrap.run(Ljava/lang/String;Ljava/lang/String;Ljava/lang/String;[Ljava/lang/String;)V+22
j  org.gradle.launcher.GradleMain.main([Ljava/lang/String;)V+68
j  java.lang.invoke.LambdaForm$DMH+0x000001a6a8004400.invokeStatic(Ljava/lang/Object;Ljava/lang/Object;)V+10 java.base@21.0.2
j  java.lang.invoke.LambdaForm$MH+0x000001a6a8008000.invoke(Ljava/lang/Object;Ljava/lang/Object;Ljava/lang/Object;)Ljava/lang/Object;+33 java.base@21.0.2
j  java.lang.invoke.Invokers$Holder.invokeExact_MT(Ljava/lang/Object;Ljava/lang/Object;Ljava/lang/Object;Ljava/lang/Object;)Ljava/lang/Object;+20 java.base@21.0.2
j  jdk.internal.reflect.DirectMethodHandleAccessor.invokeImpl(Ljava/lang/Object;[Ljava/lang/Object;)Ljava/lang/Object;+55 java.base@21.0.2
j  jdk.internal.reflect.DirectMethodHandleAccessor.invoke(Ljava/lang/Object;[Ljava/lang/Object;)Ljava/lang/Object;+23 java.base@21.0.2
j  java.lang.reflect.Method.invoke(Ljava/lang/Object;[Ljava/lang/Object;)Ljava/lang/Object;+102 java.base@21.0.2
j  org.gradle.wrapper.GradleWrapperMain.main([Ljava/lang/String;)V+1826
v  ~StubRoutines::call_stub 0x000001a69b6c100d
new  187 new  [0x000001a69b6da680, 0x000001a69b6da888]  520 bytes
[MachCode]
  0x000001a69b6da680: 4883 ec08 | c5fa 1104 | 24eb 1f48 | 83ec 10c5 | fb11 0424 | eb14 4883 | ec10 4889 | 0424 48c7 
  0x000001a69b6da6a0: 4424 0800 | 0000 00eb | 0150 410f | b755 010f | cac1 ea10 | 488b 4de8 | 488b 4908 | 488b 4908 
  0x000001a69b6da6c0: 488b 4108 | 807c 1004 | 070f 85d3 | 0000 0066 | 8b54 d148 | 488b 4928 | 488b 4cd1 | 0851 80b9 
  0x000001a69b6da6e0: 2001 0000 | 050f 85b6 | 0000 008b | 5108 f6c2 | 010f 85aa | 0000 0049 | 8b87 b801 | 0000 488d 
  0x000001a69b6da700: 1c10 493b | 9fc8 0100 | 000f 8792 | 0000 0049 | 899f b801 | 0000 4883 | ea10 0f84 | 0f00 0000 
  0x000001a69b6da720: 33c9 c1ea | 0348 894c | d008 48ff | ca75 f648 | c700 0100 | 0000 5933 | f689 700c | 49ba 0000 
  0x000001a69b6da740: 00a7 a601 | 0000 492b | ca89 4808 | 49ba dfaa | 08de f87f | 0000 4180 | 3a00 0f84 | 3c00 0000 
  0x000001a69b6da760: 5048 8bc8 | 4883 ec20 | 40f6 c40f | 0f84 1900 | 0000 4883 | ec08 48b8 | d0f4 b2dd | f87f 0000 
  0x000001a69b6da780: ffd0 4883 | c408 e90c | 0000 0048 | b8d0 f4b2 | ddf8 7f00 | 00ff d048 | 83c4 2058 | e9cb 0000 
  0x000001a69b6da7a0: 0059 488b | 55e8 488b | 5208 488b | 5208 450f | b745 0141 | 0fc8 41c1 | e810 e805 | 0000 00e9 
  0x000001a69b6da7c0: a800 0000 | 488d 4424 | 084c 896d | c049 8bcf | c5f8 7749 | 89af a803 | 0000 4989 | 8798 0300 
  0x000001a69b6da7e0: 0048 83ec | 2040 f6c4 | 0f0f 8419 | 0000 0048 | 83ec 0848 | b8e0 157d | ddf8 7f00 | 00ff d048 
  0x000001a69b6da800: 83c4 08e9 | 0c00 0000 | 48b8 e015 | 7ddd f87f | 0000 ffd0 | 4883 c420 | 49c7 8798 | 0300 0000 
  0x000001a69b6da820: 0000 0049 | c787 a803 | 0000 0000 | 0000 49c7 | 87a0 0300 | 0000 0000 | 00c5 f877 | 4983 7f08 
  0x000001a69b6da840: 000f 8405 | 0000 00e9 | b466 feff | 498b 87f0 | 0300 0049 | c787 f003 | 0000 0000 | 0000 4c8b 
  0x000001a69b6da860: 6dc0 4c8b | 75c8 4e8d | 74f5 00c3 | 410f b65d | 0349 83c5 | 0349 baa0 | 6b0b def8 | 7f00 0041 
  0x000001a69b6da880: ff24 da0f | 1f44 0000 
[/MachCode]

---------------  P R O C E S S  ---------------

Threads class SMR info:
_java_thread_list=0x000001a6a666fc80, length=11, elements={
0x000001a6898bfa70, 0x000001a6a63ce770, 0x000001a6a63cf490, 0x000001a6a63d55d0,
0x000001a6a63d7170, 0x000001a6a63d8800, 0x000001a6a63d9260, 0x000001a6a63dc8d0,
0x000001a6a63e2150, 0x000001a6a6667a60, 0x000001a6a66728d0
}

Java Threads: ( => current thread )
=>0x000001a6898bfa70 JavaThread "main"                              [_thread_in_vm, id=5212, stack(0x0000004bcba00000,0x0000004bcbb00000) (1024K)]
  0x000001a6a63ce770 JavaThread "Reference Handler"          daemon [_thread_blocked, id=16148, stack(0x0000004bcc200000,0x0000004bcc300000) (1024K)]
  0x000001a6a63cf490 JavaThread "Finalizer"                  daemon [_thread_blocked, id=14100, stack(0x0000004bcc300000,0x0000004bcc400000) (1024K)]
  0x000001a6a63d55d0 JavaThread "Signal Dispatcher"          daemon [_thread_blocked, id=3020, stack(0x0000004bcc400000,0x0000004bcc500000) (1024K)]
  0x000001a6a63d7170 JavaThread "Attach Listener"            daemon [_thread_blocked, id=6552, stack(0x0000004bcc500000,0x0000004bcc600000) (1024K)]
  0x000001a6a63d8800 JavaThread "Service Thread"             daemon [_thread_blocked, id=16576, stack(0x0000004bcc600000,0x0000004bcc700000) (1024K)]
  0x000001a6a63d9260 JavaThread "Monitor Deflation Thread"   daemon [_thread_blocked, id=17092, stack(0x0000004bcc700000,0x0000004bcc800000) (1024K)]
  0x000001a6a63dc8d0 JavaThread "C2 CompilerThread0"         daemon [_thread_blocked, id=8676, stack(0x0000004bcc800000,0x0000004bcc900000) (1024K)]
  0x000001a6a63e2150 JavaThread "C1 CompilerThread0"         daemon [_thread_blocked, id=12444, stack(0x0000004bcc900000,0x0000004bcca00000) (1024K)]
  0x000001a6a6667a60 JavaThread "Notification Thread"        daemon [_thread_blocked, id=16244, stack(0x0000004bcca00000,0x0000004bccb00000) (1024K)]
  0x000001a6a66728d0 JavaThread "Common-Cleaner"             daemon [_thread_blocked, id=19948, stack(0x0000004bccb00000,0x0000004bccc00000) (1024K)]
Total: 11

Other Threads:
  0x000001a68bb73150 VMThread "VM Thread"                           [id=5652, stack(0x0000004bcc100000,0x0000004bcc200000) (1024K)]
  0x000001a68bb555a0 WatcherThread "VM Periodic Task Thread"        [id=16872, stack(0x0000004bcc000000,0x0000004bcc100000) (1024K)]
  0x000001a68bad7890 WorkerThread "GC Thread#0"                     [id=19992, stack(0x0000004bcbb00000,0x0000004bcbc00000) (1024K)]
  0x000001a68bad8f80 ConcurrentGCThread "G1 Main Marker"            [id=5168, stack(0x0000004bcbc00000,0x0000004bcbd00000) (1024K)]
  0x000001a68bad9b40 WorkerThread "G1 Conc#0"                       [id=3476, stack(0x0000004bcbd00000,0x0000004bcbe00000) (1024K)]
  0x000001a68bb476c0 ConcurrentGCThread "G1 Refine#0"               [id=15228, stack(0x0000004bcbe00000,0x0000004bcbf00000) (1024K)]
  0x000001a68bb48140 ConcurrentGCThread "G1 Service"                [id=13808, stack(0x0000004bcbf00000,0x0000004bcc000000) (1024K)]
Total: 7

Threads with active compile tasks:
Total: 0

VM state: not at safepoint (normal execution)

VM Mutex/Monitor currently owned by a thread:  ([mutex/lock_event])
[0x00007ff8de0a1118] Metaspace_lock - owner thread: 0x000001a6898bfa70

OutOfMemory and StackOverflow Exception counts:
OutOfMemoryError java_heap_errors=1
LinkageErrors=3

Heap address: 0x00000000fc000000, size: 64 MB, Compressed Oops mode: 32-bit

CDS archive(s) mapped at: [0x000001a6a7000000-0x000001a6a7c90000-0x000001a6a7c90000), size 13172736, SharedBaseAddress: 0x000001a6a7000000, ArchiveRelocationMode: 1.
Compressed class space mapped at: 0x000001a6a8000000-0x000001a6e8000000, reserved size: 1073741824
Narrow klass base: 0x000001a6a7000000, Narrow klass shift: 0, Narrow klass range: 0x100000000

GC Precious Log:
 CardTable entry size: 512
 Card Set container configuration: InlinePtr #cards 5 size 8 Array Of Cards #cards 12 size 40 Howl #buckets 4 coarsen threshold 1843 Howl Bitmap #cards 512 size 80 coarsen threshold 460 Card regions per heap region 1 cards per card region 2048
 CPUs: 12 total, 12 available
 Memory: 16307M
 Large Page Support: Disabled
 NUMA Support: Disabled
 Compressed Oops: Enabled (32-bit)
 Heap Region Size: 1M
 Heap Min Capacity: 64M
 Heap Initial Capacity: 64M
 Heap Max Capacity: 64M
 Pre-touch: Disabled
 Parallel Workers: 10
 Concurrent Workers: 3
 Concurrent Refinement Workers: 10
 Periodic GC: Disabled

Heap:
 garbage-first heap   total 65536K, used 7168K [0x00000000fc000000, 0x0000000100000000)
  region size 1024K, 9 young (9216K), 0 survivors (0K)
 Metaspace       used 1499K, committed 1664K, reserved 1114112K
  class space    used 149K, committed 256K, reserved 1048576K

Heap Regions: E=young(eden), S=young(survivor), O=old, HS=humongous(starts), HC=humongous(continues), CS=collection set, F=free, TAMS=top-at-mark-start, PB=parsable bottom
|   0|0x00000000fc000000, 0x00000000fc000000, 0x00000000fc100000|  0%| F|  |TAMS 0x00000000fc000000| PB 0x00000000fc000000| Untracked 
|   1|0x00000000fc100000, 0x00000000fc100000, 0x00000000fc200000|  0%| F|  |TAMS 0x00000000fc100000| PB 0x00000000fc100000| Untracked 
|   2|0x00000000fc200000, 0x00000000fc200000, 0x00000000fc300000|  0%| F|  |TAMS 0x00000000fc200000| PB 0x00000000fc200000| Untracked 
|   3|0x00000000fc300000, 0x00000000fc300000, 0x00000000fc400000|  0%| F|  |TAMS 0x00000000fc300000| PB 0x00000000fc300000| Untracked 
|   4|0x00000000fc400000, 0x00000000fc400000, 0x00000000fc500000|  0%| F|  |TAMS 0x00000000fc400000| PB 0x00000000fc400000| Untracked 
|   5|0x00000000fc500000, 0x00000000fc500000, 0x00000000fc600000|  0%| F|  |TAMS 0x00000000fc500000| PB 0x00000000fc500000| Untracked 
|   6|0x00000000fc600000, 0x00000000fc600000, 0x00000000fc700000|  0%| F|  |TAMS 0x00000000fc600000| PB 0x00000000fc600000| Untracked 
|   7|0x00000000fc700000, 0x00000000fc700000, 0x00000000fc800000|  0%| F|  |TAMS 0x00000000fc700000| PB 0x00000000fc700000| Untracked 
|   8|0x00000000fc800000, 0x00000000fc800000, 0x00000000fc900000|  0%| F|  |TAMS 0x00000000fc800000| PB 0x00000000fc800000| Untracked 
|   9|0x00000000fc900000, 0x00000000fc900000, 0x00000000fca00000|  0%| F|  |TAMS 0x00000000fc900000| PB 0x00000000fc900000| Untracked 
|  10|0x00000000fca00000, 0x00000000fca00000, 0x00000000fcb00000|  0%| F|  |TAMS 0x00000000fca00000| PB 0x00000000fca00000| Untracked 
|  11|0x00000000fcb00000, 0x00000000fcb00000, 0x00000000fcc00000|  0%| F|  |TAMS 0x00000000fcb00000| PB 0x00000000fcb00000| Untracked 
|  12|0x00000000fcc00000, 0x00000000fcc00000, 0x00000000fcd00000|  0%| F|  |TAMS 0x00000000fcc00000| PB 0x00000000fcc00000| Untracked 
|  13|0x00000000fcd00000, 0x00000000fcd00000, 0x00000000fce00000|  0%| F|  |TAMS 0x00000000fcd00000| PB 0x00000000fcd00000| Untracked 
|  14|0x00000000fce00000, 0x00000000fce00000, 0x00000000fcf00000|  0%| F|  |TAMS 0x00000000fce00000| PB 0x00000000fce00000| Untracked 
|  15|0x00000000fcf00000, 0x00000000fcf00000, 0x00000000fd000000|  0%| F|  |TAMS 0x00000000fcf00000| PB 0x00000000fcf00000| Untracked 
|  16|0x00000000fd000000, 0x00000000fd000000, 0x00000000fd100000|  0%| F|  |TAMS 0x00000000fd000000| PB 0x00000000fd000000| Untracked 
|  17|0x00000000fd100000, 0x00000000fd100000, 0x00000000fd200000|  0%| F|  |TAMS 0x00000000fd100000| PB 0x00000000fd100000| Untracked 
|  18|0x00000000fd200000, 0x00000000fd200000, 0x00000000fd300000|  0%| F|  |TAMS 0x00000000fd200000| PB 0x00000000fd200000| Untracked 
|  19|0x00000000fd300000, 0x00000000fd300000, 0x00000000fd400000|  0%| F|  |TAMS 0x00000000fd300000| PB 0x00000000fd300000| Untracked 
|  20|0x00000000fd400000, 0x00000000fd400000, 0x00000000fd500000|  0%| F|  |TAMS 0x00000000fd400000| PB 0x00000000fd400000| Untracked 
|  21|0x00000000fd500000, 0x00000000fd500000, 0x00000000fd600000|  0%| F|  |TAMS 0x00000000fd500000| PB 0x00000000fd500000| Untracked 
|  22|0x00000000fd600000, 0x00000000fd600000, 0x00000000fd700000|  0%| F|  |TAMS 0x00000000fd600000| PB 0x00000000fd600000| Untracked 
|  23|0x00000000fd700000, 0x00000000fd700000, 0x00000000fd800000|  0%| F|  |TAMS 0x00000000fd700000| PB 0x00000000fd700000| Untracked 
|  24|0x00000000fd800000, 0x00000000fd800000, 0x00000000fd900000|  0%| F|  |TAMS 0x00000000fd800000| PB 0x00000000fd800000| Untracked 
|  25|0x00000000fd900000, 0x00000000fd900000, 0x00000000fda00000|  0%| F|  |TAMS 0x00000000fd900000| PB 0x00000000fd900000| Untracked 
|  26|0x00000000fda00000, 0x00000000fda00000, 0x00000000fdb00000|  0%| F|  |TAMS 0x00000000fda00000| PB 0x00000000fda00000| Untracked 
|  27|0x00000000fdb00000, 0x00000000fdb00000, 0x00000000fdc00000|  0%| F|  |TAMS 0x00000000fdb00000| PB 0x00000000fdb00000| Untracked 
|  28|0x00000000fdc00000, 0x00000000fdc00000, 0x00000000fdd00000|  0%| F|  |TAMS 0x00000000fdc00000| PB 0x00000000fdc00000| Untracked 
|  29|0x00000000fdd00000, 0x00000000fdd00000, 0x00000000fde00000|  0%| F|  |TAMS 0x00000000fdd00000| PB 0x00000000fdd00000| Untracked 
|  30|0x00000000fde00000, 0x00000000fde00000, 0x00000000fdf00000|  0%| F|  |TAMS 0x00000000fde00000| PB 0x00000000fde00000| Untracked 
|  31|0x00000000fdf00000, 0x00000000fdf00000, 0x00000000fe000000|  0%| F|  |TAMS 0x00000000fdf00000| PB 0x00000000fdf00000| Untracked 
|  32|0x00000000fe000000, 0x00000000fe000000, 0x00000000fe100000|  0%| F|  |TAMS 0x00000000fe000000| PB 0x00000000fe000000| Untracked 
|  33|0x00000000fe100000, 0x00000000fe100000, 0x00000000fe200000|  0%| F|  |TAMS 0x00000000fe100000| PB 0x00000000fe100000| Untracked 
|  34|0x00000000fe200000, 0x00000000fe200000, 0x00000000fe300000|  0%| F|  |TAMS 0x00000000fe200000| PB 0x00000000fe200000| Untracked 
|  35|0x00000000fe300000, 0x00000000fe300000, 0x00000000fe400000|  0%| F|  |TAMS 0x00000000fe300000| PB 0x00000000fe300000| Untracked 
|  36|0x00000000fe400000, 0x00000000fe400000, 0x00000000fe500000|  0%| F|  |TAMS 0x00000000fe400000| PB 0x00000000fe400000| Untracked 
|  37|0x00000000fe500000, 0x00000000fe500000, 0x00000000fe600000|  0%| F|  |TAMS 0x00000000fe500000| PB 0x00000000fe500000| Untracked 
|  38|0x00000000fe600000, 0x00000000fe600000, 0x00000000fe700000|  0%| F|  |TAMS 0x00000000fe600000| PB 0x00000000fe600000| Untracked 
|  39|0x00000000fe700000, 0x00000000fe700000, 0x00000000fe800000|  0%| F|  |TAMS 0x00000000fe700000| PB 0x00000000fe700000| Untracked 
|  40|0x00000000fe800000, 0x00000000fe800000, 0x00000000fe900000|  0%| F|  |TAMS 0x00000000fe800000| PB 0x00000000fe800000| Untracked 
|  41|0x00000000fe900000, 0x00000000fe900000, 0x00000000fea00000|  0%| F|  |TAMS 0x00000000fe900000| PB 0x00000000fe900000| Untracked 
|  42|0x00000000fea00000, 0x00000000fea00000, 0x00000000feb00000|  0%| F|  |TAMS 0x00000000fea00000| PB 0x00000000fea00000| Untracked 
|  43|0x00000000feb00000, 0x00000000feb00000, 0x00000000fec00000|  0%| F|  |TAMS 0x00000000feb00000| PB 0x00000000feb00000| Untracked 
|  44|0x00000000fec00000, 0x00000000fec00000, 0x00000000fed00000|  0%| F|  |TAMS 0x00000000fec00000| PB 0x00000000fec00000| Untracked 
|  45|0x00000000fed00000, 0x00000000fed00000, 0x00000000fee00000|  0%| F|  |TAMS 0x00000000fed00000| PB 0x00000000fed00000| Untracked 
|  46|0x00000000fee00000, 0x00000000fee00000, 0x00000000fef00000|  0%| F|  |TAMS 0x00000000fee00000| PB 0x00000000fee00000| Untracked 
|  47|0x00000000fef00000, 0x00000000fef00000, 0x00000000ff000000|  0%| F|  |TAMS 0x00000000fef00000| PB 0x00000000fef00000| Untracked 
|  48|0x00000000ff000000, 0x00000000ff000000, 0x00000000ff100000|  0%| F|  |TAMS 0x00000000ff000000| PB 0x00000000ff000000| Untracked 
|  49|0x00000000ff100000, 0x00000000ff100000, 0x00000000ff200000|  0%| F|  |TAMS 0x00000000ff100000| PB 0x00000000ff100000| Untracked 
|  50|0x00000000ff200000, 0x00000000ff200000, 0x00000000ff300000|  0%| F|  |TAMS 0x00000000ff200000| PB 0x00000000ff200000| Untracked 
|  51|0x00000000ff300000, 0x00000000ff300000, 0x00000000ff400000|  0%| F|  |TAMS 0x00000000ff300000| PB 0x00000000ff300000| Untracked 
|  52|0x00000000ff400000, 0x00000000ff400000, 0x00000000ff500000|  0%| F|  |TAMS 0x00000000ff400000| PB 0x00000000ff400000| Untracked 
|  53|0x00000000ff500000, 0x00000000ff500000, 0x00000000ff600000|  0%| F|  |TAMS 0x00000000ff500000| PB 0x00000000ff500000| Untracked 
|  54|0x00000000ff600000, 0x00000000ff600000, 0x00000000ff700000|  0%| F|  |TAMS 0x00000000ff600000| PB 0x00000000ff600000| Untracked 
|  55|0x00000000ff700000, 0x00000000ff745c98, 0x00000000ff800000| 27%| E|  |TAMS 0x00000000ff700000| PB 0x00000000ff700000| Complete 
|  56|0x00000000ff800000, 0x00000000ff8ec198, 0x00000000ff900000| 92%| E|  |TAMS 0x00000000ff800000| PB 0x00000000ff800000| Complete 
|  57|0x00000000ff900000, 0x00000000ffa00000, 0x00000000ffa00000|100%| E|CS|TAMS 0x00000000ff900000| PB 0x00000000ff900000| Complete 
|  58|0x00000000ffa00000, 0x00000000ffb00000, 0x00000000ffb00000|100%| E|CS|TAMS 0x00000000ffa00000| PB 0x00000000ffa00000| Complete 
|  59|0x00000000ffb00000, 0x00000000ffc00000, 0x00000000ffc00000|100%| E|CS|TAMS 0x00000000ffb00000| PB 0x00000000ffb00000| Complete 
|  60|0x00000000ffc00000, 0x00000000ffd00000, 0x00000000ffd00000|100%| E|CS|TAMS 0x00000000ffc00000| PB 0x00000000ffc00000| Complete 
|  61|0x00000000ffd00000, 0x00000000ffe00000, 0x00000000ffe00000|100%| E|CS|TAMS 0x00000000ffd00000| PB 0x00000000ffd00000| Complete 
|  62|0x00000000ffe00000, 0x00000000fff00000, 0x00000000fff00000|100%| E|CS|TAMS 0x00000000ffe00000| PB 0x00000000ffe00000| Complete 
|  63|0x00000000fff00000, 0x0000000100000000, 0x0000000100000000|100%| E|CS|TAMS 0x00000000fff00000| PB 0x00000000fff00000| Complete 

Card table byte_map: [0x000001a68b9e0000,0x000001a68ba00000] _byte_map_base: 0x000001a68b200000

Marking Bits: (CMBitMap*) 0x000001a68bad7ea0
 Bits: [0x000001a6a36e0000, 0x000001a6a37e0000)

Polling page: 0x000001a689a30000

Metaspace:

Usage:
  Non-class:      1.32 MB used.
      Class:    149.46 KB used.
       Both:      1.46 MB used.

Virtual space:
  Non-class space:       64.00 MB reserved,       1.38 MB (  2%) committed,  1 nodes.
      Class space:        1.00 GB reserved,     256.00 KB ( <1%) committed,  1 nodes.
             Both:        1.06 GB reserved,       1.62 MB ( <1%) committed. 

Chunk freelists:
   Non-Class:  11.72 MB
       Class:  15.69 MB
        Both:  27.41 MB

MaxMetaspaceSize: unlimited
CompressedClassSpaceSize: 1.00 GB
Initial GC threshold: 21.00 MB
Current GC threshold: 21.00 MB
CDS: on
 - commit_granule_bytes: 65536.
 - commit_granule_words: 8192.
 - virtual_space_node_default_size: 8388608.
 - enlarge_chunks_in_place: 1.
 - use_allocation_guard: 0.


Internal statistics:

num_allocs_failed_limit: 0.
num_arena_births: 24.
num_arena_deaths: 0.
num_vsnodes_births: 2.
num_vsnodes_deaths: 0.
num_space_committed: 26.
num_space_uncommitted: 0.
num_chunks_returned_to_freelist: 0.
num_chunks_taken_from_freelist: 51.
num_chunk_merges: 0.
num_chunk_splits: 26.
num_chunks_enlarged: 20.
num_inconsistent_stats: 0.

CodeHeap 'non-profiled nmethods': size=120000Kb used=132Kb max_used=132Kb free=119868Kb
 bounds [0x000001a69bc60000, 0x000001a69bed0000, 0x000001a6a3190000]
CodeHeap 'profiled nmethods': size=120000Kb used=637Kb max_used=637Kb free=119362Kb
 bounds [0x000001a694190000, 0x000001a694400000, 0x000001a69b6c0000]
CodeHeap 'non-nmethods': size=5760Kb used=1306Kb max_used=1321Kb free=4453Kb
 bounds [0x000001a69b6c0000, 0x000001a69b930000, 0x000001a69bc60000]
 total_blobs=856 nmethods=435 adapters=326
 compilation: enabled
              stopped_count=0, restarted_count=0
 full_count=0

Compilation events (20 events):
Event: 0.127 Thread 0x000001a6a63e2150  426       3       java.util.Collections$UnmodifiableCollection$1::next (10 bytes)
Event: 0.127 Thread 0x000001a6a63e2150 nmethod 426 0x000001a69422e310 code [0x000001a69422e4c0, 0x000001a69422e698]
Event: 0.127 Thread 0x000001a6a63e2150  429       3       sun.nio.cs.SingleByte$Encoder::encode (32 bytes)
Event: 0.127 Thread 0x000001a6a63e2150 nmethod 429 0x000001a69422e790 code [0x000001a69422e940, 0x000001a69422eb20]
Event: 0.127 Thread 0x000001a6a63e2150  428       1       java.lang.Class::getModule (5 bytes)
Event: 0.127 Thread 0x000001a6a63e2150 nmethod 428 0x000001a69bc7e210 code [0x000001a69bc7e3a0, 0x000001a69bc7e468]
Event: 0.127 Thread 0x000001a6a63e2150  430       1       java.util.concurrent.locks.AbstractOwnableSynchronizer::setExclusiveOwnerThread (6 bytes)
Event: 0.127 Thread 0x000001a6a63e2150 nmethod 430 0x000001a69bc7e510 code [0x000001a69bc7e6a0, 0x000001a69bc7e7b0]
Event: 0.127 Thread 0x000001a6a63e2150  431       1       java.util.concurrent.locks.AbstractQueuedSynchronizer::getState (5 bytes)
Event: 0.127 Thread 0x000001a6a63e2150 nmethod 431 0x000001a69bc7e810 code [0x000001a69bc7e9a0, 0x000001a69bc7ea68]
Event: 0.127 Thread 0x000001a6a63e2150  432       1       java.util.concurrent.locks.AbstractOwnableSynchronizer::getExclusiveOwnerThread (5 bytes)
Event: 0.127 Thread 0x000001a6a63e2150 nmethod 432 0x000001a69bc7eb10 code [0x000001a69bc7eca0, 0x000001a69bc7ed68]
Event: 0.127 Thread 0x000001a6a63e2150  433       1       java.util.concurrent.locks.AbstractQueuedSynchronizer::setState (6 bytes)
Event: 0.127 Thread 0x000001a6a63e2150 nmethod 433 0x000001a69bc7ee10 code [0x000001a69bc7efa0, 0x000001a69bc7f070]
Event: 0.127 Thread 0x000001a6a63dc8d0 nmethod 417 0x000001a69bc7f110 code [0x000001a69bc7f2e0, 0x000001a69bc7f880]
Event: 0.127 Thread 0x000001a6a63dc8d0  420       4       java.util.regex.Matcher::match (154 bytes)
Event: 0.128 Thread 0x000001a6a63e2150  434       3       java.util.concurrent.locks.ReentrantLock$NonfairSync::initialTryLock (58 bytes)
Event: 0.128 Thread 0x000001a6a63e2150 nmethod 434 0x000001a69422ec90 code [0x000001a69422ee80, 0x000001a69422f270]
Event: 0.128 Thread 0x000001a6a63e2150  435       3       java.util.concurrent.locks.AbstractQueuedSynchronizer::compareAndSetState (13 bytes)
Event: 0.128 Thread 0x000001a6a63e2150 nmethod 435 0x000001a69422f390 code [0x000001a69422f520, 0x000001a69422f648]

GC Heap History (0 events):
No events

Dll operation events (6 events):
Event: 0.003 Loaded shared library D:\jdk\bin\java.dll
Event: 0.020 Loaded shared library D:\jdk\bin\jsvml.dll
Event: 0.029 Loaded shared library D:\jdk\bin\net.dll
Event: 0.029 Loaded shared library D:\jdk\bin\nio.dll
Event: 0.031 Loaded shared library D:\jdk\bin\zip.dll
Event: 0.032 Loaded shared library D:\jdk\bin\verify.dll

Deoptimization events (20 events):
Event: 0.110 Thread 0x000001a6898bfa70 DEOPT PACKING pc=0x000001a6941fa449 sp=0x0000004bcbafe930
Event: 0.110 Thread 0x000001a6898bfa70 DEOPT UNPACKING pc=0x000001a69b714e42 sp=0x0000004bcbafdda8 mode 0
Event: 0.111 Thread 0x000001a6898bfa70 DEOPT PACKING pc=0x000001a6941fa449 sp=0x0000004bcbafe930
Event: 0.111 Thread 0x000001a6898bfa70 DEOPT UNPACKING pc=0x000001a69b714e42 sp=0x0000004bcbafdda8 mode 0
Event: 0.111 Thread 0x000001a6898bfa70 DEOPT PACKING pc=0x000001a6941fa449 sp=0x0000004bcbafe930
Event: 0.111 Thread 0x000001a6898bfa70 DEOPT UNPACKING pc=0x000001a69b714e42 sp=0x0000004bcbafdda8 mode 0
Event: 0.122 Thread 0x000001a6898bfa70 DEOPT PACKING pc=0x000001a6941f719a sp=0x0000004bcbafe910
Event: 0.122 Thread 0x000001a6898bfa70 DEOPT UNPACKING pc=0x000001a69b714e42 sp=0x0000004bcbafddd0 mode 0
Event: 0.122 Thread 0x000001a6898bfa70 DEOPT PACKING pc=0x000001a6941f719a sp=0x0000004bcbafe910
Event: 0.122 Thread 0x000001a6898bfa70 DEOPT UNPACKING pc=0x000001a69b714e42 sp=0x0000004bcbafddd0 mode 0
Event: 0.123 Thread 0x000001a6898bfa70 Uncommon trap: trap_request=0xffffff45 fr.pc=0x000001a69bc6edc8 relative=0x00000000000000a8
Event: 0.123 Thread 0x000001a6898bfa70 Uncommon trap: reason=unstable_if action=reinterpret pc=0x000001a69bc6edc8 method=java.util.regex.Pattern.append(II)V @ 9 c2
Event: 0.123 Thread 0x000001a6898bfa70 DEOPT PACKING pc=0x000001a69bc6edc8 sp=0x0000004bcbafe8c0
Event: 0.123 Thread 0x000001a6898bfa70 DEOPT UNPACKING pc=0x000001a69b7146a2 sp=0x0000004bcbafe850 mode 2
Event: 0.124 Thread 0x000001a6898bfa70 DEOPT PACKING pc=0x000001a6941f719a sp=0x0000004bcbafea30
Event: 0.124 Thread 0x000001a6898bfa70 DEOPT UNPACKING pc=0x000001a69b714e42 sp=0x0000004bcbafdef0 mode 0
Event: 0.124 Thread 0x000001a6898bfa70 DEOPT PACKING pc=0x000001a6941f719a sp=0x0000004bcbafe9b0
Event: 0.124 Thread 0x000001a6898bfa70 DEOPT UNPACKING pc=0x000001a69b714e42 sp=0x0000004bcbafde70 mode 0
Event: 0.124 Thread 0x000001a6898bfa70 DEOPT PACKING pc=0x000001a6941f719a sp=0x0000004bcbafe910
Event: 0.124 Thread 0x000001a6898bfa70 DEOPT UNPACKING pc=0x000001a69b714e42 sp=0x0000004bcbafddd0 mode 0

Classes loaded (20 events):
Event: 0.086 Loading class java/net/MalformedURLException done
Event: 0.086 Loading class java/io/FileFilter
Event: 0.086 Loading class java/io/FileFilter done
Event: 0.096 Loading class java/lang/IndexOutOfBoundsException
Event: 0.096 Loading class java/lang/IndexOutOfBoundsException done
Event: 0.097 Loading class java/util/AbstractList$Itr
Event: 0.097 Loading class java/util/AbstractList$Itr done
Event: 0.105 Loading class java/lang/invoke/DirectMethodHandle$Special
Event: 0.105 Loading class java/lang/invoke/DirectMethodHandle$Special done
Event: 0.126 Loading class java/util/zip/DataFormatException
Event: 0.126 Loading class java/util/zip/DataFormatException done
Event: 0.126 Loading class java/lang/Throwable$WrappedPrintStream
Event: 0.126 Loading class java/lang/Throwable$PrintStreamOrWriter
Event: 0.126 Loading class java/lang/Throwable$PrintStreamOrWriter done
Event: 0.126 Loading class java/lang/Throwable$WrappedPrintStream done
Event: 0.126 Loading class java/lang/StackTraceElement$HashedModules
Event: 0.126 Loading class java/lang/StackTraceElement$HashedModules done
Event: 0.128 Loading class jdk/internal/logger/LazyLoggers
Event: 0.128 Loading class jdk/internal/logger/LazyLoggers done
Event: 0.128 Loading class jdk/internal/logger/LazyLoggers$1

Classes unloaded (0 events):
No events

Classes redefined (0 events):
No events

Internal exceptions (4 events):
Event: 0.077 Thread 0x000001a6898bfa70 Exception <a 'java/lang/NoSuchMethodError'{0x00000000ffc0c198}: 'void java.lang.invoke.DirectMethodHandle$Holder.invokeStatic(java.lang.Object, java.lang.Object)'> (0x00000000ffc0c198) 
thrown [s\src\hotspot\share\interpreter\linkResolver.cpp, line 773]
Event: 0.078 Thread 0x000001a6898bfa70 Exception <a 'java/lang/NoSuchMethodError'{0x00000000ffc0fd18}: 'void java.lang.invoke.DirectMethodHandle$Holder.invokeSpecial(java.lang.Object, java.lang.Object, java.lang.Object)'> (0x00000000ffc0fd18) 
thrown [s\src\hotspot\share\interpreter\linkResolver.cpp, line 773]
Event: 0.084 Thread 0x000001a6898bfa70 Exception <a 'java/lang/NoSuchMethodError'{0x00000000ffc629f8}: 'int java.lang.invoke.DirectMethodHandle$Holder.invokeStaticInit(java.lang.Object, java.lang.Object)'> (0x00000000ffc629f8) 
thrown [s\src\hotspot\share\interpreter\linkResolver.cpp, line 773]
Event: 0.126 Thread 0x000001a6898bfa70 Exception <a 'java/lang/OutOfMemoryError'{0x00000000ff8c43c8}> (0x00000000ff8c43c8) 
thrown [s\src\hotspot\share\prims\jni.cpp, line 539]

ZGC Phase Switch (0 events):
No events

VM Operations (2 events):
Event: 0.031 Executing VM operation: HandshakeAllThreads (Deoptimize)
Event: 0.031 Executing VM operation: HandshakeAllThreads (Deoptimize) done

Events (11 events):
Event: 0.011 Thread 0x000001a6898bfa70 Thread added: 0x000001a6898bfa70
Event: 0.019 Thread 0x000001a6a63ce770 Thread added: 0x000001a6a63ce770
Event: 0.019 Thread 0x000001a6a63cf490 Thread added: 0x000001a6a63cf490
Event: 0.019 Thread 0x000001a6a63d55d0 Thread added: 0x000001a6a63d55d0
Event: 0.019 Thread 0x000001a6a63d7170 Thread added: 0x000001a6a63d7170
Event: 0.019 Thread 0x000001a6a63d8800 Thread added: 0x000001a6a63d8800
Event: 0.019 Thread 0x000001a6a63d9260 Thread added: 0x000001a6a63d9260
Event: 0.019 Thread 0x000001a6a63dc8d0 Thread added: 0x000001a6a63dc8d0
Event: 0.019 Thread 0x000001a6a63e2150 Thread added: 0x000001a6a63e2150
Event: 0.026 Thread 0x000001a6a6667a60 Thread added: 0x000001a6a6667a60
Event: 0.027 Thread 0x000001a6a66728d0 Thread added: 0x000001a6a66728d0


Dynamic libraries:
0x00007ff79ff90000 - 0x00007ff79ff9e000 	D:\jdk\bin\java.exe
0x00007ff93ca30000 - 0x00007ff93cc47000 	C:\Windows\SYSTEM32\ntdll.dll
0x00007ff93a7b0000 - 0x00007ff93a874000 	C:\Windows\System32\KERNEL32.DLL
0x00007ff93a160000 - 0x00007ff93a51a000 	C:\Windows\System32\KERNELBASE.dll
0x00007ff93a520000 - 0x00007ff93a631000 	C:\Windows\System32\ucrtbase.dll
0x00007ff9352b0000 - 0x00007ff9352c8000 	D:\jdk\bin\jli.dll
0x00007ff9155d0000 - 0x00007ff9155eb000 	D:\jdk\bin\VCRUNTIME140.dll
0x00007ff93a880000 - 0x00007ff93aa2e000 	C:\Windows\System32\USER32.dll
0x00007ff924e30000 - 0x00007ff9250c2000 	C:\Windows\WinSxS\amd64_microsoft.windows.common-controls_6595b64144ccf1df_6.0.22621.4541_none_2710d1c57384c085\COMCTL32.dll
0x00007ff93a640000 - 0x00007ff93a666000 	C:\Windows\System32\win32u.dll
0x00007ff93ae70000 - 0x00007ff93af17000 	C:\Windows\System32\msvcrt.dll
0x00007ff93bdf0000 - 0x00007ff93be19000 	C:\Windows\System32\GDI32.dll
0x00007ff939f20000 - 0x00007ff93a03b000 	C:\Windows\System32\gdi32full.dll
0x00007ff93a040000 - 0x00007ff93a0da000 	C:\Windows\System32\msvcp_win.dll
0x00007ff93c510000 - 0x00007ff93c541000 	C:\Windows\System32\IMM32.DLL
0x00007ff9368c0000 - 0x00007ff9368cc000 	D:\jdk\bin\vcruntime140_1.dll
0x00007ff9019c0000 - 0x00007ff901a4e000 	D:\jdk\bin\msvcp140.dll
0x00007ff8dd400000 - 0x00007ff8de183000 	D:\jdk\bin\server\jvm.dll
0x00007ff93af20000 - 0x00007ff93afd2000 	C:\Windows\System32\ADVAPI32.dll
0x00007ff93be20000 - 0x00007ff93bec7000 	C:\Windows\System32\sechost.dll
0x00007ff939d00000 - 0x00007ff939d28000 	C:\Windows\System32\bcrypt.dll
0x00007ff93aa60000 - 0x00007ff93ab74000 	C:\Windows\System32\RPCRT4.dll
0x00007ff93c100000 - 0x00007ff93c171000 	C:\Windows\System32\WS2_32.dll
0x00007ff939a20000 - 0x00007ff939a6d000 	C:\Windows\SYSTEM32\POWRPROF.dll
0x00007ff934340000 - 0x00007ff934374000 	C:\Windows\SYSTEM32\WINMM.dll
0x00007ff9351d0000 - 0x00007ff9351da000 	C:\Windows\SYSTEM32\VERSION.dll
0x00007ff939a00000 - 0x00007ff939a13000 	C:\Windows\SYSTEM32\UMPDC.dll
0x00007ff938d00000 - 0x00007ff938d18000 	C:\Windows\SYSTEM32\kernel.appcore.dll
0x00007ff932de0000 - 0x00007ff932dea000 	D:\jdk\bin\jimage.dll
0x00007ff937690000 - 0x00007ff9378c2000 	C:\Windows\SYSTEM32\DBGHELP.DLL
0x00007ff93c180000 - 0x00007ff93c50f000 	C:\Windows\System32\combase.dll
0x00007ff93ac80000 - 0x00007ff93ad57000 	C:\Windows\System32\OLEAUT32.dll
0x00007ff922fc0000 - 0x00007ff922ff2000 	C:\Windows\SYSTEM32\dbgcore.DLL
0x00007ff939d30000 - 0x00007ff939dab000 	C:\Windows\System32\bcryptPrimitives.dll
0x00007ff914f20000 - 0x00007ff914f3f000 	D:\jdk\bin\java.dll
0x00007ff93b3b0000 - 0x00007ff93bc28000 	C:\Windows\System32\SHELL32.dll
0x00007ff937bf0000 - 0x00007ff9384f8000 	C:\Windows\SYSTEM32\windows.storage.dll
0x00007ff937a80000 - 0x00007ff937bbf000 	C:\Windows\SYSTEM32\wintypes.dll
0x00007ff93b1d0000 - 0x00007ff93b2ca000 	C:\Windows\System32\SHCORE.dll
0x00007ff93ad60000 - 0x00007ff93adbe000 	C:\Windows\System32\shlwapi.dll
0x00007ff939c30000 - 0x00007ff939c5b000 	C:\Windows\SYSTEM32\profapi.dll
0x00007ff8fedf0000 - 0x00007ff8feec7000 	D:\jdk\bin\jsvml.dll
0x00007ff922f70000 - 0x00007ff922f80000 	D:\jdk\bin\net.dll
0x00007ff9341b0000 - 0x00007ff9342e6000 	C:\Windows\SYSTEM32\WINHTTP.dll
0x00007ff939170000 - 0x00007ff9391d9000 	C:\Windows\system32\mswsock.dll
0x00007ff912950000 - 0x00007ff912966000 	D:\jdk\bin\nio.dll
0x00007ff914f00000 - 0x00007ff914f18000 	D:\jdk\bin\zip.dll
0x00007ff922eb0000 - 0x00007ff922ec0000 	D:\jdk\bin\verify.dll

dbghelp: loaded successfully - version: 4.0.5 - missing functions: none
symbol engine: initialized successfully - sym options: 0x614 - pdb path: .;D:\jdk\bin;C:\Windows\SYSTEM32;C:\Windows\WinSxS\amd64_microsoft.windows.common-controls_6595b64144ccf1df_6.0.22621.4541_none_2710d1c57384c085;D:\jdk\bin\server

VM Arguments:
jvm_args: -Xmx64m -Xms64m -Dorg.gradle.appname=gradlew 
java_command: org.gradle.wrapper.GradleWrapperMain bootRun
java_class_path (initial): C:/Users/denis/Documents/is-lab1/back/gradle/wrapper/gradle-wrapper.jar
Launcher Type: SUN_STANDARD

[Global flags]
     intx CICompilerCount                          = 4                                         {product} {ergonomic}
     uint ConcGCThreads                            = 3                                         {product} {ergonomic}
     uint G1ConcRefinementThreads                  = 10                                        {product} {ergonomic}
   size_t G1HeapRegionSize                         = 1048576                                   {product} {ergonomic}
    uintx GCDrainStackTargetSize                   = 64                                        {product} {ergonomic}
   size_t InitialHeapSize                          = 67108864                                  {product} {command line}
   size_t MarkStackSize                            = 4194304                                   {product} {ergonomic}
   size_t MaxHeapSize                              = 67108864                                  {product} {command line}
   size_t MaxNewSize                               = 39845888                                  {product} {ergonomic}
   size_t MinHeapDeltaBytes                        = 1048576                                   {product} {ergonomic}
   size_t MinHeapSize                              = 67108864                                  {product} {command line}
    uintx NonNMethodCodeHeapSize                   = 5839372                                {pd product} {ergonomic}
    uintx NonProfiledCodeHeapSize                  = 122909434                              {pd product} {ergonomic}
    uintx ProfiledCodeHeapSize                     = 122909434                              {pd product} {ergonomic}
    uintx ReservedCodeCacheSize                    = 251658240                              {pd product} {ergonomic}
     bool SegmentedCodeCache                       = true                                      {product} {ergonomic}
   size_t SoftMaxHeapSize                          = 67108864                               {manageable} {ergonomic}
     bool UseCompressedOops                        = true                           {product lp64_product} {ergonomic}
     bool UseG1GC                                  = true                                      {product} {ergonomic}
     bool UseLargePagesIndividualAllocation        = false                                  {pd product} {ergonomic}

Logging:
Log output configuration:
 #0: stdout all=warning uptime,level,tags foldmultilines=false
 #1: stderr all=off uptime,level,tags foldmultilines=false

Environment Variables:
JAVA_HOME=D:\jdk\
PATH=C:\Users\denis\bin;D:\Git\mingw64\bin;D:\Git\usr\local\bin;D:\Git\usr\bin;D:\Git\usr\bin;D:\Git\mingw64\bin;D:\Git\usr\bin;C:\Users\denis\bin;C:\Program Files\Common Files\Oracle\Java\javapath;C:\ProgramData\Oracle\Java\javapath;D:\python\Scripts;D:\python;D:\jdk\bin;C:\Windows\system32;C:\Windows;C:\Windows\System32\Wbem;C:\Windows\System32\WindowsPowerShell\v1.0;C:\Windows\System32\OpenSSH;C:\Program Files\NVIDIA Corporation\NVIDIA NvDLISR;C:\Program Files (x86)\NVIDIA Corporation\PhysX\Common;D:\Git\cmd;C:\Program Files\TortoiseSVN\bin;D:\gradle\gradle-8.7\bin;D:\nodejs;C:\Program Files\dotnet;D:\Elixir\bin;D:\Erlang OTP\bin;C:\Users\denis\AppData\Local\Microsoft\WindowsApps;D:\Microsoft VS Code\bin;D:\gradle\gradle-8.7\bin;C:\Program Files\Java\jdk-17\bin;C:\Users\denis\AppData\Roaming\npm;D:\maven\apache-maven-3.9.9\bin;C:\Users\denis\.dotnet\tools;D:\Git\usr\bin\vendor_perl;D:\Git\usr\bin\core_perl
USERNAME=denis
SHELL=D:\Git\usr\bin\bash.exe
DISPLAY=needs-to-be-defined
LANG=en_US.UTF-8
TERM=xterm-256color
TMPDIR=C:\Users\denis\AppData\Local\Temp
OS=Windows_NT
PROCESSOR_IDENTIFIER=AMD64 Family 25 Model 33 Stepping 2, AuthenticAMD
TMP=C:\Users\denis\AppData\Local\Temp
TEMP=C:\Users\denis\AppData\Local\Temp




Periodic native trim disabled

---------------  S Y S T E M  ---------------

OS:
 Windows 11 , 64 bit Build 22621 (10.0.22621.4391)
OS uptime: 3 days 22:15 hours
Hyper-V role detected

CPU: total 12 (initial active 12) (12 cores per cpu, 2 threads per core) family 25 model 33 stepping 2 microcode 0x0, cx8, cmov, fxsr, ht, mmx, 3dnowpref, sse, sse2, sse3, ssse3, sse4a, sse4.1, sse4.2, popcnt, lzcnt, tsc, tscinvbit, avx, avx2, aes, erms, clmul, bmi1, bmi2, adx, sha, fma, vzeroupper, clflush, clflushopt, hv, rdtscp, rdpid, fsrm, f16c, cet_ss
Processor Information for all 12 processors :
  Max Mhz: 3701, Current Mhz: 3701, Mhz Limit: 3701

Memory: 4k page, system-wide physical 16307M (4990M free)
TotalPageFile size 30506M (AvailPageFile size 0M)
current process WorkingSet (physical memory assigned to process): 46M, peak: 46M
current process commit charge ("private bytes"): 149M, peak: 149M

vm_info: OpenJDK 64-Bit Server VM (21.0.2+13-LTS) for windows-amd64 JRE (21.0.2+13-LTS), built on 2024-01-16T00:00:00Z by "admin" with unknown MS VC++:1937

END.
